#
# There is insufficient memory for the Java Runtime Environment to continue.
# Native memory allocation (malloc) failed to allocate 1295216 bytes. Error detail: Chunk::new
# Possible reasons:
#   The system is out of physical RAM or swap space
#   This process is running with CompressedOops enabled, and the Java Heap may be blocking the growth of the native heap
# Possible solutions:
#   Reduce memory load on the system
#   Increase physical memory or swap space
#   Check if swap backing store is full
#   Decrease Java heap size (-Xmx/-Xms)
#   Decrease number of Java threads
#   Decrease Java thread stack sizes (-Xss)
#   Set larger code cache with -XX:ReservedCodeCacheSize=
#   JVM is running with Unscaled Compressed Oops mode in which the Java heap is
#     placed in the first 4GB address space. The Java Heap base address is the
#     maximum limit for the native heap growth. Please use -XX:HeapBaseMinAddress
#     to set the Java Heap base and to place the Java Heap above 4GB virtual address.
# This output file may be truncated or incomplete.
#
#  Out of Memory Error (arena.cpp:168), pid=44892, tid=41368
#
# JRE version: OpenJDK Runtime Environment Temurin-21.0.9+10 (21.0.9+10) (build 21.0.9+10-LTS)
# Java VM: OpenJDK 64-Bit Server VM Temurin-21.0.9+10 (21.0.9+10-LTS, mixed mode, sharing, tiered, compressed oops, compressed class ptrs, parallel gc, windows-amd64)
# No core dump will be written. Minidumps are not enabled by default on client versions of Windows
#

---------------  S U M M A R Y ------------

Command Line: --add-modules=ALL-SYSTEM --add-opens=java.base/java.util=ALL-UNNAMED --add-opens=java.base/java.lang=ALL-UNNAMED --add-opens=java.base/sun.nio.fs=ALL-UNNAMED -Declipse.application=org.eclipse.jdt.ls.core.id1 -Dosgi.bundles.defaultStartLevel=4 -Declipse.product=org.eclipse.jdt.ls.core.product -Djava.import.generatesMetadataFilesAtProjectRoot=false -DDetectVMInstallationsJob.disabled=true -Dfile.encoding=utf8 -XX:+UseParallelGC -XX:GCTimeRatio=4 -XX:AdaptiveSizePolicyWeight=90 -Dsun.zip.disableMemoryMapping=true -Xmx2G -Xms100m -Xlog:disable -javaagent:c:\Users\akumar29\.vscode\extensions\redhat.java-1.52.0-win32-x64\lombok\lombok-1.18.39-4050.jar -XX:+HeapDumpOnOutOfMemoryError -XX:HeapDumpPath=c:\Users\akumar29\AppData\Roaming\Code\User\workspaceStorage\6650025321ff11406e602522cd7e5464\redhat.java -Daether.dependencyCollector.impl=bf c:\Users\akumar29\.vscode\extensions\redhat.java-1.52.0-win32-x64\server\plugins\org.eclipse.equinox.launcher_1.7.100.v20251111-0406.jar -configuration c:\Users\akumar29\AppData\Roaming\Code\User\globalStorage\redhat.java\1.52.0\config_win -data c:\Users\akumar29\AppData\Roaming\Code\User\workspaceStorage\6650025321ff11406e602522cd7e5464\redhat.java\jdt_ws --pipe=\\.\pipe\lsp-7639d68e9684e35a04182db0832fd98e-sock

Host: Intel(R) Core(TM) Ultra 7 165H, 22 cores, 15G,  Windows 11 , 64 bit Build 26100 (10.0.26100.7705)
Time: Wed Feb 25 09:45:17 2026 India Standard Time elapsed time: 20.060626 seconds (0d 0h 0m 20s)

---------------  T H R E A D  ---------------

Current thread (0x00000235773e2600):  JavaThread "C2 CompilerThread2" daemon [_thread_in_native, id=41368, stack(0x0000006d94d00000,0x0000006d94e00000) (1024K)]


Current CompileTask:
C2:20060 11913       4       org.lombokweb.asm.ClassReader::readMethod (1070 bytes)

Stack: [0x0000006d94d00000,0x0000006d94e00000]
Native frames: (J=compiled Java code, j=interpreted, Vv=VM code, C=native code)
V  [jvm.dll+0x6d6e29]
V  [jvm.dll+0x8b4b76]
V  [jvm.dll+0x8b712e]
V  [jvm.dll+0x8b7813]
V  [jvm.dll+0x283d86]
V  [jvm.dll+0xc66ed]
V  [jvm.dll+0xc6c31]
V  [jvm.dll+0x3be501]
V  [jvm.dll+0x1e3b52]
V  [jvm.dll+0x24c0f3]
V  [jvm.dll+0x24b580]
V  [jvm.dll+0x1cb13e]
V  [jvm.dll+0x25b29d]
V  [jvm.dll+0x25982a]
V  [jvm.dll+0x3f7ea6]
V  [jvm.dll+0x85e9ad]
V  [jvm.dll+0x6d565d]
C  [ucrtbase.dll+0x37b0]
C  [KERNEL32.DLL+0x2e8d7]
C  [ntdll.dll+0x8c40c]


---------------  P R O C E S S  ---------------

Threads class SMR info:
_java_thread_list=0x000002357a3c7b60, length=99, elements={
0x0000023558052d00, 0x00000235580f3f70, 0x00000235580f57b0, 0x00000235580ff330,
0x00000235580fff80, 0x00000235581039d0, 0x0000023558108810, 0x000002356fe29fe0,
0x000002356fe2f060, 0x00000235700d4720, 0x00000235720b0060, 0x000002357761d3e0,
0x000002357278b010, 0x0000023577040f50, 0x0000023577041980, 0x0000023577b6f440,
0x00000235779a3500, 0x0000023577d75070, 0x0000023577d7b360, 0x0000023577d138d0,
0x0000023570100e90, 0x0000023577d13240, 0x0000023577d11170, 0x0000023577d13f60,
0x0000023577d12520, 0x0000023577d10ae0, 0x0000023577d11800, 0x0000023577d11e90,
0x0000023577d12bb0, 0x0000023578fa1480, 0x0000023578fa00d0, 0x0000023578fa2830,
0x0000023578fa3be0, 0x0000023578fa0df0, 0x0000023578fa0760, 0x0000023578fa2ec0,
0x0000023578fa3550, 0x0000023578fa4270, 0x0000023578fa1b10, 0x0000023578fa4900,
0x0000023578fa4f90, 0x0000023578fa5620, 0x0000023578fa21a0, 0x0000023578fa76f0,
0x0000023578fa5cb0, 0x0000023578fa6340, 0x0000023578fa69d0, 0x0000023578fa7060,
0x00000235788abe40, 0x00000235788a9d70, 0x00000235788ab7b0, 0x00000235788ad1f0,
0x00000235788aa400, 0x00000235773e33a0, 0x00000235773e2600, 0x00000235788adf10,
0x00000235788ae5a0, 0x00000235788ab120, 0x00000235788b0670, 0x00000235788b1390,
0x00000235788af950, 0x00000235788affe0, 0x00000235788b0d00, 0x00000235788aec30,
0x00000235788af2c0, 0x000002357e0396c0, 0x000002357e038310, 0x000002357e03a3e0,
0x000002357e0375f0, 0x000002357e039d50, 0x000002357e03aa70, 0x000002357e037c80,
0x000002357e03b100, 0x000002357e03b790, 0x000002357e03be20, 0x000002357e0389a0,
0x000002357e03c4b0, 0x000002357e039030, 0x000002357e03def0, 0x000002357e03ec10,
0x000002357e03cb40, 0x000002357e03d1d0, 0x000002357e03d860, 0x000002357e03e580,
0x000002357a052f30, 0x000002357a0535c0, 0x000002357a052210, 0x000002357a0528a0,
0x000002357a050140, 0x000002357a051b80, 0x000002357a050e60, 0x000002357a053c50,
0x000002357a0514f0, 0x000002357a0507d0, 0x00000235796d6ba0, 0x00000235796d8010,
0x00000235796d7270, 0x00000235796d5060, 0x00000235796d5730
}

Java Threads: ( => current thread )
  0x0000023558052d00 JavaThread "main"                              [_thread_blocked, id=36776, stack(0x0000006d92300000,0x0000006d92400000) (1024K)]
  0x00000235580f3f70 JavaThread "Reference Handler"          daemon [_thread_blocked, id=32512, stack(0x0000006d92700000,0x0000006d92800000) (1024K)]
  0x00000235580f57b0 JavaThread "Finalizer"                  daemon [_thread_blocked, id=4440, stack(0x0000006d92800000,0x0000006d92900000) (1024K)]
  0x00000235580ff330 JavaThread "Signal Dispatcher"          daemon [_thread_blocked, id=59148, stack(0x0000006d92900000,0x0000006d92a00000) (1024K)]
  0x00000235580fff80 JavaThread "Attach Listener"            daemon [_thread_blocked, id=59632, stack(0x0000006d92a00000,0x0000006d92b00000) (1024K)]
  0x00000235581039d0 JavaThread "Service Thread"             daemon [_thread_blocked, id=55072, stack(0x0000006d92b00000,0x0000006d92c00000) (1024K)]
  0x0000023558108810 JavaThread "Monitor Deflation Thread"   daemon [_thread_blocked, id=22540, stack(0x0000006d92c00000,0x0000006d92d00000) (1024K)]
  0x000002356fe29fe0 JavaThread "C2 CompilerThread0"         daemon [_thread_in_native, id=18968, stack(0x0000006d92d00000,0x0000006d92e00000) (1024K)]
  0x000002356fe2f060 JavaThread "C1 CompilerThread0"         daemon [_thread_in_native, id=29932, stack(0x0000006d92e00000,0x0000006d92f00000) (1024K)]
  0x00000235700d4720 JavaThread "Common-Cleaner"             daemon [_thread_blocked, id=13168, stack(0x0000006d93200000,0x0000006d93300000) (1024K)]
  0x00000235720b0060 JavaThread "Notification Thread"        daemon [_thread_blocked, id=53416, stack(0x0000006d93400000,0x0000006d93500000) (1024K)]
  0x000002357761d3e0 JavaThread "Active Thread: Equinox Container: fd08f68d-86e8-4c89-b47a-1c0fa1e0c206"        [_thread_blocked, id=32936, stack(0x0000006d93e00000,0x0000006d93f00000) (1024K)]
  0x000002357278b010 JavaThread "Refresh Thread: Equinox Container: fd08f68d-86e8-4c89-b47a-1c0fa1e0c206" daemon [_thread_blocked, id=38696, stack(0x0000006d94000000,0x0000006d94100000) (1024K)]
  0x0000023577040f50 JavaThread "Framework Event Dispatcher: Equinox Container: fd08f68d-86e8-4c89-b47a-1c0fa1e0c206" daemon [_thread_blocked, id=39148, stack(0x0000006d93d00000,0x0000006d93e00000) (1024K)]
  0x0000023577041980 JavaThread "Start Level: Equinox Container: fd08f68d-86e8-4c89-b47a-1c0fa1e0c206" daemon [_thread_blocked, id=30088, stack(0x0000006d94100000,0x0000006d94200000) (1024K)]
  0x0000023577b6f440 JavaThread "Bundle File Closer"         daemon [_thread_blocked, id=49420, stack(0x0000006d94500000,0x0000006d94600000) (1024K)]
  0x00000235779a3500 JavaThread "SCR Component Actor"        daemon [_thread_blocked, id=26492, stack(0x0000006d94600000,0x0000006d94700000) (1024K)]
  0x0000023577d75070 JavaThread "Worker-JM"                         [_thread_blocked, id=50716, stack(0x0000006d94700000,0x0000006d94800000) (1024K)]
  0x0000023577d7b360 JavaThread "Worker-0: Java indexing... "        [_thread_blocked, id=46044, stack(0x0000006d94b00000,0x0000006d94c00000) (1024K)]
  0x0000023577d138d0 JavaThread "Worker-1"                          [_thread_blocked, id=26676, stack(0x0000006d94c00000,0x0000006d94d00000) (1024K)]
  0x0000023570100e90 JavaThread "C1 CompilerThread1"         daemon [_thread_in_native, id=59096, stack(0x0000006d92f00000,0x0000006d93000000) (1024K)]
  0x0000023577d13240 JavaThread "Java indexing"              daemon [_thread_in_Java, id=33320, stack(0x0000006d94e00000,0x0000006d94f00000) (1024K)]
  0x0000023577d11170 JavaThread "JNA Cleaner"                daemon [_thread_blocked, id=37100, stack(0x0000006d94f00000,0x0000006d95000000) (1024K)]
  0x0000023577d13f60 JavaThread "Worker-2: Initialize workspace"        [_thread_blocked, id=49660, stack(0x0000006d95300000,0x0000006d95400000) (1024K)]
  0x0000023577d12520 JavaThread "Worker-3"                          [_thread_blocked, id=3780, stack(0x0000006d95500000,0x0000006d95600000) (1024K)]
  0x0000023577d10ae0 JavaThread "Worker-4: Initialize Workspace"        [_thread_blocked, id=30692, stack(0x0000006d95600000,0x0000006d95700000) (1024K)]
  0x0000023577d11800 JavaThread "Worker-5: Refreshing workspace"        [_thread_blocked, id=11876, stack(0x0000006d95700000,0x0000006d95800000) (1024K)]
  0x0000023577d11e90 JavaThread "Thread-1"                   daemon [_thread_in_native, id=16380, stack(0x0000006d95800000,0x0000006d95900000) (1024K)]
  0x0000023577d12bb0 JavaThread "Thread-2"                   daemon [_thread_in_native, id=12332, stack(0x0000006d95900000,0x0000006d95a00000) (1024K)]
  0x0000023578fa1480 JavaThread "Thread-3"                   daemon [_thread_in_native, id=26260, stack(0x0000006d95a00000,0x0000006d95b00000) (1024K)]
  0x0000023578fa00d0 JavaThread "Thread-4"                   daemon [_thread_in_native, id=36236, stack(0x0000006d95b00000,0x0000006d95c00000) (1024K)]
  0x0000023578fa2830 JavaThread "Thread-5"                   daemon [_thread_in_native, id=46764, stack(0x0000006d95c00000,0x0000006d95d00000) (1024K)]
  0x0000023578fa3be0 JavaThread "Thread-6"                   daemon [_thread_in_native, id=48440, stack(0x0000006d95d00000,0x0000006d95e00000) (1024K)]
  0x0000023578fa0df0 JavaThread "Thread-7"                   daemon [_thread_in_native, id=34276, stack(0x0000006d95e00000,0x0000006d95f00000) (1024K)]
  0x0000023578fa0760 JavaThread "Thread-8"                   daemon [_thread_in_native, id=53824, stack(0x0000006d95f00000,0x0000006d96000000) (1024K)]
  0x0000023578fa2ec0 JavaThread "Thread-9"                   daemon [_thread_in_native, id=55476, stack(0x0000006d96000000,0x0000006d96100000) (1024K)]
  0x0000023578fa3550 JavaThread "Thread-10"                  daemon [_thread_in_native, id=45020, stack(0x0000006d96100000,0x0000006d96200000) (1024K)]
  0x0000023578fa4270 JavaThread "Thread-11"                  daemon [_thread_in_native, id=60060, stack(0x0000006d96200000,0x0000006d96300000) (1024K)]
  0x0000023578fa1b10 JavaThread "Thread-12"                  daemon [_thread_in_native, id=37432, stack(0x0000006d96300000,0x0000006d96400000) (1024K)]
  0x0000023578fa4900 JavaThread "Thread-13"                  daemon [_thread_in_native, id=51984, stack(0x0000006d96400000,0x0000006d96500000) (1024K)]
  0x0000023578fa4f90 JavaThread "Thread-14"                  daemon [_thread_in_native, id=21048, stack(0x0000006d96500000,0x0000006d96600000) (1024K)]
  0x0000023578fa5620 JavaThread "Thread-15"                  daemon [_thread_in_native, id=25812, stack(0x0000006d96600000,0x0000006d96700000) (1024K)]
  0x0000023578fa21a0 JavaThread "Thread-16"                  daemon [_thread_in_native, id=41992, stack(0x0000006d96700000,0x0000006d96800000) (1024K)]
  0x0000023578fa76f0 JavaThread "Thread-17"                  daemon [_thread_in_native, id=41856, stack(0x0000006d96800000,0x0000006d96900000) (1024K)]
  0x0000023578fa5cb0 JavaThread "Thread-18"                  daemon [_thread_in_native, id=3752, stack(0x0000006d96900000,0x0000006d96a00000) (1024K)]
  0x0000023578fa6340 JavaThread "Thread-19"                  daemon [_thread_in_native, id=41204, stack(0x0000006d96a00000,0x0000006d96b00000) (1024K)]
  0x0000023578fa69d0 JavaThread "Thread-20"                  daemon [_thread_in_native, id=54380, stack(0x0000006d96b00000,0x0000006d96c00000) (1024K)]
  0x0000023578fa7060 JavaThread "Thread-21"                  daemon [_thread_in_native, id=51352, stack(0x0000006d96c00000,0x0000006d96d00000) (1024K)]
  0x00000235788abe40 JavaThread "Thread-22"                  daemon [_thread_in_native, id=53684, stack(0x0000006d96d00000,0x0000006d96e00000) (1024K)]
  0x00000235788a9d70 JavaThread "Thread-23"                  daemon [_thread_in_native, id=48548, stack(0x0000006d96e00000,0x0000006d96f00000) (1024K)]
  0x00000235788ab7b0 JavaThread "pool-2-thread-1"                   [_thread_blocked, id=22608, stack(0x0000006d96f00000,0x0000006d97000000) (1024K)]
  0x00000235788ad1f0 JavaThread "WorkspaceEventsHandler"            [_thread_blocked, id=38320, stack(0x0000006d97500000,0x0000006d97600000) (1024K)]
  0x00000235788aa400 JavaThread "pool-1-thread-1"                   [_thread_blocked, id=51944, stack(0x0000006d97600000,0x0000006d97700000) (1024K)]
  0x00000235773e33a0 JavaThread "C2 CompilerThread1"         daemon [_thread_in_native, id=43480, stack(0x0000006d93000000,0x0000006d93100000) (1024K)]
=>0x00000235773e2600 JavaThread "C2 CompilerThread2"         daemon [_thread_in_native, id=41368, stack(0x0000006d94d00000,0x0000006d94e00000) (1024K)]
  0x00000235788adf10 JavaThread "Worker-6: Building"                [_thread_in_native, id=46320, stack(0x0000006d97200000,0x0000006d97300000) (1024K)]
  0x00000235788ae5a0 JavaThread "LocalFile Deleter"          daemon [_thread_blocked, id=40316, stack(0x0000006d97700000,0x0000006d97800000) (1024K)]
  0x00000235788ab120 JavaThread "LocalFile Deleter"          daemon [_thread_blocked, id=12820, stack(0x0000006d97900000,0x0000006d97a00000) (1024K)]
  0x00000235788b0670 JavaThread "LocalFile Deleter"          daemon [_thread_blocked, id=48600, stack(0x0000006d97a00000,0x0000006d97b00000) (1024K)]
  0x00000235788b1390 JavaThread "LocalFile Deleter"          daemon [_thread_blocked, id=20412, stack(0x0000006d97b00000,0x0000006d97c00000) (1024K)]
  0x00000235788af950 JavaThread "LocalFile Deleter"          daemon [_thread_blocked, id=41588, stack(0x0000006d97c00000,0x0000006d97d00000) (1024K)]
  0x00000235788affe0 JavaThread "LocalFile Deleter"          daemon [_thread_blocked, id=33640, stack(0x0000006d97d00000,0x0000006d97e00000) (1024K)]
  0x00000235788b0d00 JavaThread "LocalFile Deleter"          daemon [_thread_blocked, id=45504, stack(0x0000006d97e00000,0x0000006d97f00000) (1024K)]
  0x00000235788aec30 JavaThread "LocalFile Deleter"          daemon [_thread_blocked, id=36700, stack(0x0000006d97f00000,0x0000006d98000000) (1024K)]
  0x00000235788af2c0 JavaThread "LocalFile Deleter"          daemon [_thread_blocked, id=50348, stack(0x0000006d98000000,0x0000006d98100000) (1024K)]
  0x000002357e0396c0 JavaThread "LocalFile Deleter"          daemon [_thread_blocked, id=42684, stack(0x0000006d98100000,0x0000006d98200000) (1024K)]
  0x000002357e038310 JavaThread "LocalFile Deleter"          daemon [_thread_blocked, id=50132, stack(0x0000006d98200000,0x0000006d98300000) (1024K)]
  0x000002357e03a3e0 JavaThread "LocalFile Deleter"          daemon [_thread_blocked, id=51204, stack(0x0000006d98300000,0x0000006d98400000) (1024K)]
  0x000002357e0375f0 JavaThread "LocalFile Deleter"          daemon [_thread_blocked, id=25320, stack(0x0000006d98400000,0x0000006d98500000) (1024K)]
  0x000002357e039d50 JavaThread "LocalFile Deleter"          daemon [_thread_blocked, id=1108, stack(0x0000006d98500000,0x0000006d98600000) (1024K)]
  0x000002357e03aa70 JavaThread "LocalFile Deleter"          daemon [_thread_blocked, id=44316, stack(0x0000006d98600000,0x0000006d98700000) (1024K)]
  0x000002357e037c80 JavaThread "LocalFile Deleter"          daemon [_thread_blocked, id=52848, stack(0x0000006d98700000,0x0000006d98800000) (1024K)]
  0x000002357e03b100 JavaThread "LocalFile Deleter"          daemon [_thread_blocked, id=7368, stack(0x0000006d98800000,0x0000006d98900000) (1024K)]
  0x000002357e03b790 JavaThread "LocalFile Deleter"          daemon [_thread_blocked, id=59700, stack(0x0000006d98900000,0x0000006d98a00000) (1024K)]
  0x000002357e03be20 JavaThread "LocalFile Deleter"          daemon [_thread_blocked, id=46452, stack(0x0000006d98a00000,0x0000006d98b00000) (1024K)]
  0x000002357e0389a0 JavaThread "LocalFile Deleter"          daemon [_thread_blocked, id=41336, stack(0x0000006d98b00000,0x0000006d98c00000) (1024K)]
  0x000002357e03c4b0 JavaThread "LocalFile Deleter"          daemon [_thread_blocked, id=19272, stack(0x0000006d98c00000,0x0000006d98d00000) (1024K)]
  0x000002357e039030 JavaThread "LocalFile Deleter"          daemon [_thread_blocked, id=28808, stack(0x0000006d98d00000,0x0000006d98e00000) (1024K)]
  0x000002357e03def0 JavaThread "Compiler Source File Reader" daemon [_thread_blocked, id=4356, stack(0x0000006d98e00000,0x0000006d98f00000) (1024K)]
  0x000002357e03ec10 JavaThread "Compiler Source File Reader" daemon [_thread_blocked, id=50308, stack(0x0000006d98f00000,0x0000006d99000000) (1024K)]
  0x000002357e03cb40 JavaThread "Compiler Source File Reader" daemon [_thread_blocked, id=25672, stack(0x0000006d99000000,0x0000006d99100000) (1024K)]
  0x000002357e03d1d0 JavaThread "Compiler Source File Reader" daemon [_thread_blocked, id=23528, stack(0x0000006d99100000,0x0000006d99200000) (1024K)]
  0x000002357e03d860 JavaThread "Compiler Source File Reader" daemon [_thread_blocked, id=21096, stack(0x0000006d99200000,0x0000006d99300000) (1024K)]
  0x000002357e03e580 JavaThread "Compiler Source File Reader" daemon [_thread_blocked, id=42332, stack(0x0000006d99300000,0x0000006d99400000) (1024K)]
  0x000002357a052f30 JavaThread "Compiler Source File Reader" daemon [_thread_blocked, id=59200, stack(0x0000006d99400000,0x0000006d99500000) (1024K)]
  0x000002357a0535c0 JavaThread "Compiler Source File Reader" daemon [_thread_blocked, id=27544, stack(0x0000006d99500000,0x0000006d99600000) (1024K)]
  0x000002357a052210 JavaThread "Compiler Source File Reader" daemon [_thread_blocked, id=48508, stack(0x0000006d99600000,0x0000006d99700000) (1024K)]
  0x000002357a0528a0 JavaThread "Compiler Source File Reader" daemon [_thread_blocked, id=26996, stack(0x0000006d99700000,0x0000006d99800000) (1024K)]
  0x000002357a050140 JavaThread "Compiler Source File Reader" daemon [_thread_blocked, id=53812, stack(0x0000006d99800000,0x0000006d99900000) (1024K)]
  0x000002357a051b80 JavaThread "Compiler Source File Reader" daemon [_thread_blocked, id=29776, stack(0x0000006d99900000,0x0000006d99a00000) (1024K)]
  0x000002357a050e60 JavaThread "Compiler Source File Reader" daemon [_thread_blocked, id=23388, stack(0x0000006d99a00000,0x0000006d99b00000) (1024K)]
  0x000002357a053c50 JavaThread "Compiler Source File Reader" daemon [_thread_blocked, id=4876, stack(0x0000006d99b00000,0x0000006d99c00000) (1024K)]
  0x000002357a0514f0 JavaThread "Compiler Source File Reader" daemon [_thread_blocked, id=48152, stack(0x0000006d99c00000,0x0000006d99d00000) (1024K)]
  0x000002357a0507d0 JavaThread "Worker-7"                          [_thread_blocked, id=21648, stack(0x0000006d99d00000,0x0000006d99e00000) (1024K)]
  0x00000235796d6ba0 JavaThread "C2 CompilerThread3"         daemon [_thread_in_native, id=14220, stack(0x0000006d93100000,0x0000006d93200000) (1024K)]
  0x00000235796d8010 JavaThread "C2 CompilerThread4"         daemon [_thread_in_native, id=36852, stack(0x0000006d93500000,0x0000006d93600000) (1024K)]
  0x00000235796d7270 JavaThread "C2 CompilerThread5"         daemon [_thread_blocked, id=49276, stack(0x0000006d95400000,0x0000006d95500000) (1024K)]
  0x00000235796d5060 JavaThread "C2 CompilerThread6"         daemon [_thread_in_native, id=53320, stack(0x0000006d97000000,0x0000006d97100000) (1024K)]
  0x00000235796d5730 JavaThread "C1 CompilerThread2"         daemon [_thread_in_native, id=32232, stack(0x0000006d97400000,0x0000006d97500000) (1024K)]
Total: 99

Other Threads:
  0x00000235580f3a30 VMThread "VM Thread"                           [id=39240, stack(0x0000006d92600000,0x0000006d92700000) (1024K)]
  0x0000023557edca00 WatcherThread "VM Periodic Task Thread"        [id=47240, stack(0x0000006d92500000,0x0000006d92600000) (1024K)]
  0x0000023558070ee0 WorkerThread "GC Thread#0"                     [id=50048, stack(0x0000006d92400000,0x0000006d92500000) (1024K)]
  0x000002357702b420 WorkerThread "GC Thread#1"                     [id=25176, stack(0x0000006d93600000,0x0000006d93700000) (1024K)]
  0x000002357702b7c0 WorkerThread "GC Thread#2"                     [id=60788, stack(0x0000006d93700000,0x0000006d93800000) (1024K)]
  0x0000023577328b70 WorkerThread "GC Thread#3"                     [id=24856, stack(0x0000006d93800000,0x0000006d93900000) (1024K)]
  0x0000023572719070 WorkerThread "GC Thread#4"                     [id=18524, stack(0x0000006d93900000,0x0000006d93a00000) (1024K)]
  0x0000023572719410 WorkerThread "GC Thread#5"                     [id=28528, stack(0x0000006d93a00000,0x0000006d93b00000) (1024K)]
  0x000002357243d2d0 WorkerThread "GC Thread#6"                     [id=51836, stack(0x0000006d93b00000,0x0000006d93c00000) (1024K)]
  0x00000235722e6590 WorkerThread "GC Thread#7"                     [id=31920, stack(0x0000006d93f00000,0x0000006d94000000) (1024K)]
  0x00000235772df3d0 WorkerThread "GC Thread#8"                     [id=12796, stack(0x0000006d94200000,0x0000006d94300000) (1024K)]
  0x00000235778a4ef0 WorkerThread "GC Thread#9"                     [id=5012, stack(0x0000006d94300000,0x0000006d94400000) (1024K)]
  0x00000235778a5d70 WorkerThread "GC Thread#10"                    [id=25540, stack(0x0000006d94400000,0x0000006d94500000) (1024K)]
  0x00000235778a4b50 WorkerThread "GC Thread#11"                    [id=23068, stack(0x0000006d94800000,0x0000006d94900000) (1024K)]
  0x00000235778a47b0 WorkerThread "GC Thread#12"                    [id=12284, stack(0x0000006d94900000,0x0000006d94a00000) (1024K)]
  0x00000235778a5290 WorkerThread "GC Thread#13"                    [id=19164, stack(0x0000006d94a00000,0x0000006d94b00000) (1024K)]
  0x00000235778a59d0 WorkerThread "GC Thread#14"                    [id=50376, stack(0x0000006d93300000,0x0000006d93400000) (1024K)]
  0x0000023577e73380 WorkerThread "GC Thread#15"                    [id=34444, stack(0x0000006d93c00000,0x0000006d93d00000) (1024K)]
Total: 18

Threads with active compile tasks:
C2 CompilerThread0  21100 12150       4       com.sun.org.apache.xerces.internal.util.SymbolTable::hash (53 bytes)
C2 CompilerThread1  21100 12131       4       java.util.TimSort::sort (229 bytes)
C2 CompilerThread2  21100 11913       4       org.lombokweb.asm.ClassReader::readMethod (1070 bytes)
C2 CompilerThread3  21100 12152       4       java.util.TimSort::countRunAndMakeAscending (128 bytes)
C2 CompilerThread4  21100 12149       4       com.sun.org.apache.xerces.internal.impl.XMLEntityScanner::skipSpaces (362 bytes)
C2 CompilerThread6  21100 11939 %     4       org.lombokweb.asm.ClassReader::readCode @ 2037 (5117 bytes)
Total: 6

VM state: not at safepoint (normal execution)

VM Mutex/Monitor currently owned by a thread: None

Heap address: 0x0000000080000000, size: 2048 MB, Compressed Oops mode: 32-bit

CDS archive(s) mapped at: [0x0000023500000000-0x0000023500ba0000-0x0000023500ba0000), size 12189696, SharedBaseAddress: 0x0000023500000000, ArchiveRelocationMode: 1.
Compressed class space mapped at: 0x0000023501000000-0x0000023541000000, reserved size: 1073741824
Narrow klass base: 0x0000023500000000, Narrow klass shift: 0, Narrow klass range: 0x100000000

GC Precious Log:
 CardTable entry size: 512
 CPUs: 22 total, 22 available
 Memory: 15804M
 Large Page Support: Disabled
 NUMA Support: Disabled
 Compressed Oops: Enabled (32-bit)
 Alignments: Space 512K, Generation 512K, Heap 2M
 Heap Min Capacity: 100M
 Heap Initial Capacity: 100M
 Heap Max Capacity: 2G
 Pre-touch: Disabled
 Parallel Workers: 16

Heap:
 PSYoungGen      total 6656K, used 3523K [0x00000000d5580000, 0x00000000d5e00000, 0x0000000100000000)
  eden space 5120K, 43% used [0x00000000d5580000,0x00000000d57b0d00,0x00000000d5a80000)
  from space 1536K, 83% used [0x00000000d5c80000,0x00000000d5dc0248,0x00000000d5e00000)
  to   space 1536K, 0% used [0x00000000d5b00000,0x00000000d5b00000,0x00000000d5c80000)
 ParOldGen       total 246784K, used 246389K [0x0000000080000000, 0x000000008f100000, 0x00000000d5580000)
  object space 246784K, 99% used [0x0000000080000000,0x000000008f09d7a0,0x000000008f100000)
 Metaspace       used 67411K, committed 68928K, reserved 1114112K
  class space    used 7191K, committed 7872K, reserved 1048576K

Card table byte_map: [0x00000235579f0000,0x0000023557e00000] _byte_map_base: 0x00000235575f0000

Marking Bits: (ParMarkBitMap*) 0x00007ff8deea2460
 Begin Bits: [0x000002356a500000, 0x000002356c500000)
 End Bits:   [0x000002356c500000, 0x000002356e500000)

Polling page: 0x0000023556040000

Metaspace:

Usage:
  Non-class:     58.81 MB used.
      Class:      7.02 MB used.
       Both:     65.83 MB used.

Virtual space:
  Non-class space:       64.00 MB reserved,      59.62 MB ( 93%) committed,  1 nodes.
      Class space:        1.00 GB reserved,       7.69 MB ( <1%) committed,  1 nodes.
             Both:        1.06 GB reserved,      67.31 MB (  6%) committed. 

Chunk freelists:
   Non-Class:  3.83 MB
       Class:  8.12 MB
        Both:  11.95 MB

MaxMetaspaceSize: unlimited
CompressedClassSpaceSize: 1.00 GB
Initial GC threshold: 21.00 MB
Current GC threshold: 97.31 MB
CDS: on
 - commit_granule_bytes: 65536.
 - commit_granule_words: 8192.
 - virtual_space_node_default_size: 8388608.
 - enlarge_chunks_in_place: 1.
 - use_allocation_guard: 0.


Internal statistics:

num_allocs_failed_limit: 9.
num_arena_births: 1166.
num_arena_deaths: 30.
num_vsnodes_births: 2.
num_vsnodes_deaths: 0.
num_space_committed: 1076.
num_space_uncommitted: 0.
num_chunks_returned_to_freelist: 46.
num_chunks_taken_from_freelist: 4079.
num_chunk_merges: 15.
num_chunk_splits: 2534.
num_chunks_enlarged: 1522.
num_inconsistent_stats: 0.

CodeHeap 'non-profiled nmethods': size=119168Kb used=8478Kb max_used=8478Kb free=110689Kb
 bounds [0x0000023562df0000, 0x0000023563640000, 0x000002356a250000]
CodeHeap 'profiled nmethods': size=119104Kb used=25608Kb max_used=25608Kb free=93495Kb
 bounds [0x000002355b250000, 0x000002355cb60000, 0x00000235626a0000]
CodeHeap 'non-nmethods': size=7488Kb used=2584Kb max_used=3226Kb free=4904Kb
 bounds [0x00000235626a0000, 0x00000235629d0000, 0x0000023562df0000]
CodeCache: size=245760Kb, used=36670Kb, max_used=37312Kb, free=209088Kb
 total_blobs=12138, nmethods=11367, adapters=675, full_count=0
Compilation: enabled, stopped_count=0, restarted_count=0

Compilation events (20 events):
Event: 19.041 Thread 0x00000235796d5730 nmethod 12107 0x000002355cb29110 code [0x000002355cb29300, 0x000002355cb296f8]
Event: 19.041 Thread 0x00000235796d5730 12108       1       org.eclipse.jdt.internal.compiler.lookup.ArrayBinding::dimensions (5 bytes)
Event: 19.041 Thread 0x000002356fe2f060 nmethod 12102 0x000002355cb29890 code [0x000002355cb29a80, 0x000002355cb2a010]
Event: 19.041 Thread 0x0000023570100e90 nmethod 12103 0x000002355cb2a210 code [0x000002355cb2a3c0, 0x000002355cb2a540]
Event: 19.041 Thread 0x0000023570100e90 12109       1       org.eclipse.jdt.internal.compiler.lookup.ArrayBinding::leafComponentType (5 bytes)
Event: 19.041 Thread 0x00000235796d5730 nmethod 12108 0x0000023563620b90 code [0x0000023563620d20, 0x0000023563620de8]
Event: 19.041 Thread 0x0000023570100e90 nmethod 12109 0x0000023563620e90 code [0x0000023563621020, 0x00000235636210e8]
Event: 19.041 Thread 0x00000235796d9480 nmethod 12105 0x000002355cb2a610 code [0x000002355cb2a800, 0x000002355cb2ada8]
Event: 19.043 Thread 0x00000235796d7270 12110       4       java.util.Arrays::hashCode (59 bytes)
Event: 19.043 Thread 0x00000235796d7270 nmethod 12110 0x0000023563621190 code [0x0000023563621340, 0x00000235636215e0]
Event: 19.043 Thread 0x000002356fe2f060 12111       3       org.eclipse.jdt.internal.compiler.lookup.SplitPackageBinding::getIncarnation (44 bytes)
Event: 19.043 Thread 0x000002356fe29fe0 12112       4       java.util.ImmutableCollections$Set12::contains (28 bytes)
Event: 19.043 Thread 0x000002356fe2f060 nmethod 12111 0x000002355cb2b010 code [0x000002355cb2b200, 0x000002355cb2b788]
Event: 19.044 Thread 0x0000023570100e90 12113       3       org.eclipse.jdt.internal.compiler.lookup.Scope::compilerOptions (11 bytes)
Event: 19.044 Thread 0x00000235796d5730 12114       3       org.eclipse.jdt.internal.compiler.lookup.BinaryTypeBinding::enclosingType (54 bytes)
Event: 19.044 Thread 0x0000023570100e90 nmethod 12113 0x000002355cb2b910 code [0x000002355cb2bac0, 0x000002355cb2bbf0]
Event: 19.044 Thread 0x00000235796d5730 nmethod 12114 0x000002355cb2bd10 code [0x000002355cb2bec0, 0x000002355cb2c1b0]
Event: 19.045 Thread 0x000002356fe29fe0 nmethod 12112 0x0000023563621690 code [0x0000023563621840, 0x0000023563621ac8]
Event: 19.045 Thread 0x00000235796d5730 12115       3       org.eclipse.jdt.internal.compiler.lookup.AnnotationHolder::<init> (5 bytes)
Event: 19.045 Thread 0x00000235796d5730 nmethod 12115 0x000002355cb2c290 code [0x000002355cb2c440, 0x000002355cb2c5a8]

GC Heap History (20 events):
Event: 18.909 GC heap after
{Heap after GC invocations=137 (full 3):
 PSYoungGen      total 6656K, used 1152K [0x00000000d5580000, 0x00000000d5d80000, 0x0000000100000000)
  eden space 5120K, 0% used [0x00000000d5580000,0x00000000d5580000,0x00000000d5a80000)
  from space 1536K, 75% used [0x00000000d5c00000,0x00000000d5d20000,0x00000000d5d80000)
  to   space 1536K, 0% used [0x00000000d5a80000,0x00000000d5a80000,0x00000000d5c00000)
 ParOldGen       total 233472K, used 232974K [0x0000000080000000, 0x000000008e400000, 0x00000000d5580000)
  object space 233472K, 99% used [0x0000000080000000,0x000000008e383a18,0x000000008e400000)
 Metaspace       used 66993K, committed 68544K, reserved 1114112K
  class space    used 7150K, committed 7872K, reserved 1048576K
}
Event: 18.917 GC heap before
{Heap before GC invocations=138 (full 3):
 PSYoungGen      total 6656K, used 6272K [0x00000000d5580000, 0x00000000d5d80000, 0x0000000100000000)
  eden space 5120K, 100% used [0x00000000d5580000,0x00000000d5a80000,0x00000000d5a80000)
  from space 1536K, 75% used [0x00000000d5c00000,0x00000000d5d20000,0x00000000d5d80000)
  to   space 1536K, 0% used [0x00000000d5a80000,0x00000000d5a80000,0x00000000d5c00000)
 ParOldGen       total 233472K, used 232974K [0x0000000080000000, 0x000000008e400000, 0x00000000d5580000)
  object space 233472K, 99% used [0x0000000080000000,0x000000008e383a18,0x000000008e400000)
 Metaspace       used 66997K, committed 68544K, reserved 1114112K
  class space    used 7150K, committed 7872K, reserved 1048576K
}
Event: 18.919 GC heap after
{Heap after GC invocations=138 (full 3):
 PSYoungGen      total 6656K, used 1294K [0x00000000d5580000, 0x00000000d5d80000, 0x0000000100000000)
  eden space 5120K, 0% used [0x00000000d5580000,0x00000000d5580000,0x00000000d5a80000)
  from space 1536K, 84% used [0x00000000d5a80000,0x00000000d5bc39c0,0x00000000d5c00000)
  to   space 1536K, 0% used [0x00000000d5c00000,0x00000000d5c00000,0x00000000d5d80000)
 ParOldGen       total 233984K, used 233931K [0x0000000080000000, 0x000000008e480000, 0x00000000d5580000)
  object space 233984K, 99% used [0x0000000080000000,0x000000008e472cd8,0x000000008e480000)
 Metaspace       used 66997K, committed 68544K, reserved 1114112K
  class space    used 7150K, committed 7872K, reserved 1048576K
}
Event: 18.938 GC heap before
{Heap before GC invocations=139 (full 3):
 PSYoungGen      total 6656K, used 6414K [0x00000000d5580000, 0x00000000d5d80000, 0x0000000100000000)
  eden space 5120K, 100% used [0x00000000d5580000,0x00000000d5a80000,0x00000000d5a80000)
  from space 1536K, 84% used [0x00000000d5a80000,0x00000000d5bc39c0,0x00000000d5c00000)
  to   space 1536K, 0% used [0x00000000d5c00000,0x00000000d5c00000,0x00000000d5d80000)
 ParOldGen       total 233984K, used 233931K [0x0000000080000000, 0x000000008e480000, 0x00000000d5580000)
  object space 233984K, 99% used [0x0000000080000000,0x000000008e472cd8,0x000000008e480000)
 Metaspace       used 67007K, committed 68544K, reserved 1114112K
  class space    used 7151K, committed 7872K, reserved 1048576K
}
Event: 18.940 GC heap after
{Heap after GC invocations=139 (full 3):
 PSYoungGen      total 6656K, used 1376K [0x00000000d5580000, 0x00000000d5d80000, 0x0000000100000000)
  eden space 5120K, 0% used [0x00000000d5580000,0x00000000d5580000,0x00000000d5a80000)
  from space 1536K, 89% used [0x00000000d5c00000,0x00000000d5d58000,0x00000000d5d80000)
  to   space 1536K, 0% used [0x00000000d5a80000,0x00000000d5a80000,0x00000000d5c00000)
 ParOldGen       total 235520K, used 235041K [0x0000000080000000, 0x000000008e600000, 0x00000000d5580000)
  object space 235520K, 99% used [0x0000000080000000,0x000000008e588640,0x000000008e600000)
 Metaspace       used 67007K, committed 68544K, reserved 1114112K
  class space    used 7151K, committed 7872K, reserved 1048576K
}
Event: 18.950 GC heap before
{Heap before GC invocations=140 (full 3):
 PSYoungGen      total 6656K, used 6496K [0x00000000d5580000, 0x00000000d5d80000, 0x0000000100000000)
  eden space 5120K, 100% used [0x00000000d5580000,0x00000000d5a80000,0x00000000d5a80000)
  from space 1536K, 89% used [0x00000000d5c00000,0x00000000d5d58000,0x00000000d5d80000)
  to   space 1536K, 0% used [0x00000000d5a80000,0x00000000d5a80000,0x00000000d5c00000)
 ParOldGen       total 235520K, used 235041K [0x0000000080000000, 0x000000008e600000, 0x00000000d5580000)
  object space 235520K, 99% used [0x0000000080000000,0x000000008e588640,0x000000008e600000)
 Metaspace       used 67039K, committed 68544K, reserved 1114112K
  class space    used 7160K, committed 7872K, reserved 1048576K
}
Event: 18.951 GC heap after
{Heap after GC invocations=140 (full 3):
 PSYoungGen      total 6656K, used 1297K [0x00000000d5580000, 0x00000000d5d80000, 0x0000000100000000)
  eden space 5120K, 0% used [0x00000000d5580000,0x00000000d5580000,0x00000000d5a80000)
  from space 1536K, 84% used [0x00000000d5a80000,0x00000000d5bc4458,0x00000000d5c00000)
  to   space 1536K, 0% used [0x00000000d5c00000,0x00000000d5c00000,0x00000000d5d80000)
 ParOldGen       total 236544K, used 236241K [0x0000000080000000, 0x000000008e700000, 0x00000000d5580000)
  object space 236544K, 99% used [0x0000000080000000,0x000000008e6b45a0,0x000000008e700000)
 Metaspace       used 67039K, committed 68544K, reserved 1114112K
  class space    used 7160K, committed 7872K, reserved 1048576K
}
Event: 18.962 GC heap before
{Heap before GC invocations=141 (full 3):
 PSYoungGen      total 6656K, used 6417K [0x00000000d5580000, 0x00000000d5d80000, 0x0000000100000000)
  eden space 5120K, 100% used [0x00000000d5580000,0x00000000d5a80000,0x00000000d5a80000)
  from space 1536K, 84% used [0x00000000d5a80000,0x00000000d5bc4458,0x00000000d5c00000)
  to   space 1536K, 0% used [0x00000000d5c00000,0x00000000d5c00000,0x00000000d5d80000)
 ParOldGen       total 236544K, used 236241K [0x0000000080000000, 0x000000008e700000, 0x00000000d5580000)
  object space 236544K, 99% used [0x0000000080000000,0x000000008e6b45a0,0x000000008e700000)
 Metaspace       used 67096K, committed 68608K, reserved 1114112K
  class space    used 7166K, committed 7872K, reserved 1048576K
}
Event: 18.964 GC heap after
{Heap after GC invocations=141 (full 3):
 PSYoungGen      total 6656K, used 1278K [0x00000000d5580000, 0x00000000d5d80000, 0x0000000100000000)
  eden space 5120K, 0% used [0x00000000d5580000,0x00000000d5580000,0x00000000d5a80000)
  from space 1536K, 83% used [0x00000000d5c00000,0x00000000d5d3f9c0,0x00000000d5d80000)
  to   space 1536K, 0% used [0x00000000d5a80000,0x00000000d5a80000,0x00000000d5c00000)
 ParOldGen       total 237568K, used 237315K [0x0000000080000000, 0x000000008e800000, 0x00000000d5580000)
  object space 237568K, 99% used [0x0000000080000000,0x000000008e7c0e20,0x000000008e800000)
 Metaspace       used 67096K, committed 68608K, reserved 1114112K
  class space    used 7166K, committed 7872K, reserved 1048576K
}
Event: 18.980 GC heap before
{Heap before GC invocations=142 (full 3):
 PSYoungGen      total 6656K, used 6398K [0x00000000d5580000, 0x00000000d5d80000, 0x0000000100000000)
  eden space 5120K, 100% used [0x00000000d5580000,0x00000000d5a80000,0x00000000d5a80000)
  from space 1536K, 83% used [0x00000000d5c00000,0x00000000d5d3f9c0,0x00000000d5d80000)
  to   space 1536K, 0% used [0x00000000d5a80000,0x00000000d5a80000,0x00000000d5c00000)
 ParOldGen       total 237568K, used 237315K [0x0000000080000000, 0x000000008e800000, 0x00000000d5580000)
  object space 237568K, 99% used [0x0000000080000000,0x000000008e7c0e20,0x000000008e800000)
 Metaspace       used 67154K, committed 68672K, reserved 1114112K
  class space    used 7173K, committed 7872K, reserved 1048576K
}
Event: 18.981 GC heap after
{Heap after GC invocations=142 (full 3):
 PSYoungGen      total 6656K, used 1513K [0x00000000d5580000, 0x00000000d6080000, 0x0000000100000000)
  eden space 5120K, 0% used [0x00000000d5580000,0x00000000d5580000,0x00000000d5a80000)
  from space 1536K, 98% used [0x00000000d5a80000,0x00000000d5bfa450,0x00000000d5c00000)
  to   space 3072K, 0% used [0x00000000d5d80000,0x00000000d5d80000,0x00000000d6080000)
 ParOldGen       total 238592K, used 238445K [0x0000000080000000, 0x000000008e900000, 0x00000000d5580000)
  object space 238592K, 99% used [0x0000000080000000,0x000000008e8db660,0x000000008e900000)
 Metaspace       used 67154K, committed 68672K, reserved 1114112K
  class space    used 7173K, committed 7872K, reserved 1048576K
}
Event: 18.993 GC heap before
{Heap before GC invocations=143 (full 3):
 PSYoungGen      total 6656K, used 6633K [0x00000000d5580000, 0x00000000d6080000, 0x0000000100000000)
  eden space 5120K, 100% used [0x00000000d5580000,0x00000000d5a80000,0x00000000d5a80000)
  from space 1536K, 98% used [0x00000000d5a80000,0x00000000d5bfa450,0x00000000d5c00000)
  to   space 3072K, 0% used [0x00000000d5d80000,0x00000000d5d80000,0x00000000d6080000)
 ParOldGen       total 238592K, used 238445K [0x0000000080000000, 0x000000008e900000, 0x00000000d5580000)
  object space 238592K, 99% used [0x0000000080000000,0x000000008e8db660,0x000000008e900000)
 Metaspace       used 67185K, committed 68672K, reserved 1114112K
  class space    used 7175K, committed 7872K, reserved 1048576K
}
Event: 18.994 GC heap after
{Heap after GC invocations=143 (full 3):
 PSYoungGen      total 6656K, used 1285K [0x00000000d5580000, 0x00000000d5f00000, 0x0000000100000000)
  eden space 5120K, 0% used [0x00000000d5580000,0x00000000d5580000,0x00000000d5a80000)
  from space 1536K, 83% used [0x00000000d5d80000,0x00000000d5ec1668,0x00000000d5f00000)
  to   space 2048K, 0% used [0x00000000d5b00000,0x00000000d5b00000,0x00000000d5d00000)
 ParOldGen       total 240128K, used 239865K [0x0000000080000000, 0x000000008ea80000, 0x00000000d5580000)
  object space 240128K, 99% used [0x0000000080000000,0x000000008ea3e480,0x000000008ea80000)
 Metaspace       used 67185K, committed 68672K, reserved 1114112K
  class space    used 7175K, committed 7872K, reserved 1048576K
}
Event: 19.006 GC heap before
{Heap before GC invocations=144 (full 3):
 PSYoungGen      total 6656K, used 6405K [0x00000000d5580000, 0x00000000d5f00000, 0x0000000100000000)
  eden space 5120K, 100% used [0x00000000d5580000,0x00000000d5a80000,0x00000000d5a80000)
  from space 1536K, 83% used [0x00000000d5d80000,0x00000000d5ec1668,0x00000000d5f00000)
  to   space 2048K, 0% used [0x00000000d5b00000,0x00000000d5b00000,0x00000000d5d00000)
 ParOldGen       total 240128K, used 239865K [0x0000000080000000, 0x000000008ea80000, 0x00000000d5580000)
  object space 240128K, 99% used [0x0000000080000000,0x000000008ea3e480,0x000000008ea80000)
 Metaspace       used 67206K, committed 68736K, reserved 1114112K
  class space    used 7179K, committed 7872K, reserved 1048576K
}
Event: 19.008 GC heap after
{Heap after GC invocations=144 (full 3):
 PSYoungGen      total 6656K, used 1192K [0x00000000d5580000, 0x00000000d5e00000, 0x0000000100000000)
  eden space 5120K, 0% used [0x00000000d5580000,0x00000000d5580000,0x00000000d5a80000)
  from space 1536K, 77% used [0x00000000d5b00000,0x00000000d5c2a128,0x00000000d5c80000)
  to   space 1536K, 0% used [0x00000000d5c80000,0x00000000d5c80000,0x00000000d5e00000)
 ParOldGen       total 241152K, used 240938K [0x0000000080000000, 0x000000008eb80000, 0x00000000d5580000)
  object space 241152K, 99% used [0x0000000080000000,0x000000008eb4a800,0x000000008eb80000)
 Metaspace       used 67206K, committed 68736K, reserved 1114112K
  class space    used 7179K, committed 7872K, reserved 1048576K
}
Event: 19.020 GC heap before
{Heap before GC invocations=145 (full 3):
 PSYoungGen      total 6656K, used 6312K [0x00000000d5580000, 0x00000000d5e00000, 0x0000000100000000)
  eden space 5120K, 100% used [0x00000000d5580000,0x00000000d5a80000,0x00000000d5a80000)
  from space 1536K, 77% used [0x00000000d5b00000,0x00000000d5c2a128,0x00000000d5c80000)
  to   space 1536K, 0% used [0x00000000d5c80000,0x00000000d5c80000,0x00000000d5e00000)
 ParOldGen       total 241152K, used 240938K [0x0000000080000000, 0x000000008eb80000, 0x00000000d5580000)
  object space 241152K, 99% used [0x0000000080000000,0x000000008eb4a800,0x000000008eb80000)
 Metaspace       used 67222K, committed 68736K, reserved 1114112K
  class space    used 7181K, committed 7872K, reserved 1048576K
}
Event: 19.021 GC heap after
{Heap after GC invocations=145 (full 3):
 PSYoungGen      total 6656K, used 1316K [0x00000000d5580000, 0x00000000d5e00000, 0x0000000100000000)
  eden space 5120K, 0% used [0x00000000d5580000,0x00000000d5580000,0x00000000d5a80000)
  from space 1536K, 85% used [0x00000000d5c80000,0x00000000d5dc92d8,0x00000000d5e00000)
  to   space 1536K, 0% used [0x00000000d5b00000,0x00000000d5b00000,0x00000000d5c80000)
 ParOldGen       total 242176K, used 241985K [0x0000000080000000, 0x000000008ec80000, 0x00000000d5580000)
  object space 242176K, 99% used [0x0000000080000000,0x000000008ec50718,0x000000008ec80000)
 Metaspace       used 67222K, committed 68736K, reserved 1114112K
  class space    used 7181K, committed 7872K, reserved 1048576K
}
Event: 19.032 GC heap before
{Heap before GC invocations=146 (full 3):
 PSYoungGen      total 6656K, used 6436K [0x00000000d5580000, 0x00000000d5e00000, 0x0000000100000000)
  eden space 5120K, 100% used [0x00000000d5580000,0x00000000d5a80000,0x00000000d5a80000)
  from space 1536K, 85% used [0x00000000d5c80000,0x00000000d5dc92d8,0x00000000d5e00000)
  to   space 1536K, 0% used [0x00000000d5b00000,0x00000000d5b00000,0x00000000d5c80000)
 ParOldGen       total 242176K, used 241985K [0x0000000080000000, 0x000000008ec80000, 0x00000000d5580000)
  object space 242176K, 99% used [0x0000000080000000,0x000000008ec50718,0x000000008ec80000)
 Metaspace       used 67287K, committed 68800K, reserved 1114112K
  class space    used 7186K, committed 7872K, reserved 1048576K
}
Event: 19.034 GC heap after
{Heap after GC invocations=146 (full 3):
 PSYoungGen      total 6656K, used 1232K [0x00000000d5580000, 0x00000000d5d80000, 0x0000000100000000)
  eden space 5120K, 0% used [0x00000000d5580000,0x00000000d5580000,0x00000000d5a80000)
  from space 1536K, 80% used [0x00000000d5b00000,0x00000000d5c343c8,0x00000000d5c80000)
  to   space 1024K, 0% used [0x00000000d5c80000,0x00000000d5c80000,0x00000000d5d80000)
 ParOldGen       total 243200K, used 243094K [0x0000000080000000, 0x000000008ed80000, 0x00000000d5580000)
  object space 243200K, 99% used [0x0000000080000000,0x000000008ed65a20,0x000000008ed80000)
 Metaspace       used 67287K, committed 68800K, reserved 1114112K
  class space    used 7186K, committed 7872K, reserved 1048576K
}
Event: 19.045 GC heap before
{Heap before GC invocations=147 (full 3):
 PSYoungGen      total 6656K, used 6352K [0x00000000d5580000, 0x00000000d5d80000, 0x0000000100000000)
  eden space 5120K, 100% used [0x00000000d5580000,0x00000000d5a80000,0x00000000d5a80000)
  from space 1536K, 80% used [0x00000000d5b00000,0x00000000d5c343c8,0x00000000d5c80000)
  to   space 1024K, 0% used [0x00000000d5c80000,0x00000000d5c80000,0x00000000d5d80000)
 ParOldGen       total 243200K, used 243094K [0x0000000080000000, 0x000000008ed80000, 0x00000000d5580000)
  object space 243200K, 99% used [0x0000000080000000,0x000000008ed65a20,0x000000008ed80000)
 Metaspace       used 67334K, committed 68800K, reserved 1114112K
  class space    used 7188K, committed 7872K, reserved 1048576K
}

Dll operation events (14 events):
Event: 0.025 Loaded shared library c:\Users\akumar29\.vscode\extensions\redhat.java-1.52.0-win32-x64\jre\21.0.9-win32-x86_64\bin\java.dll
Event: 0.080 Loaded shared library c:\Users\akumar29\.vscode\extensions\redhat.java-1.52.0-win32-x64\jre\21.0.9-win32-x86_64\bin\zip.dll
Event: 0.101 Loaded shared library C:\Users\akumar29\.vscode\extensions\redhat.java-1.52.0-win32-x64\jre\21.0.9-win32-x86_64\bin\instrument.dll
Event: 0.112 Loaded shared library C:\Users\akumar29\.vscode\extensions\redhat.java-1.52.0-win32-x64\jre\21.0.9-win32-x86_64\bin\net.dll
Event: 0.122 Loaded shared library C:\Users\akumar29\.vscode\extensions\redhat.java-1.52.0-win32-x64\jre\21.0.9-win32-x86_64\bin\nio.dll
Event: 0.126 Loaded shared library C:\Users\akumar29\.vscode\extensions\redhat.java-1.52.0-win32-x64\jre\21.0.9-win32-x86_64\bin\zip.dll
Event: 0.142 Loaded shared library C:\Users\akumar29\.vscode\extensions\redhat.java-1.52.0-win32-x64\jre\21.0.9-win32-x86_64\bin\jimage.dll
Event: 0.234 Loaded shared library c:\Users\akumar29\.vscode\extensions\redhat.java-1.52.0-win32-x64\jre\21.0.9-win32-x86_64\bin\verify.dll
Event: 1.419 Loaded shared library C:\Users\akumar29\AppData\Roaming\Code\User\globalStorage\redhat.java\1.52.0\config_win\org.eclipse.equinox.launcher\org.eclipse.equinox.launcher.win32.win32.x86_64_1.2.1500.v20260121-1430\eclipse_11919.dll
Event: 2.462 Loaded shared library C:\Users\akumar29\.vscode\extensions\redhat.java-1.52.0-win32-x64\jre\21.0.9-win32-x86_64\bin\management.dll
Event: 2.468 Loaded shared library C:\Users\akumar29\.vscode\extensions\redhat.java-1.52.0-win32-x64\jre\21.0.9-win32-x86_64\bin\management_ext.dll
Event: 5.899 Loaded shared library C:\Users\akumar29\AppData\Local\Temp\jna-1180799354\jna10685620059154987458.dll
Event: 6.263 Loaded shared library C:\Users\akumar29\.vscode\extensions\redhat.java-1.52.0-win32-x64\jre\21.0.9-win32-x86_64\bin\sunmscapi.dll
Event: 6.615 Loaded shared library C:\Users\akumar29\.vscode\extensions\redhat.java-1.52.0-win32-x64\jre\21.0.9-win32-x86_64\bin\extnet.dll

Deoptimization events (20 events):
Event: 19.018 Thread 0x00000235788adf10 Uncommon trap: trap_request=0xffffff45 fr.pc=0x0000023563437f28 relative=0x0000000000000628
Event: 19.019 Thread 0x00000235788adf10 Uncommon trap: reason=unstable_if action=reinterpret pc=0x0000023563437f28 method=org.eclipse.jdt.internal.compiler.util.HashtableOfObject.put([CLjava/lang/Object;)Ljava/lang/Object; @ 42 c2
Event: 19.019 Thread 0x00000235788adf10 DEOPT PACKING pc=0x0000023563437f28 sp=0x0000006d972fe200
Event: 19.019 Thread 0x00000235788adf10 DEOPT UNPACKING pc=0x00000235626f3aa2 sp=0x0000006d972fe1a0 mode 2
Event: 19.024 Thread 0x00000235788adf10 Uncommon trap: trap_request=0xffffff45 fr.pc=0x0000023563491f44 relative=0x0000000000000a64
Event: 19.024 Thread 0x00000235788adf10 Uncommon trap: reason=unstable_if action=reinterpret pc=0x0000023563491f44 method=org.eclipse.jdt.internal.compiler.classfmt.FieldInfo.getTypeName()[C @ 4 c2
Event: 19.024 Thread 0x00000235788adf10 DEOPT PACKING pc=0x0000023563491f44 sp=0x0000006d972fd610
Event: 19.024 Thread 0x00000235788adf10 DEOPT UNPACKING pc=0x00000235626f3aa2 sp=0x0000006d972fd5f8 mode 2
Event: 19.038 Thread 0x00000235788adf10 Uncommon trap: trap_request=0xffffffbe fr.pc=0x0000023563441370 relative=0x0000000000001310
Event: 19.038 Thread 0x00000235788adf10 Uncommon trap: reason=profile_predicate action=maybe_recompile pc=0x0000023563441370 method=java.util.TimSort.binarySort([Ljava/lang/Object;IIILjava/util/Comparator;)V @ 34 c2
Event: 19.038 Thread 0x00000235788adf10 DEOPT PACKING pc=0x0000023563441370 sp=0x0000006d972fde60
Event: 19.038 Thread 0x00000235788adf10 DEOPT UNPACKING pc=0x00000235626f3aa2 sp=0x0000006d972fdd68 mode 2
Event: 19.043 Thread 0x00000235788adf10 Uncommon trap: trap_request=0xffffff45 fr.pc=0x00000235634f456c relative=0x0000000000000a8c
Event: 19.043 Thread 0x00000235788adf10 Uncommon trap: reason=unstable_if action=reinterpret pc=0x00000235634f456c method=org.eclipse.jdt.internal.compiler.classfmt.FieldInfo.createField([B[IIJ)Lorg/eclipse/jdt/internal/compiler/classfmt/FieldInfo; @ 254 c2
Event: 19.043 Thread 0x00000235788adf10 DEOPT PACKING pc=0x00000235634f456c sp=0x0000006d972fc6e0
Event: 19.043 Thread 0x00000235788adf10 DEOPT UNPACKING pc=0x00000235626f3aa2 sp=0x0000006d972fc648 mode 2
Event: 19.044 Thread 0x00000235788adf10 Uncommon trap: trap_request=0xffffff76 fr.pc=0x000002356344154c relative=0x00000000000014ec
Event: 19.044 Thread 0x00000235788adf10 Uncommon trap: reason=predicate action=maybe_recompile pc=0x000002356344154c method=java.util.TimSort.reverseRange([Ljava/lang/Object;II)V @ 5 c2
Event: 19.044 Thread 0x00000235788adf10 DEOPT PACKING pc=0x000002356344154c sp=0x0000006d972fcf50
Event: 19.044 Thread 0x00000235788adf10 DEOPT UNPACKING pc=0x00000235626f3aa2 sp=0x0000006d972fce00 mode 2

Classes loaded (20 events):
Event: 15.435 Loading class java/io/FileFilter
Event: 15.435 Loading class java/io/FileFilter done
Event: 15.448 Loading class java/util/CollSer
Event: 15.448 Loading class java/util/CollSer done
Event: 16.183 Loading class sun/nio/cs/ThreadLocalCoders
Event: 16.183 Loading class sun/nio/cs/ThreadLocalCoders done
Event: 16.184 Loading class sun/nio/cs/ThreadLocalCoders$1
Event: 16.184 Loading class sun/nio/cs/ThreadLocalCoders$Cache
Event: 16.184 Loading class sun/nio/cs/ThreadLocalCoders$Cache done
Event: 16.185 Loading class sun/nio/cs/ThreadLocalCoders$1 done
Event: 16.185 Loading class sun/nio/cs/ThreadLocalCoders$2
Event: 16.185 Loading class sun/nio/cs/ThreadLocalCoders$2 done
Event: 17.199 Loading class java/util/regex/Pattern$Caret
Event: 17.199 Loading class java/util/regex/Pattern$Caret done
Event: 18.945 Loading class java/util/stream/ReduceOps$4
Event: 18.945 Loading class java/util/stream/ReduceOps$4 done
Event: 18.945 Loading class java/util/stream/ReduceOps$4ReducingSink
Event: 18.945 Loading class java/util/stream/ReduceOps$4ReducingSink done
Event: 18.947 Loading class java/nio/file/Files$2
Event: 18.947 Loading class java/nio/file/Files$2 done

Classes unloaded (15 events):
Event: 5.198 Thread 0x00000235580f3a30 Unloading class 0x00000235011a3800 'java/lang/invoke/LambdaForm$MH+0x00000235011a3800'
Event: 5.198 Thread 0x00000235580f3a30 Unloading class 0x00000235011a3400 'java/lang/invoke/LambdaForm$MH+0x00000235011a3400'
Event: 5.198 Thread 0x00000235580f3a30 Unloading class 0x00000235011a3000 'java/lang/invoke/LambdaForm$MH+0x00000235011a3000'
Event: 5.198 Thread 0x00000235580f3a30 Unloading class 0x00000235011a2c00 'java/lang/invoke/LambdaForm$MH+0x00000235011a2c00'
Event: 5.198 Thread 0x00000235580f3a30 Unloading class 0x00000235011a2800 'java/lang/invoke/LambdaForm$BMH+0x00000235011a2800'
Event: 5.198 Thread 0x00000235580f3a30 Unloading class 0x00000235011a2400 'java/lang/invoke/LambdaForm$DMH+0x00000235011a2400'
Event: 5.198 Thread 0x00000235580f3a30 Unloading class 0x00000235011a1000 'java/lang/invoke/LambdaForm$DMH+0x00000235011a1000'
Event: 6.439 Thread 0x00000235580f3a30 Unloading class 0x000002350132d000 'java/lang/invoke/LambdaForm$MH+0x000002350132d000'
Event: 6.439 Thread 0x00000235580f3a30 Unloading class 0x000002350132c400 'java/lang/invoke/LambdaForm$MH+0x000002350132c400'
Event: 6.439 Thread 0x00000235580f3a30 Unloading class 0x000002350132b800 'java/lang/invoke/LambdaForm$MH+0x000002350132b800'
Event: 6.439 Thread 0x00000235580f3a30 Unloading class 0x000002350132b400 'java/lang/invoke/LambdaForm$DMH+0x000002350132b400'
Event: 15.079 Thread 0x00000235580f3a30 Unloading class 0x0000023501635800 'java/lang/invoke/LambdaForm$DMH+0x0000023501635800'
Event: 15.079 Thread 0x00000235580f3a30 Unloading class 0x0000023501635400 'java/lang/invoke/LambdaForm$DMH+0x0000023501635400'
Event: 15.079 Thread 0x00000235580f3a30 Unloading class 0x0000023501635000 'java/lang/invoke/LambdaForm$DMH+0x0000023501635000'
Event: 15.079 Thread 0x00000235580f3a30 Unloading class 0x0000023501634c00 'java/lang/invoke/LambdaForm$DMH+0x0000023501634c00'

Classes redefined (0 events):
No events

Internal exceptions (20 events):
Event: 15.505 Thread 0x00000235788adf10 Exception <a 'sun/nio/fs/WindowsException'{0x00000000d69d3bd0}> (0x00000000d69d3bd0) 
thrown [s\src\hotspot\share\prims\jni.cpp, line 520]
Event: 15.518 Thread 0x00000235788adf10 Exception <a 'sun/nio/fs/WindowsException'{0x00000000d582e830}> (0x00000000d582e830) 
thrown [s\src\hotspot\share\prims\jni.cpp, line 520]
Event: 15.518 Thread 0x00000235788adf10 Exception <a 'sun/nio/fs/WindowsException'{0x00000000d5878148}> (0x00000000d5878148) 
thrown [s\src\hotspot\share\prims\jni.cpp, line 520]
Event: 15.541 Thread 0x00000235788adf10 Exception <a 'java/lang/NoSuchMethodError'{0x00000000d5f67788}: 'int java.lang.invoke.DirectMethodHandle$Holder.invokeStatic(java.lang.Object)'> (0x00000000d5f67788) 
thrown [s\src\hotspot\share\interpreter\linkResolver.cpp, line 773]
Event: 15.925 Thread 0x00000235788adf10 Exception <a 'java/lang/NoSuchMethodError'{0x00000000d57938a8}: 'java.lang.Object java.lang.invoke.DirectMethodHandle$Holder.invokeVirtual(java.lang.Object, java.lang.Object, int)'> (0x00000000d57938a8) 
thrown [s\src\hotspot\share\interpreter\linkResolver.cpp, line 773]
Event: 16.053 Thread 0x00000235788adf10 Exception <a 'sun/nio/fs/WindowsException'{0x00000000d61d3118}> (0x00000000d61d3118) 
thrown [s\src\hotspot\share\prims\jni.cpp, line 520]
Event: 16.062 Thread 0x00000235788ae5a0 Exception <a 'sun/nio/fs/WindowsException'{0x00000000d5612078}> (0x00000000d5612078) 
thrown [s\src\hotspot\share\prims\jni.cpp, line 520]
Event: 16.064 Thread 0x00000235788ae5a0 Exception <a 'sun/nio/fs/WindowsException'{0x00000000d5613708}> (0x00000000d5613708) 
thrown [s\src\hotspot\share\prims\jni.cpp, line 520]
Event: 16.069 Thread 0x00000235788af950 Exception <a 'sun/nio/fs/WindowsException'{0x00000000d58220c0}> (0x00000000d58220c0) 
thrown [s\src\hotspot\share\prims\jni.cpp, line 520]
Event: 16.069 Thread 0x00000235788b0670 Exception <a 'sun/nio/fs/WindowsException'{0x00000000d57a0ca0}> (0x00000000d57a0ca0) 
thrown [s\src\hotspot\share\prims\jni.cpp, line 520]
Event: 16.069 Thread 0x00000235788b1390 Exception <a 'sun/nio/fs/WindowsException'{0x00000000d57ba770}> (0x00000000d57ba770) 
thrown [s\src\hotspot\share\prims\jni.cpp, line 520]
Event: 16.069 Thread 0x00000235788af2c0 Exception <a 'sun/nio/fs/WindowsException'{0x00000000d5913ea8}> (0x00000000d5913ea8) 
thrown [s\src\hotspot\share\prims\jni.cpp, line 520]
Event: 16.069 Thread 0x00000235788affe0 Exception <a 'sun/nio/fs/WindowsException'{0x00000000d583bb70}> (0x00000000d583bb70) 
thrown [s\src\hotspot\share\prims\jni.cpp, line 520]
Event: 16.070 Thread 0x00000235788aec30 Exception <a 'sun/nio/fs/WindowsException'{0x00000000d58b4c00}> (0x00000000d58b4c00) 
thrown [s\src\hotspot\share\prims\jni.cpp, line 520]
Event: 16.070 Thread 0x00000235788b0d00 Exception <a 'sun/nio/fs/WindowsException'{0x00000000d589b128}> (0x00000000d589b128) 
thrown [s\src\hotspot\share\prims\jni.cpp, line 520]
Event: 16.257 Thread 0x00000235788aa400 Exception <a 'java/lang/IncompatibleClassChangeError'{0x00000000d5f6e6a0}: Found class java.lang.Object, but interface was expected> (0x00000000d5f6e6a0) 
thrown [s\src\hotspot\share\interpreter\linkResolver.cpp, line 840]
Event: 18.543 Thread 0x00000235788adf10 Exception <a 'java/lang/NoSuchMethodError'{0x00000000d5897c48}: 'java.lang.Object java.lang.invoke.DirectMethodHandle$Holder.invokeStatic(java.lang.Object, java.lang.Object, int, int)'> (0x00000000d5897c48) 
thrown [s\src\hotspot\share\interpreter\linkResolver.cpp, line 773]
Event: 18.543 Thread 0x00000235788adf10 Exception <a 'java/lang/NoSuchMethodError'{0x00000000d58c3d58}: 'java.lang.Object java.lang.invoke.DirectMethodHandle$Holder.invokeSpecial(java.lang.Object, java.lang.Object, java.lang.Object, int, int)'> (0x00000000d58c3d58) 
thrown [s\src\hotspot\share\interpreter\linkResolver.cpp, line 773]
Event: 18.866 Thread 0x00000235788adf10 Implicit null exception at 0x00000235635dcf33 to 0x00000235635dd0c9
Event: 18.907 Thread 0x00000235788adf10 Implicit null exception at 0x00000235632f81a3 to 0x00000235632f8538

ZGC Phase Switch (0 events):
No events

VM Operations (20 events):
Event: 18.909 Executing VM operation: ParallelGCFailedAllocation (Allocation Failure) done
Event: 18.917 Executing VM operation: ParallelGCFailedAllocation (Allocation Failure)
Event: 18.919 Executing VM operation: ParallelGCFailedAllocation (Allocation Failure) done
Event: 18.927 Executing VM operation: ParallelGCFailedAllocation (Allocation Failure)
Event: 18.940 Executing VM operation: ParallelGCFailedAllocation (Allocation Failure) done
Event: 18.950 Executing VM operation: ParallelGCFailedAllocation (Allocation Failure)
Event: 18.951 Executing VM operation: ParallelGCFailedAllocation (Allocation Failure) done
Event: 18.962 Executing VM operation: ParallelGCFailedAllocation (Allocation Failure)
Event: 18.964 Executing VM operation: ParallelGCFailedAllocation (Allocation Failure) done
Event: 18.980 Executing VM operation: ParallelGCFailedAllocation (Allocation Failure)
Event: 18.981 Executing VM operation: ParallelGCFailedAllocation (Allocation Failure) done
Event: 18.993 Executing VM operation: ParallelGCFailedAllocation (Allocation Failure)
Event: 18.994 Executing VM operation: ParallelGCFailedAllocation (Allocation Failure) done
Event: 19.006 Executing VM operation: ParallelGCFailedAllocation (Allocation Failure)
Event: 19.008 Executing VM operation: ParallelGCFailedAllocation (Allocation Failure) done
Event: 19.020 Executing VM operation: ParallelGCFailedAllocation (Allocation Failure)
Event: 19.021 Executing VM operation: ParallelGCFailedAllocation (Allocation Failure) done
Event: 19.032 Executing VM operation: ParallelGCFailedAllocation (Allocation Failure)
Event: 19.034 Executing VM operation: ParallelGCFailedAllocation (Allocation Failure) done
Event: 19.045 Executing VM operation: ParallelGCFailedAllocation (Allocation Failure)

Memory protections (0 events):
No events

Nmethod flushes (20 events):
Event: 15.097 Thread 0x00000235580f3a30 flushing  nmethod 0x000002355bb5d290
Event: 15.097 Thread 0x00000235580f3a30 flushing  nmethod 0x000002355bb5d990
Event: 15.097 Thread 0x00000235580f3a30 flushing  nmethod 0x000002355bb5e890
Event: 15.097 Thread 0x00000235580f3a30 flushing  nmethod 0x000002355bb5ee90
Event: 15.097 Thread 0x00000235580f3a30 flushing  nmethod 0x000002355bb5f710
Event: 15.097 Thread 0x00000235580f3a30 flushing  nmethod 0x000002355bb5fa90
Event: 15.097 Thread 0x00000235580f3a30 flushing  nmethod 0x000002355bb61510
Event: 15.097 Thread 0x00000235580f3a30 flushing  nmethod 0x000002355bb8c610
Event: 15.097 Thread 0x00000235580f3a30 flushing  nmethod 0x000002355bb93b10
Event: 15.097 Thread 0x00000235580f3a30 flushing  nmethod 0x000002355bbaef90
Event: 15.097 Thread 0x00000235580f3a30 flushing  nmethod 0x000002355bbb7510
Event: 15.097 Thread 0x00000235580f3a30 flushing  nmethod 0x000002355bbee890
Event: 15.097 Thread 0x00000235580f3a30 flushing  nmethod 0x000002355bbf6b10
Event: 15.097 Thread 0x00000235580f3a30 flushing  nmethod 0x000002355bc47310
Event: 15.097 Thread 0x00000235580f3a30 flushing  nmethod 0x000002355bc4a610
Event: 15.097 Thread 0x00000235580f3a30 flushing  nmethod 0x000002355bc4c490
Event: 15.097 Thread 0x00000235580f3a30 flushing  nmethod 0x000002355bc4c890
Event: 15.097 Thread 0x00000235580f3a30 flushing  nmethod 0x000002355bc62890
Event: 15.097 Thread 0x00000235580f3a30 flushing  nmethod 0x000002355bc6af10
Event: 15.097 Thread 0x00000235580f3a30 flushing  nmethod 0x000002355bc73110

Events (20 events):
Event: 16.143 Thread 0x00000235788adf10 Thread added: 0x000002357a050140
Event: 16.143 Thread 0x00000235788adf10 Thread added: 0x000002357a051b80
Event: 16.144 Thread 0x00000235788adf10 Thread added: 0x000002357a050e60
Event: 16.144 Thread 0x00000235788adf10 Thread added: 0x000002357a053c50
Event: 16.145 Thread 0x00000235788adf10 Thread added: 0x000002357a0514f0
Event: 17.072 Thread 0x0000023577d12520 Thread added: 0x000002357a0507d0
Event: 17.215 Thread 0x00000235796d64d0 Thread exited: 0x00000235796d64d0
Event: 17.215 Thread 0x00000235796d8010 Thread exited: 0x00000235796d8010
Event: 18.328 Thread 0x0000023577981280 Thread exited: 0x0000023577981280
Event: 18.364 Thread 0x000002356fff60b0 Thread exited: 0x000002356fff60b0
Event: 18.506 Thread 0x00000235796d5e00 Thread exited: 0x00000235796d5e00
Event: 18.509 Thread 0x00000235773e3a70 Thread exited: 0x00000235773e3a70
Event: 18.509 Thread 0x00000235773e1f30 Thread exited: 0x00000235773e1f30
Event: 18.671 Thread 0x00000235773e2600 Thread added: 0x00000235796d6ba0
Event: 18.680 Thread 0x00000235796d6ba0 Thread added: 0x00000235796d8010
Event: 18.685 Thread 0x0000023570100e90 Thread added: 0x00000235796d7270
Event: 18.703 Thread 0x00000235796d7270 Thread added: 0x00000235796d5060
Event: 18.706 Thread 0x00000235796d6ba0 Thread added: 0x00000235796d8db0
Event: 18.877 Thread 0x00000235796d8db0 Thread added: 0x00000235796d5730
Event: 18.897 Thread 0x00000235796d5730 Thread added: 0x00000235796d9480


Dynamic libraries:
0x00007ff6721c0000 - 0x00007ff6721ce000 	c:\Users\akumar29\.vscode\extensions\redhat.java-1.52.0-win32-x64\jre\21.0.9-win32-x86_64\bin\java.exe
0x00007ff99bbc0000 - 0x00007ff99be28000 	C:\windows\SYSTEM32\ntdll.dll
0x00007ff99acb0000 - 0x00007ff99ad79000 	C:\windows\System32\KERNEL32.DLL
0x00007ff9986a0000 - 0x00007ff998a91000 	C:\windows\System32\KERNELBASE.dll
0x00007ff998550000 - 0x00007ff99869b000 	C:\windows\System32\ucrtbase.dll
0x00007ff9790a0000 - 0x00007ff9790b8000 	c:\Users\akumar29\.vscode\extensions\redhat.java-1.52.0-win32-x64\jre\21.0.9-win32-x86_64\bin\jli.dll
0x00007ff99a120000 - 0x00007ff99a2e6000 	C:\windows\System32\USER32.dll
0x00007ff998f40000 - 0x00007ff998f67000 	C:\windows\System32\win32u.dll
0x00007ff99b3d0000 - 0x00007ff99b3fb000 	C:\windows\System32\GDI32.dll
0x00007ff9693d0000 - 0x00007ff969663000 	C:\windows\WinSxS\amd64_microsoft.windows.common-controls_6595b64144ccf1df_6.0.26100.7824_none_3e0870b2e3345462\COMCTL32.dll
0x00007ff998bf0000 - 0x00007ff998d1b000 	C:\windows\System32\gdi32full.dll
0x00007ff99a2f0000 - 0x00007ff99a399000 	C:\windows\System32\msvcrt.dll
0x00007ff9984a0000 - 0x00007ff998543000 	C:\windows\System32\msvcp_win.dll
0x00007ff978a00000 - 0x00007ff978a1e000 	c:\Users\akumar29\.vscode\extensions\redhat.java-1.52.0-win32-x64\jre\21.0.9-win32-x86_64\bin\VCRUNTIME140.dll
0x00007ff999960000 - 0x00007ff999991000 	C:\windows\System32\IMM32.DLL
0x0000023556050000 - 0x0000023556066000 	C:\windows\System32\umppc20309.dll
0x00007ff98fef0000 - 0x00007ff98fefc000 	c:\Users\akumar29\.vscode\extensions\redhat.java-1.52.0-win32-x64\jre\21.0.9-win32-x86_64\bin\vcruntime140_1.dll
0x00007ff9519a0000 - 0x00007ff951a2d000 	c:\Users\akumar29\.vscode\extensions\redhat.java-1.52.0-win32-x64\jre\21.0.9-win32-x86_64\bin\msvcp140.dll
0x00007ff8de1e0000 - 0x00007ff8def80000 	c:\Users\akumar29\.vscode\extensions\redhat.java-1.52.0-win32-x64\jre\21.0.9-win32-x86_64\bin\server\jvm.dll
0x00007ff999bd0000 - 0x00007ff999c84000 	C:\windows\System32\ADVAPI32.dll
0x00007ff9999a0000 - 0x00007ff999a46000 	C:\windows\System32\sechost.dll
0x00007ff99b770000 - 0x00007ff99b888000 	C:\windows\System32\RPCRT4.dll
0x00007ff99b8a0000 - 0x00007ff99b914000 	C:\windows\System32\WS2_32.dll
0x00007ff998300000 - 0x00007ff99835e000 	C:\windows\SYSTEM32\POWRPROF.dll
0x00007ff9862f0000 - 0x00007ff986325000 	C:\windows\SYSTEM32\WINMM.dll
0x00007ff989af0000 - 0x00007ff989afb000 	C:\windows\SYSTEM32\VERSION.dll
0x00007ff9982e0000 - 0x00007ff9982f4000 	C:\windows\SYSTEM32\UMPDC.dll
0x00007ff9970d0000 - 0x00007ff9970eb000 	C:\windows\SYSTEM32\kernel.appcore.dll
0x00007ff98f780000 - 0x00007ff98f78a000 	c:\Users\akumar29\.vscode\extensions\redhat.java-1.52.0-win32-x64\jre\21.0.9-win32-x86_64\bin\jimage.dll
0x00007ff9891f0000 - 0x00007ff989432000 	C:\windows\SYSTEM32\DBGHELP.DLL
0x00007ff99af60000 - 0x00007ff99b2e6000 	C:\windows\System32\combase.dll
0x00007ff99b2f0000 - 0x00007ff99b3c7000 	C:\windows\System32\OLEAUT32.dll
0x00007ff969390000 - 0x00007ff9693cb000 	C:\windows\SYSTEM32\dbgcore.DLL
0x00007ff998e90000 - 0x00007ff998f35000 	C:\windows\System32\bcryptPrimitives.dll
0x00007ff98f4f0000 - 0x00007ff98f4ff000 	c:\Users\akumar29\.vscode\extensions\redhat.java-1.52.0-win32-x64\jre\21.0.9-win32-x86_64\bin\instrument.dll
0x00007ff978550000 - 0x00007ff978570000 	c:\Users\akumar29\.vscode\extensions\redhat.java-1.52.0-win32-x64\jre\21.0.9-win32-x86_64\bin\java.dll
0x00007ff99a3a0000 - 0x00007ff99aaf2000 	C:\windows\System32\SHELL32.dll
0x00007ff998d20000 - 0x00007ff998e8a000 	C:\windows\System32\wintypes.dll
0x00007ff9990f0000 - 0x00007ff999953000 	C:\windows\System32\windows.storage.dll
0x00007ff99b570000 - 0x00007ff99b666000 	C:\windows\System32\SHCORE.dll
0x00007ff99b940000 - 0x00007ff99b9a7000 	C:\windows\System32\shlwapi.dll
0x00007ff9983c0000 - 0x00007ff9983e9000 	C:\windows\SYSTEM32\profapi.dll
0x00007ff976c30000 - 0x00007ff976c48000 	c:\Users\akumar29\.vscode\extensions\redhat.java-1.52.0-win32-x64\jre\21.0.9-win32-x86_64\bin\zip.dll
0x00007ff9897b0000 - 0x00007ff9897c0000 	C:\Users\akumar29\.vscode\extensions\redhat.java-1.52.0-win32-x64\jre\21.0.9-win32-x86_64\bin\net.dll
0x00007ff9970f0000 - 0x00007ff997217000 	C:\windows\SYSTEM32\WINHTTP.dll
0x00007ff997750000 - 0x00007ff9977bb000 	C:\windows\system32\mswsock.dll
0x00007ff974c00000 - 0x00007ff974c16000 	C:\Users\akumar29\.vscode\extensions\redhat.java-1.52.0-win32-x64\jre\21.0.9-win32-x86_64\bin\nio.dll
0x00007ff989760000 - 0x00007ff989770000 	c:\Users\akumar29\.vscode\extensions\redhat.java-1.52.0-win32-x64\jre\21.0.9-win32-x86_64\bin\verify.dll
0x00007ff9517e0000 - 0x00007ff951825000 	C:\Users\akumar29\AppData\Roaming\Code\User\globalStorage\redhat.java\1.52.0\config_win\org.eclipse.equinox.launcher\org.eclipse.equinox.launcher.win32.win32.x86_64_1.2.1500.v20260121-1430\eclipse_11919.dll
0x00007ff99ab00000 - 0x00007ff99ac97000 	C:\windows\System32\ole32.dll
0x00007ff98f6d0000 - 0x00007ff98f6da000 	C:\Users\akumar29\.vscode\extensions\redhat.java-1.52.0-win32-x64\jre\21.0.9-win32-x86_64\bin\management.dll
0x00007ff98f6c0000 - 0x00007ff98f6cc000 	C:\Users\akumar29\.vscode\extensions\redhat.java-1.52.0-win32-x64\jre\21.0.9-win32-x86_64\bin\management_ext.dll
0x00007ff99bab0000 - 0x00007ff99bab8000 	C:\windows\System32\PSAPI.DLL
0x00007ff997b40000 - 0x00007ff997b5b000 	C:\windows\SYSTEM32\CRYPTSP.dll
0x00007ff997030000 - 0x00007ff997069000 	C:\windows\system32\rsaenh.dll
0x00007ff997800000 - 0x00007ff99782b000 	C:\windows\SYSTEM32\USERENV.dll
0x00007ff998390000 - 0x00007ff9983ba000 	C:\windows\SYSTEM32\bcrypt.dll
0x00007ff997b20000 - 0x00007ff997b2c000 	C:\windows\SYSTEM32\CRYPTBASE.dll
0x00007ff996980000 - 0x00007ff9969b4000 	C:\windows\SYSTEM32\IPHLPAPI.DLL
0x00007ff99aca0000 - 0x00007ff99acaa000 	C:\windows\System32\NSI.dll
0x00007ff955da0000 - 0x00007ff955de9000 	C:\Users\akumar29\AppData\Local\Temp\jna-1180799354\jna10685620059154987458.dll
0x00007ff992b50000 - 0x00007ff992b6e000 	C:\windows\SYSTEM32\dhcpcsvc6.DLL
0x00007ff992b20000 - 0x00007ff992b43000 	C:\windows\SYSTEM32\dhcpcsvc.DLL
0x00007ff993a30000 - 0x00007ff993a3e000 	C:\Users\akumar29\.vscode\extensions\redhat.java-1.52.0-win32-x64\jre\21.0.9-win32-x86_64\bin\sunmscapi.dll
0x00007ff998f70000 - 0x00007ff9990e7000 	C:\windows\System32\CRYPT32.dll
0x00007ff997ca0000 - 0x00007ff997cd0000 	C:\windows\SYSTEM32\ncrypt.dll
0x00007ff997c50000 - 0x00007ff997c8f000 	C:\windows\SYSTEM32\NTASN1.dll
0x00007ff996a60000 - 0x00007ff996b8c000 	C:\windows\SYSTEM32\DNSAPI.dll
0x00007ff989b50000 - 0x00007ff989b5b000 	C:\Windows\System32\rasadhlp.dll
0x00007ff992ff0000 - 0x00007ff993076000 	C:\windows\System32\fwpuclnt.dll
0x00007ff993a20000 - 0x00007ff993a29000 	C:\Users\akumar29\.vscode\extensions\redhat.java-1.52.0-win32-x64\jre\21.0.9-win32-x86_64\bin\extnet.dll

JVMTI agents:
c:\Users\akumar29\.vscode\extensions\redhat.java-1.52.0-win32-x64\lombok\lombok-1.18.39-4050.jar path:c:\Users\akumar29\.vscode\extensions\redhat.java-1.52.0-win32-x64\jre\21.0.9-win32-x86_64\bin\instrument.dll, loaded, initialized, instrumentlib options:none

dbghelp: loaded successfully - version: 4.0.5 - missing functions: none
symbol engine: initialized successfully - sym options: 0x614 - pdb path: .;c:\Users\akumar29\.vscode\extensions\redhat.java-1.52.0-win32-x64\jre\21.0.9-win32-x86_64\bin;C:\windows\SYSTEM32;C:\windows\WinSxS\amd64_microsoft.windows.common-controls_6595b64144ccf1df_6.0.26100.7824_none_3e0870b2e3345462;c:\Users\akumar29\.vscode\extensions\redhat.java-1.52.0-win32-x64\jre\21.0.9-win32-x86_64\bin\server;C:\Users\akumar29\AppData\Roaming\Code\User\globalStorage\redhat.java\1.52.0\config_win\org.eclipse.equinox.launcher\org.eclipse.equinox.launcher.win32.win32.x86_64_1.2.1500.v20260121-1430;C:\Users\akumar29\AppData\Local\Temp\jna-1180799354

VM Arguments:
jvm_args: --add-modules=ALL-SYSTEM --add-opens=java.base/java.util=ALL-UNNAMED --add-opens=java.base/java.lang=ALL-UNNAMED --add-opens=java.base/sun.nio.fs=ALL-UNNAMED -Declipse.application=org.eclipse.jdt.ls.core.id1 -Dosgi.bundles.defaultStartLevel=4 -Declipse.product=org.eclipse.jdt.ls.core.product -Djava.import.generatesMetadataFilesAtProjectRoot=false -DDetectVMInstallationsJob.disabled=true -Dfile.encoding=utf8 -XX:+UseParallelGC -XX:GCTimeRatio=4 -XX:AdaptiveSizePolicyWeight=90 -Dsun.zip.disableMemoryMapping=true -Xmx2G -Xms100m -Xlog:disable -javaagent:c:\Users\akumar29\.vscode\extensions\redhat.java-1.52.0-win32-x64\lombok\lombok-1.18.39-4050.jar -XX:+HeapDumpOnOutOfMemoryError -XX:HeapDumpPath=c:\Users\akumar29\AppData\Roaming\Code\User\workspaceStorage\6650025321ff11406e602522cd7e5464\redhat.java -Daether.dependencyCollector.impl=bf 
java_command: c:\Users\akumar29\.vscode\extensions\redhat.java-1.52.0-win32-x64\server\plugins\org.eclipse.equinox.launcher_1.7.100.v20251111-0406.jar -configuration c:\Users\akumar29\AppData\Roaming\Code\User\globalStorage\redhat.java\1.52.0\config_win -data c:\Users\akumar29\AppData\Roaming\Code\User\workspaceStorage\6650025321ff11406e602522cd7e5464\redhat.java\jdt_ws --pipe=\\.\pipe\lsp-7639d68e9684e35a04182db0832fd98e-sock
java_class_path (initial): c:\Users\akumar29\.vscode\extensions\redhat.java-1.52.0-win32-x64\server\plugins\org.eclipse.equinox.launcher_1.7.100.v20251111-0406.jar
Launcher Type: SUN_STANDARD

[Global flags]
    uintx AdaptiveSizePolicyWeight                 = 90                                        {product} {command line}
     intx CICompilerCount                          = 12                                        {product} {ergonomic}
    uintx GCTimeRatio                              = 4                                         {product} {command line}
     bool HeapDumpOnOutOfMemoryError               = true                                   {manageable} {command line}
    ccstr HeapDumpPath                             = c:\Users\akumar29\AppData\Roaming\Code\User\workspaceStorage\6650025321ff11406e602522cd7e5464\redhat.java         {manageable} {command line}
   size_t InitialHeapSize                          = 104857600                                 {product} {command line}
   size_t MaxHeapSize                              = 2147483648                                {product} {command line}
   size_t MaxNewSize                               = 715653120                                 {product} {ergonomic}
   size_t MinHeapDeltaBytes                        = 524288                                    {product} {ergonomic}
   size_t MinHeapSize                              = 104857600                                 {product} {command line}
   size_t NewSize                                  = 34603008                                  {product} {ergonomic}
    uintx NonNMethodCodeHeapSize                   = 7602480                                {pd product} {ergonomic}
    uintx NonProfiledCodeHeapSize                  = 122027880                              {pd product} {ergonomic}
   size_t OldSize                                  = 70254592                                  {product} {ergonomic}
    uintx ProfiledCodeHeapSize                     = 122027880                              {pd product} {ergonomic}
    uintx ReservedCodeCacheSize                    = 251658240                              {pd product} {ergonomic}
     bool SegmentedCodeCache                       = true                                      {product} {ergonomic}
   size_t SoftMaxHeapSize                          = 2147483648                             {manageable} {ergonomic}
     bool UseCompressedOops                        = true                           {product lp64_product} {ergonomic}
     bool UseLargePagesIndividualAllocation        = false                                  {pd product} {ergonomic}
     bool UseParallelGC                            = true                                      {product} {command line}

Logging:
Log output configuration:
 #0: stdout all=off uptime,level,tags foldmultilines=false
 #1: stderr all=off uptime,level,tags foldmultilines=false

Release file:
JAVA_VERSION="21.0.9" 
MODULES="java.base java.compiler java.datatransfer java.xml java.prefs java.desktop java.instrument java.logging java.management java.security.sasl java.naming java.rmi java.management.rmi java.net.http java.scripting java.security.jgss java.transaction.xa java.sql java.sql.rowset java.xml.crypto java.se java.smartcardio jdk.accessibility jdk.internal.jvmstat jdk.attach jdk.charsets jdk.internal.opt jdk.zipfs jdk.compiler jdk.crypto.ec jdk.crypto.cryptoki jdk.crypto.mscapi jdk.dynalink jdk.internal.ed jdk.editpad jdk.hotspot.agent jdk.httpserver jdk.internal.le jdk.internal.vm.ci jdk.internal.vm.compiler jdk.internal.vm.compiler.management jdk.jartool jdk.javadoc jdk.jcmd jdk.management jdk.management.agent jdk.jconsole jdk.jdeps jdk.jdwp.agent jdk.jdi jdk.jfr jdk.jshell jdk.jsobject jdk.jstatd jdk.localedata jdk.management.jfr jdk.naming.dns jdk.naming.rmi jdk.net jdk.nio.mapmode jdk.random jdk.sctp jdk.security.auth jdk.security.jgss jdk.unsupported jdk.unsupported.desktop jdk.xml.dom" 

Environment Variables:
PATH=C:\Program Files\Common Files\Oracle\Java\javapath;C:\windows\system32;C:\windows;C:\windows\System32\Wbem;C:\windows\System32\WindowsPowerShell\v1.0\;C:\windows\System32\OpenSSH\;C:\Program Files\Java\jdk-25.0.2\bin;C:\Users\akumar29\Git\bin;C:\Users\akumar29\Git\cmd;C:\Program Files\nodejs\;C:\Users\akumar29\AppData\Local\Microsoft\WindowsApps;C:\Users\akumar29\AppData\Local\Programs\Microsoft VS Code\bin;C:\Users\akumar29\AppData\Local\Programs\Git\cmd;C:\Users\akumar29\AppData\Roaming\npm
USERNAME=akumar29
OS=Windows_NT
PROCESSOR_IDENTIFIER=Intel64 Family 6 Model 170 Stepping 4, GenuineIntel
TMP=C:\Users\akumar29\AppData\Local\Temp
TEMP=C:\Users\akumar29\AppData\Local\Temp




Periodic native trim disabled

---------------  S Y S T E M  ---------------

OS:
 Windows 11 , 64 bit Build 26100 (10.0.26100.7705)
OS uptime: 10 days 18:10 hours
Hyper-V role detected

CPU: total 22 (initial active 22) (11 cores per cpu, 2 threads per core) family 6 model 170 stepping 4 microcode 0x24, cx8, cmov, fxsr, ht, mmx, 3dnowpref, sse, sse2, sse3, ssse3, sse4.1, sse4.2, popcnt, lzcnt, tsc, tscinvbit, avx, avx2, aes, erms, clmul, bmi1, bmi2, adx, sha, fma, vzeroupper, clflush, clflushopt, clwb, hv, serialize, rdtscp, rdpid, fsrm, f16c, cet_ibt, cet_ss
Processor Information for processor 0
  Max Mhz: 1400, Current Mhz: 1400, Mhz Limit: 1400
Processor Information for processor 1
  Max Mhz: 1400, Current Mhz: 1400, Mhz Limit: 1400
Processor Information for processor 2
  Max Mhz: 900, Current Mhz: 900, Mhz Limit: 900
Processor Information for processor 3
  Max Mhz: 900, Current Mhz: 900, Mhz Limit: 900
Processor Information for processor 4
  Max Mhz: 900, Current Mhz: 900, Mhz Limit: 900
Processor Information for processor 5
  Max Mhz: 900, Current Mhz: 900, Mhz Limit: 900
Processor Information for processor 6
  Max Mhz: 900, Current Mhz: 900, Mhz Limit: 900
Processor Information for processor 7
  Max Mhz: 900, Current Mhz: 900, Mhz Limit: 900
Processor Information for processor 8
  Max Mhz: 900, Current Mhz: 900, Mhz Limit: 900
Processor Information for processor 9
  Max Mhz: 900, Current Mhz: 900, Mhz Limit: 900
Processor Information for processor 10
  Max Mhz: 1400, Current Mhz: 1400, Mhz Limit: 1400
Processor Information for processor 11
  Max Mhz: 1400, Current Mhz: 1400, Mhz Limit: 1400
Processor Information for processor 12
  Max Mhz: 1400, Current Mhz: 1400, Mhz Limit: 1400
Processor Information for processor 13
  Max Mhz: 1400, Current Mhz: 1400, Mhz Limit: 1400
Processor Information for processor 14
  Max Mhz: 1400, Current Mhz: 1400, Mhz Limit: 1400
Processor Information for processor 15
  Max Mhz: 1400, Current Mhz: 1400, Mhz Limit: 1400
Processor Information for processor 16
  Max Mhz: 1400, Current Mhz: 1400, Mhz Limit: 1400
Processor Information for processor 17
  Max Mhz: 1400, Current Mhz: 1400, Mhz Limit: 1400
Processor Information for processor 18
  Max Mhz: 1400, Current Mhz: 1400, Mhz Limit: 1400
Processor Information for processor 19
  Max Mhz: 1400, Current Mhz: 1400, Mhz Limit: 1400
Processor Information for processor 20
  Max Mhz: 700, Current Mhz: 700, Mhz Limit: 700
Processor Information for processor 21
  Max Mhz: 700, Current Mhz: 700, Mhz Limit: 700

Memory: 4k page, system-wide physical 15804M (1840M free)
TotalPageFile size 64956M (AvailPageFile size 9M)
current process WorkingSet (physical memory assigned to process): 604M, peak: 604M
current process commit charge ("private bytes"): 626M, peak: 629M

vm_info: OpenJDK 64-Bit Server VM (21.0.9+10-LTS) for windows-amd64 JRE (21.0.9+10-LTS), built on 2025-10-21T00:00:00Z by "admin" with unknown MS VC++:1942

END.
