#
# There is insufficient memory for the Java Runtime Environment to continue.
# Native memory allocation (malloc) failed to allocate 145216 bytes. Error detail: Chunk::new
# Possible reasons:
#   The system is out of physical RAM or swap space
#   This process is running with CompressedOops enabled, and the Java Heap may be blocking the growth of the native heap
# Possible solutions:
#   Reduce memory load on the system
#   Increase physical memory or swap space
#   Check if swap backing store is full
#   Decrease Java heap size (-Xmx/-Xms)
#   Decrease number of Java threads
#   Decrease Java thread stack sizes (-Xss)
#   Set larger code cache with -XX:ReservedCodeCacheSize=
#   JVM is running with Unscaled Compressed Oops mode in which the Java heap is
#     placed in the first 4GB address space. The Java Heap base address is the
#     maximum limit for the native heap growth. Please use -XX:HeapBaseMinAddress
#     to set the Java Heap base and to place the Java Heap above 4GB virtual address.
# This output file may be truncated or incomplete.
#
#  Out of Memory Error (arena.cpp:168), pid=51420, tid=61292
#
# JRE version: OpenJDK Runtime Environment Temurin-21.0.9+10 (21.0.9+10) (build 21.0.9+10-LTS)
# Java VM: OpenJDK 64-Bit Server VM Temurin-21.0.9+10 (21.0.9+10-LTS, mixed mode, sharing, tiered, compressed oops, compressed class ptrs, parallel gc, windows-amd64)
# No core dump will be written. Minidumps are not enabled by default on client versions of Windows
#

---------------  S U M M A R Y ------------

Command Line: --add-modules=ALL-SYSTEM --add-opens=java.base/java.util=ALL-UNNAMED --add-opens=java.base/java.lang=ALL-UNNAMED --add-opens=java.base/sun.nio.fs=ALL-UNNAMED -Declipse.application=org.eclipse.jdt.ls.core.id1 -Dosgi.bundles.defaultStartLevel=4 -Declipse.product=org.eclipse.jdt.ls.core.product -Djava.import.generatesMetadataFilesAtProjectRoot=false -DDetectVMInstallationsJob.disabled=true -Dfile.encoding=utf8 -XX:+UseParallelGC -XX:GCTimeRatio=4 -XX:AdaptiveSizePolicyWeight=90 -Dsun.zip.disableMemoryMapping=true -Xmx2G -Xms100m -Xlog:disable -javaagent:c:\Users\akumar29\.vscode\extensions\redhat.java-1.52.0-win32-x64\lombok\lombok-1.18.39-4050.jar -XX:+HeapDumpOnOutOfMemoryError -XX:HeapDumpPath=c:\Users\akumar29\AppData\Roaming\Code\User\workspaceStorage\6650025321ff11406e602522cd7e5464\redhat.java -Daether.dependencyCollector.impl=bf c:\Users\akumar29\.vscode\extensions\redhat.java-1.52.0-win32-x64\server\plugins\org.eclipse.equinox.launcher_1.7.100.v20251111-0406.jar -configuration c:\Users\akumar29\AppData\Roaming\Code\User\globalStorage\redhat.java\1.52.0\config_win -data c:\Users\akumar29\AppData\Roaming\Code\User\workspaceStorage\6650025321ff11406e602522cd7e5464\redhat.java\jdt_ws --pipe=\\.\pipe\lsp-2512c003f8cbb53d29e852a5d619e12e-sock

Host: Intel(R) Core(TM) Ultra 7 165H, 22 cores, 15G,  Windows 11 , 64 bit Build 26100 (10.0.26100.7705)
Time: Wed Feb 25 09:45:50 2026 India Standard Time elapsed time: 32.293661 seconds (0d 0h 0m 32s)

---------------  T H R E A D  ---------------

Current thread (0x00000202ead530b0):  JavaThread "C2 CompilerThread7" daemon [_thread_in_native, id=61292, stack(0x0000007ad6500000,0x0000007ad6600000) (1024K)]


Current CompileTask:
C2:32293 9125       4       java.util.regex.Pattern$CharPropertyGreedy::match (160 bytes)

Stack: [0x0000007ad6500000,0x0000007ad6600000]
Native frames: (J=compiled Java code, j=interpreted, Vv=VM code, C=native code)
V  [jvm.dll+0x6d6e29]
V  [jvm.dll+0x8b4b76]
V  [jvm.dll+0x8b712e]
V  [jvm.dll+0x8b7813]
V  [jvm.dll+0x283d86]
V  [jvm.dll+0xc66ed]
V  [jvm.dll+0xc6c31]
V  [jvm.dll+0x3be53b]
V  [jvm.dll+0x1e3d59]
V  [jvm.dll+0x24c0f3]
V  [jvm.dll+0x24b580]
V  [jvm.dll+0x1cb13e]
V  [jvm.dll+0x25b29d]
V  [jvm.dll+0x25982a]
V  [jvm.dll+0x3f7ea6]
V  [jvm.dll+0x85e9ad]
V  [jvm.dll+0x6d565d]
C  [ucrtbase.dll+0x37b0]
C  [KERNEL32.DLL+0x2e8d7]
C  [ntdll.dll+0x8c40c]


---------------  P R O C E S S  ---------------

Threads class SMR info:
_java_thread_list=0x00000202f8e12e00, length=85, elements={
0x00000202c9c022e0, 0x00000202c9bae190, 0x00000202c9ca5100, 0x00000202c9cb0040,
0x00000202c9cb0e20, 0x00000202c9cb3180, 0x00000202c9cb5130, 0x00000202e19e83c0,
0x00000202c9cbe6b0, 0x00000202e1c41d10, 0x00000202e8173a20, 0x00000202e8601f40,
0x00000202e8660ab0, 0x00000202e8c3ef60, 0x00000202e879be40, 0x00000202e8f3a780,
0x00000202e926eb10, 0x00000202e93e4fd0, 0x00000202e9310fe0, 0x00000202e94009f0,
0x00000202e9401da0, 0x00000202e93ff640, 0x00000202e9402430, 0x00000202e93ffcd0,
0x00000202e9401710, 0x00000202e93fefb0, 0x00000202e9400360, 0x00000202e9401080,
0x00000202eaf30180, 0x00000202eaf31530, 0x00000202eaf30ea0, 0x00000202eaf2faf0,
0x00000202eaf31bc0, 0x00000202eaf32250, 0x00000202eaf328e0, 0x00000202eaf32f70,
0x00000202eaf33600, 0x00000202eaf30810, 0x00000202eaf356d0, 0x00000202eaf349b0,
0x00000202eaf34320, 0x00000202eaf36a80, 0x00000202eaf37110, 0x00000202eaf363f0,
0x00000202eaf35d60, 0x00000202eaf33c90, 0x00000202eaf35040, 0x00000202eb1d4c20,
0x00000202eb1d5940, 0x00000202eb1d52b0, 0x00000202eb1d3870, 0x00000202eb1d3f00,
0x00000202eb1d6660, 0x00000202eb1d31e0, 0x00000202eb1d7380, 0x00000202eb1d6cf0,
0x00000202eb1d7a10, 0x00000202eb1d4590, 0x00000202eb1d80a0, 0x00000202eb1d9ae0,
0x00000202eb1d8730, 0x00000202eb1d8dc0, 0x00000202eb1d9450, 0x00000202eb1da170,
0x00000202fb7c3610, 0x00000202fb7c5d70, 0x00000202fb7c56e0, 0x00000202fb7c4330,
0x00000202fb7c49c0, 0x00000202fb7c6400, 0x00000202fb7c6a90, 0x00000202fb7c7120,
0x00000202fb7c5050, 0x00000202fb7c3ca0, 0x00000202fb7c9f10, 0x00000202fb7ca5a0,
0x00000202fb7c7e40, 0x00000202fb7cac30, 0x00000202ead53780, 0x00000202ead507d0,
0x00000202ead529e0, 0x00000202ead56060, 0x00000202ead56730, 0x00000202ead53e50,
0x00000202ead530b0
}

Java Threads: ( => current thread )
  0x00000202c9c022e0 JavaThread "main"                              [_thread_blocked, id=43720, stack(0x0000007ad1600000,0x0000007ad1700000) (1024K)]
  0x00000202c9bae190 JavaThread "Reference Handler"          daemon [_thread_blocked, id=50960, stack(0x0000007ad1a00000,0x0000007ad1b00000) (1024K)]
  0x00000202c9ca5100 JavaThread "Finalizer"                  daemon [_thread_blocked, id=32776, stack(0x0000007ad1b00000,0x0000007ad1c00000) (1024K)]
  0x00000202c9cb0040 JavaThread "Signal Dispatcher"          daemon [_thread_blocked, id=42320, stack(0x0000007ad1c00000,0x0000007ad1d00000) (1024K)]
  0x00000202c9cb0e20 JavaThread "Attach Listener"            daemon [_thread_blocked, id=25004, stack(0x0000007ad1d00000,0x0000007ad1e00000) (1024K)]
  0x00000202c9cb3180 JavaThread "Service Thread"             daemon [_thread_blocked, id=48472, stack(0x0000007ad1e00000,0x0000007ad1f00000) (1024K)]
  0x00000202c9cb5130 JavaThread "Monitor Deflation Thread"   daemon [_thread_blocked, id=50568, stack(0x0000007ad1f00000,0x0000007ad2000000) (1024K)]
  0x00000202e19e83c0 JavaThread "C2 CompilerThread0"         daemon [_thread_in_native, id=52132, stack(0x0000007ad2000000,0x0000007ad2100000) (1024K)]
  0x00000202c9cbe6b0 JavaThread "C1 CompilerThread0"         daemon [_thread_in_native, id=44088, stack(0x0000007ad2100000,0x0000007ad2200000) (1024K)]
  0x00000202e1c41d10 JavaThread "Common-Cleaner"             daemon [_thread_blocked, id=20232, stack(0x0000007ad2500000,0x0000007ad2600000) (1024K)]
  0x00000202e8173a20 JavaThread "Notification Thread"        daemon [_thread_blocked, id=39008, stack(0x0000007ad2700000,0x0000007ad2800000) (1024K)]
  0x00000202e8601f40 JavaThread "Active Thread: Equinox Container: 46694b1c-f3c1-4227-924e-2147ceec49fb"        [_thread_in_vm, id=25636, stack(0x0000007ad3100000,0x0000007ad3200000) (1024K)]
  0x00000202e8660ab0 JavaThread "Refresh Thread: Equinox Container: 46694b1c-f3c1-4227-924e-2147ceec49fb" daemon [_thread_blocked, id=29124, stack(0x0000007ad3200000,0x0000007ad3300000) (1024K)]
  0x00000202e8c3ef60 JavaThread "Framework Event Dispatcher: Equinox Container: 46694b1c-f3c1-4227-924e-2147ceec49fb" daemon [_thread_blocked, id=28600, stack(0x0000007ad3300000,0x0000007ad3400000) (1024K)]
  0x00000202e879be40 JavaThread "Start Level: Equinox Container: 46694b1c-f3c1-4227-924e-2147ceec49fb" daemon [_thread_blocked, id=28716, stack(0x0000007ad3400000,0x0000007ad3500000) (1024K)]
  0x00000202e8f3a780 JavaThread "Bundle File Closer"         daemon [_thread_blocked, id=42124, stack(0x0000007ad3800000,0x0000007ad3900000) (1024K)]
  0x00000202e926eb10 JavaThread "SCR Component Actor"        daemon [_thread_blocked, id=58328, stack(0x0000007ad2800000,0x0000007ad2900000) (1024K)]
  0x00000202e93e4fd0 JavaThread "Worker-JM"                         [_thread_blocked, id=7604, stack(0x0000007ad3a00000,0x0000007ad3b00000) (1024K)]
  0x00000202e9310fe0 JavaThread "JNA Cleaner"                daemon [_thread_blocked, id=31568, stack(0x0000007ad3900000,0x0000007ad3a00000) (1024K)]
  0x00000202e94009f0 JavaThread "Worker-0"                          [_thread_blocked, id=7452, stack(0x0000007ad3e00000,0x0000007ad3f00000) (1024K)]
  0x00000202e9401da0 JavaThread "Worker-1"                          [_thread_blocked, id=41244, stack(0x0000007ad3f00000,0x0000007ad4000000) (1024K)]
  0x00000202e93ff640 JavaThread "Worker-2: Building"                [_thread_in_vm, id=55224, stack(0x0000007ad4100000,0x0000007ad4200000) (1024K)]
  0x00000202e9402430 JavaThread "Java indexing"              daemon [_thread_in_native, id=11360, stack(0x0000007ad4500000,0x0000007ad4600000) (1024K)]
  0x00000202e93ffcd0 JavaThread "Worker-3"                          [_thread_blocked, id=26604, stack(0x0000007ad4600000,0x0000007ad4700000) (1024K)]
  0x00000202e9401710 JavaThread "Worker-4: Java indexing... "        [_thread_blocked, id=17352, stack(0x0000007ad4400000,0x0000007ad4500000) (1024K)]
  0x00000202e93fefb0 JavaThread "Worker-5"                          [_thread_blocked, id=57456, stack(0x0000007ad4a00000,0x0000007ad4b00000) (1024K)]
  0x00000202e9400360 JavaThread "Thread-1"                   daemon [_thread_in_native, id=18076, stack(0x0000007ad4b00000,0x0000007ad4c00000) (1024K)]
  0x00000202e9401080 JavaThread "Thread-2"                   daemon [_thread_in_native, id=51496, stack(0x0000007ad4c00000,0x0000007ad4d00000) (1024K)]
  0x00000202eaf30180 JavaThread "Thread-3"                   daemon [_thread_in_native, id=56712, stack(0x0000007ad4d00000,0x0000007ad4e00000) (1024K)]
  0x00000202eaf31530 JavaThread "Thread-4"                   daemon [_thread_in_native, id=53372, stack(0x0000007ad4e00000,0x0000007ad4f00000) (1024K)]
  0x00000202eaf30ea0 JavaThread "Thread-5"                   daemon [_thread_in_native, id=38656, stack(0x0000007ad4f00000,0x0000007ad5000000) (1024K)]
  0x00000202eaf2faf0 JavaThread "Thread-6"                   daemon [_thread_in_native, id=52668, stack(0x0000007ad5000000,0x0000007ad5100000) (1024K)]
  0x00000202eaf31bc0 JavaThread "Thread-7"                   daemon [_thread_in_native, id=58524, stack(0x0000007ad5100000,0x0000007ad5200000) (1024K)]
  0x00000202eaf32250 JavaThread "Thread-8"                   daemon [_thread_in_native, id=29760, stack(0x0000007ad5200000,0x0000007ad5300000) (1024K)]
  0x00000202eaf328e0 JavaThread "Thread-9"                   daemon [_thread_in_native, id=48124, stack(0x0000007ad5300000,0x0000007ad5400000) (1024K)]
  0x00000202eaf32f70 JavaThread "Thread-10"                  daemon [_thread_in_native, id=29524, stack(0x0000007ad5400000,0x0000007ad5500000) (1024K)]
  0x00000202eaf33600 JavaThread "Thread-11"                  daemon [_thread_in_native, id=34876, stack(0x0000007ad5500000,0x0000007ad5600000) (1024K)]
  0x00000202eaf30810 JavaThread "Thread-12"                  daemon [_thread_in_native, id=24540, stack(0x0000007ad5600000,0x0000007ad5700000) (1024K)]
  0x00000202eaf356d0 JavaThread "Thread-13"                  daemon [_thread_in_native, id=46440, stack(0x0000007ad5700000,0x0000007ad5800000) (1024K)]
  0x00000202eaf349b0 JavaThread "Thread-14"                  daemon [_thread_in_native, id=60532, stack(0x0000007ad5800000,0x0000007ad5900000) (1024K)]
  0x00000202eaf34320 JavaThread "Thread-15"                  daemon [_thread_in_native, id=32340, stack(0x0000007ad5900000,0x0000007ad5a00000) (1024K)]
  0x00000202eaf36a80 JavaThread "Thread-16"                  daemon [_thread_in_native, id=8, stack(0x0000007ad5a00000,0x0000007ad5b00000) (1024K)]
  0x00000202eaf37110 JavaThread "Thread-17"                  daemon [_thread_in_native, id=59256, stack(0x0000007ad5b00000,0x0000007ad5c00000) (1024K)]
  0x00000202eaf363f0 JavaThread "Thread-18"                  daemon [_thread_in_native, id=18124, stack(0x0000007ad5c00000,0x0000007ad5d00000) (1024K)]
  0x00000202eaf35d60 JavaThread "Thread-19"                  daemon [_thread_in_native, id=32164, stack(0x0000007ad5d00000,0x0000007ad5e00000) (1024K)]
  0x00000202eaf33c90 JavaThread "Thread-20"                  daemon [_thread_in_native, id=51708, stack(0x0000007ad5e00000,0x0000007ad5f00000) (1024K)]
  0x00000202eaf35040 JavaThread "Thread-21"                  daemon [_thread_in_native, id=51324, stack(0x0000007ad5f00000,0x0000007ad6000000) (1024K)]
  0x00000202eb1d4c20 JavaThread "Thread-22"                  daemon [_thread_in_native, id=33212, stack(0x0000007ad6000000,0x0000007ad6100000) (1024K)]
  0x00000202eb1d5940 JavaThread "Thread-23"                  daemon [_thread_in_native, id=46140, stack(0x0000007ad6100000,0x0000007ad6200000) (1024K)]
  0x00000202eb1d52b0 JavaThread "pool-2-thread-1"                   [_thread_blocked, id=39124, stack(0x0000007ad6400000,0x0000007ad6500000) (1024K)]
  0x00000202eb1d3870 JavaThread "WorkspaceEventsHandler"            [_thread_blocked, id=11404, stack(0x0000007ad6800000,0x0000007ad6900000) (1024K)]
  0x00000202eb1d3f00 JavaThread "pool-1-thread-1"                   [_thread_blocked, id=61304, stack(0x0000007ad6900000,0x0000007ad6a00000) (1024K)]
  0x00000202eb1d6660 JavaThread "LocalFile Deleter"          daemon [_thread_blocked, id=49712, stack(0x0000007ad6a00000,0x0000007ad6b00000) (1024K)]
  0x00000202eb1d31e0 JavaThread "LocalFile Deleter"          daemon [_thread_blocked, id=20080, stack(0x0000007ad6b00000,0x0000007ad6c00000) (1024K)]
  0x00000202eb1d7380 JavaThread "LocalFile Deleter"          daemon [_thread_blocked, id=49836, stack(0x0000007ad6c00000,0x0000007ad6d00000) (1024K)]
  0x00000202eb1d6cf0 JavaThread "LocalFile Deleter"          daemon [_thread_blocked, id=26736, stack(0x0000007ad6d00000,0x0000007ad6e00000) (1024K)]
  0x00000202eb1d7a10 JavaThread "LocalFile Deleter"          daemon [_thread_blocked, id=6148, stack(0x0000007ad6e00000,0x0000007ad6f00000) (1024K)]
  0x00000202eb1d4590 JavaThread "LocalFile Deleter"          daemon [_thread_blocked, id=17808, stack(0x0000007ad6f00000,0x0000007ad7000000) (1024K)]
  0x00000202eb1d80a0 JavaThread "LocalFile Deleter"          daemon [_thread_blocked, id=49176, stack(0x0000007ad7000000,0x0000007ad7100000) (1024K)]
  0x00000202eb1d9ae0 JavaThread "LocalFile Deleter"          daemon [_thread_blocked, id=23420, stack(0x0000007ad7100000,0x0000007ad7200000) (1024K)]
  0x00000202eb1d8730 JavaThread "LocalFile Deleter"          daemon [_thread_blocked, id=50016, stack(0x0000007ad7200000,0x0000007ad7300000) (1024K)]
  0x00000202eb1d8dc0 JavaThread "LocalFile Deleter"          daemon [_thread_blocked, id=38572, stack(0x0000007ad7300000,0x0000007ad7400000) (1024K)]
  0x00000202eb1d9450 JavaThread "LocalFile Deleter"          daemon [_thread_blocked, id=47512, stack(0x0000007ad7400000,0x0000007ad7500000) (1024K)]
  0x00000202eb1da170 JavaThread "Compiler Source File Reader" daemon [_thread_blocked, id=12412, stack(0x0000007ad7500000,0x0000007ad7600000) (1024K)]
  0x00000202fb7c3610 JavaThread "Compiler Source File Reader" daemon [_thread_blocked, id=47004, stack(0x0000007ad7600000,0x0000007ad7700000) (1024K)]
  0x00000202fb7c5d70 JavaThread "Compiler Source File Reader" daemon [_thread_blocked, id=44124, stack(0x0000007ad7700000,0x0000007ad7800000) (1024K)]
  0x00000202fb7c56e0 JavaThread "Compiler Source File Reader" daemon [_thread_blocked, id=57628, stack(0x0000007ad7800000,0x0000007ad7900000) (1024K)]
  0x00000202fb7c4330 JavaThread "Compiler Source File Reader" daemon [_thread_blocked, id=49668, stack(0x0000007ad7900000,0x0000007ad7a00000) (1024K)]
  0x00000202fb7c49c0 JavaThread "Compiler Source File Reader" daemon [_thread_blocked, id=35272, stack(0x0000007ad7a00000,0x0000007ad7b00000) (1024K)]
  0x00000202fb7c6400 JavaThread "Compiler Source File Reader" daemon [_thread_blocked, id=20500, stack(0x0000007ad7b00000,0x0000007ad7c00000) (1024K)]
  0x00000202fb7c6a90 JavaThread "Compiler Source File Reader" daemon [_thread_blocked, id=53596, stack(0x0000007ad7c00000,0x0000007ad7d00000) (1024K)]
  0x00000202fb7c7120 JavaThread "Compiler Source File Reader" daemon [_thread_blocked, id=22860, stack(0x0000007ad7d00000,0x0000007ad7e00000) (1024K)]
  0x00000202fb7c5050 JavaThread "Compiler Source File Reader" daemon [_thread_blocked, id=36252, stack(0x0000007ad7e00000,0x0000007ad7f00000) (1024K)]
  0x00000202fb7c3ca0 JavaThread "Compiler Source File Reader" daemon [_thread_blocked, id=28228, stack(0x0000007ad7f00000,0x0000007ad8000000) (1024K)]
  0x00000202fb7c9f10 JavaThread "Compiler Source File Reader" daemon [_thread_blocked, id=30824, stack(0x0000007ad8000000,0x0000007ad8100000) (1024K)]
  0x00000202fb7ca5a0 JavaThread "Compiler Source File Reader" daemon [_thread_blocked, id=36008, stack(0x0000007ad8100000,0x0000007ad8200000) (1024K)]
  0x00000202fb7c7e40 JavaThread "Compiler Source File Reader" daemon [_thread_blocked, id=38076, stack(0x0000007ad8200000,0x0000007ad8300000) (1024K)]
  0x00000202fb7cac30 JavaThread "Compiler Source File Reader" daemon [_thread_blocked, id=39256, stack(0x0000007ad8300000,0x0000007ad8400000) (1024K)]
  0x00000202ead53780 JavaThread "C2 CompilerThread1"         daemon [_thread_in_native, id=16156, stack(0x0000007ad2400000,0x0000007ad2500000) (1024K)]
  0x00000202ead507d0 JavaThread "C2 CompilerThread2"         daemon [_thread_in_native, id=34828, stack(0x0000007ad2f00000,0x0000007ad3000000) (1024K)]
  0x00000202ead529e0 JavaThread "C2 CompilerThread3"         daemon [_thread_in_native, id=50584, stack(0x0000007ad2600000,0x0000007ad2700000) (1024K)]
  0x00000202ead56060 JavaThread "C2 CompilerThread4"         daemon [_thread_in_native, id=29420, stack(0x0000007ad4300000,0x0000007ad4400000) (1024K)]
  0x00000202ead56730 JavaThread "C2 CompilerThread5"         daemon [_thread_in_native, id=37132, stack(0x0000007ad6200000,0x0000007ad6300000) (1024K)]
  0x00000202ead53e50 JavaThread "C2 CompilerThread6"         daemon [_thread_in_native, id=35744, stack(0x0000007ad6300000,0x0000007ad6400000) (1024K)]
=>0x00000202ead530b0 JavaThread "C2 CompilerThread7"         daemon [_thread_in_native, id=61292, stack(0x0000007ad6500000,0x0000007ad6600000) (1024K)]
  0x00000202ead54520 JavaThread "C1 CompilerThread1"         daemon [_thread_in_native, id=52580, stack(0x0000007ad1300000,0x0000007ad1400000) (1024K)]
Total: 86

Other Threads:
  0x00000202c9ca49a0 VMThread "VM Thread"                           [id=22200, stack(0x0000007ad1900000,0x0000007ad1a00000) (1024K)]
  0x00000202c9a8ca00 WatcherThread "VM Periodic Task Thread"        [id=46472, stack(0x0000007ad1800000,0x0000007ad1900000) (1024K)]
  0x00000202c9c214c0 WorkerThread "GC Thread#0"                     [id=52136, stack(0x0000007ad1700000,0x0000007ad1800000) (1024K)]
  0x00000202e87ab680 WorkerThread "GC Thread#1"                     [id=7980, stack(0x0000007ad2900000,0x0000007ad2a00000) (1024K)]
  0x00000202e87aba20 WorkerThread "GC Thread#2"                     [id=45556, stack(0x0000007ad2a00000,0x0000007ad2b00000) (1024K)]
  0x00000202e8147b90 WorkerThread "GC Thread#3"                     [id=21912, stack(0x0000007ad2b00000,0x0000007ad2c00000) (1024K)]
  0x00000202e8147f30 WorkerThread "GC Thread#4"                     [id=30856, stack(0x0000007ad2c00000,0x0000007ad2d00000) (1024K)]
  0x00000202e8aad1a0 WorkerThread "GC Thread#5"                     [id=28612, stack(0x0000007ad2d00000,0x0000007ad2e00000) (1024K)]
  0x00000202e8aad540 WorkerThread "GC Thread#6"                     [id=35176, stack(0x0000007ad2e00000,0x0000007ad2f00000) (1024K)]
  0x00000202e8ecad20 WorkerThread "GC Thread#7"                     [id=58412, stack(0x0000007ad3000000,0x0000007ad3100000) (1024K)]
  0x00000202e8e05360 WorkerThread "GC Thread#8"                     [id=42536, stack(0x0000007ad3500000,0x0000007ad3600000) (1024K)]
  0x00000202e8e05aa0 WorkerThread "GC Thread#9"                     [id=2604, stack(0x0000007ad3600000,0x0000007ad3700000) (1024K)]
  0x00000202e8e044e0 WorkerThread "GC Thread#10"                    [id=42616, stack(0x0000007ad3700000,0x0000007ad3800000) (1024K)]
  0x00000202e8e04880 WorkerThread "GC Thread#11"                    [id=7912, stack(0x0000007ad3b00000,0x0000007ad3c00000) (1024K)]
  0x00000202e8e04c20 WorkerThread "GC Thread#12"                    [id=4592, stack(0x0000007ad3c00000,0x0000007ad3d00000) (1024K)]
  0x00000202e8e05700 WorkerThread "GC Thread#13"                    [id=53176, stack(0x0000007ad3d00000,0x0000007ad3e00000) (1024K)]
  0x00000202e9509fb0 WorkerThread "GC Thread#14"                    [id=19764, stack(0x0000007ad4000000,0x0000007ad4100000) (1024K)]
  0x00000202e9507430 WorkerThread "GC Thread#15"                    [id=49028, stack(0x0000007ad4200000,0x0000007ad4300000) (1024K)]
Total: 18

Threads with active compile tasks:
C2 CompilerThread0  33357 9209       4       java.util.TimSort::binarySort (223 bytes)
C1 CompilerThread0  33357 9246       3       java.util.Collections$UnmodifiableMap::entrySet (32 bytes)
C2 CompilerThread1  33357 9142 %     4       org.lombokweb.asm.SymbolTable::<init> @ 98 (554 bytes)
C2 CompilerThread2  33357 9110       4       org.eclipse.jdt.internal.core.index.DiskIndex::writeDocumentNumbers (384 bytes)
C2 CompilerThread3  33357 9222       4       java.lang.String::indexOf (7 bytes)
C2 CompilerThread4  33357 9148       4       org.lombokweb.asm.ClassReader::readMethod (1070 bytes)
C2 CompilerThread5  33357 9188       4       lombok.patcher.PatchScript$MethodPatcher::visitMethod (158 bytes)
C2 CompilerThread6  33357 9185       4       lombok.patcher.Hook::convertType (64 bytes)
C2 CompilerThread7  33357 9125       4       java.util.regex.Pattern$CharPropertyGreedy::match (160 bytes)
C1 CompilerThread1  33357 9253       3       java.util.Collections$SingletonMap::hashCode (16 bytes)
C1 CompilerThread2  33357 9251       3       java.util.Collections$UnmodifiableMap::hashCode (10 bytes)
C1 CompilerThread3  33357 9223       3       java.lang.invoke.VarHandleGuards::guard_LIJ_V (135 bytes)
Total: 12

VM state: not at safepoint (normal execution)

VM Mutex/Monitor currently owned by a thread: None

Heap address: 0x0000000080000000, size: 2048 MB, Compressed Oops mode: 32-bit

CDS archive(s) mapped at: [0x0000020280000000-0x0000020280ba0000-0x0000020280ba0000), size 12189696, SharedBaseAddress: 0x0000020280000000, ArchiveRelocationMode: 1.
Compressed class space mapped at: 0x0000020281000000-0x00000202c1000000, reserved size: 1073741824
Narrow klass base: 0x0000020280000000, Narrow klass shift: 0, Narrow klass range: 0x100000000

GC Precious Log:
 CardTable entry size: 512
 CPUs: 22 total, 22 available
 Memory: 15804M
 Large Page Support: Disabled
 NUMA Support: Disabled
 Compressed Oops: Enabled (32-bit)
 Alignments: Space 512K, Generation 512K, Heap 2M
 Heap Min Capacity: 100M
 Heap Initial Capacity: 100M
 Heap Max Capacity: 2G
 Pre-touch: Disabled
 Parallel Workers: 16

Heap:
 PSYoungGen      total 8192K, used 5515K [0x00000000d5580000, 0x00000000d6080000, 0x0000000100000000)
  eden space 7168K, 67% used [0x00000000d5580000,0x00000000d5a32e60,0x00000000d5c80000)
  from space 1024K, 68% used [0x00000000d5f80000,0x00000000d6030000,0x00000000d6080000)
  to   space 1024K, 0% used [0x00000000d5e80000,0x00000000d5e80000,0x00000000d5f80000)
 ParOldGen       total 353280K, used 351457K [0x0000000080000000, 0x0000000095900000, 0x00000000d5580000)
  object space 353280K, 99% used [0x0000000080000000,0x0000000095738710,0x0000000095900000)
 Metaspace       used 60116K, committed 61440K, reserved 1114112K
  class space    used 6509K, committed 7104K, reserved 1048576K

Card table byte_map: [0x00000202c95a0000,0x00000202c99b0000] _byte_map_base: 0x00000202c91a0000

Marking Bits: (ParMarkBitMap*) 0x00007ff8deea2460
 Begin Bits: [0x00000202dc0b0000, 0x00000202de0b0000)
 End Bits:   [0x00000202de0b0000, 0x00000202e00b0000)

Polling page: 0x00000202c79d0000

Metaspace:

Usage:
  Non-class:     52.36 MB used.
      Class:      6.36 MB used.
       Both:     58.71 MB used.

Virtual space:
  Non-class space:       64.00 MB reserved,      53.06 MB ( 83%) committed,  1 nodes.
      Class space:        1.00 GB reserved,       6.94 MB ( <1%) committed,  1 nodes.
             Both:        1.06 GB reserved,      60.00 MB (  6%) committed. 

Chunk freelists:
   Non-Class:  10.88 MB
       Class:  9.09 MB
        Both:  19.97 MB

MaxMetaspaceSize: unlimited
CompressedClassSpaceSize: 1.00 GB
Initial GC threshold: 21.00 MB
Current GC threshold: 97.31 MB
CDS: on
 - commit_granule_bytes: 65536.
 - commit_granule_words: 8192.
 - virtual_space_node_default_size: 8388608.
 - enlarge_chunks_in_place: 1.
 - use_allocation_guard: 0.


Internal statistics:

num_allocs_failed_limit: 9.
num_arena_births: 1074.
num_arena_deaths: 14.
num_vsnodes_births: 2.
num_vsnodes_deaths: 0.
num_space_committed: 959.
num_space_uncommitted: 0.
num_chunks_returned_to_freelist: 23.
num_chunks_taken_from_freelist: 3752.
num_chunk_merges: 11.
num_chunk_splits: 2255.
num_chunks_enlarged: 1192.
num_inconsistent_stats: 0.

CodeHeap 'non-profiled nmethods': size=119168Kb used=5733Kb max_used=5821Kb free=113435Kb
 bounds [0x00000202d49a0000, 0x00000202d4f50000, 0x00000202dbe00000]
CodeHeap 'profiled nmethods': size=119104Kb used=17642Kb max_used=17642Kb free=101461Kb
 bounds [0x00000202cce00000, 0x00000202cdf70000, 0x00000202d4250000]
CodeHeap 'non-nmethods': size=7488Kb used=3131Kb max_used=3247Kb free=4356Kb
 bounds [0x00000202d4250000, 0x00000202d4590000, 0x00000202d49a0000]
CodeCache: size=245760Kb, used=26506Kb, max_used=26710Kb, free=219252Kb
 total_blobs=9101, nmethods=8349, adapters=655, full_count=0
Compilation: enabled, stopped_count=0, restarted_count=0

Compilation events (20 events):
Event: 30.263 Thread 0x00000202e1a8e590 nmethod 9200 0x00000202cd74ff10 code [0x00000202cd7500c0, 0x00000202cd7502c8]
Event: 30.263 Thread 0x00000202c9cbe6b0 nmethod 9194 0x00000202cd74fa10 code [0x00000202cd74fbc0, 0x00000202cd74fe18]
Event: 30.264 Thread 0x00000202e1a8e590 9195       3       org.eclipse.core.internal.jobs.JobManager::lambda$8 (48 bytes)
Event: 30.264 Thread 0x00000202c9cbe6b0 9203       3       org.lombokweb.asm.MethodWriter::visitLdcInsn (215 bytes)
Event: 30.266 Thread 0x00000202e1a8e590 nmethod 9195 0x00000202cd054990 code [0x00000202cd054ba0, 0x00000202cd0550d0]
Event: 30.268 Thread 0x00000202c9cbe6b0 nmethod 9203 0x00000202cd053590 code [0x00000202cd053820, 0x00000202cd054320]
Event: 30.269 Thread 0x00000202e1a8e590 9204       3       java.util.stream.Collectors::toSet (26 bytes)
Event: 30.270 Thread 0x00000202ead53e50 nmethod 9146 0x00000202d4bb4910 code [0x00000202d4bb4b60, 0x00000202d4bb5670]
Event: 30.270 Thread 0x00000202e1a8e590 nmethod 9204 0x00000202cd7ff510 code [0x00000202cd7ff720, 0x00000202cd7ffd78]
Event: 30.270 Thread 0x00000202c9cbe6b0 9205       3       java.util.stream.Collectors$$Lambda/0x800000045::get (8 bytes)
Event: 30.270 Thread 0x00000202e1a8e590 9206       3       org.eclipse.core.internal.jobs.InternalJob::wakeUp (9 bytes)
Event: 30.271 Thread 0x00000202c9cbe6b0 nmethod 9205 0x00000202cd74f210 code [0x00000202cd74f3e0, 0x00000202cd74f868]
Event: 30.271 Thread 0x00000202e1a8e590 nmethod 9206 0x00000202cd6c6310 code [0x00000202cd6c64c0, 0x00000202cd6c6628]
Event: 30.273 Thread 0x00000202ead53e50 9196       4       java.util.regex.Pattern$Branch::match (66 bytes)
Event: 30.284 Thread 0x00000202c9cbe6b0 9207       3       org.eclipse.jdt.ls.core.internal.handlers.InitHandler$1::belongsTo (75 bytes)
Event: 30.284 Thread 0x00000202e1a8e590 9208       3       org.eclipse.core.runtime.jobs.Job::wakeUp (6 bytes)
Event: 30.285 Thread 0x00000202e1a8e590 nmethod 9208 0x00000202cd7ff090 code [0x00000202cd7ff240, 0x00000202cd7ff400]
Event: 30.286 Thread 0x00000202c9cbe6b0 nmethod 9207 0x00000202cd7fe190 code [0x00000202cd7fe400, 0x00000202cd7fee28]
Event: 30.287 Thread 0x00000202ead53e50 nmethod 9196 0x00000202d4bb6b90 code [0x00000202d4bb6d20, 0x00000202d4bb6ef0]
Event: 30.288 Thread 0x00000202ead53e50 9185       4       lombok.patcher.Hook::convertType (64 bytes)

GC Heap History (20 events):
Event: 11.918 GC heap before
{Heap before GC invocations=223 (full 3):
 PSYoungGen      total 12288K, used 7168K [0x00000000d5580000, 0x00000000d6780000, 0x0000000100000000)
  eden space 7168K, 100% used [0x00000000d5580000,0x00000000d5c80000,0x00000000d5c80000)
  from space 5120K, 0% used [0x00000000d5c80000,0x00000000d5c80000,0x00000000d6180000)
  to   space 5632K, 0% used [0x00000000d6200000,0x00000000d6200000,0x00000000d6780000)
 ParOldGen       total 353280K, used 309302K [0x0000000080000000, 0x0000000095900000, 0x00000000d5580000)
  object space 353280K, 87% used [0x0000000080000000,0x0000000092e0d9c8,0x0000000095900000)
 Metaspace       used 58717K, committed 60032K, reserved 1114112K
  class space    used 6432K, committed 7040K, reserved 1048576K
}
Event: 11.920 GC heap after
{Heap after GC invocations=223 (full 3):
 PSYoungGen      total 11776K, used 4395K [0x00000000d5580000, 0x00000000d6680000, 0x0000000100000000)
  eden space 7168K, 0% used [0x00000000d5580000,0x00000000d5580000,0x00000000d5c80000)
  from space 4608K, 95% used [0x00000000d6200000,0x00000000d664ad50,0x00000000d6680000)
  to   space 5120K, 0% used [0x00000000d5c80000,0x00000000d5c80000,0x00000000d6180000)
 ParOldGen       total 353280K, used 309302K [0x0000000080000000, 0x0000000095900000, 0x00000000d5580000)
  object space 353280K, 87% used [0x0000000080000000,0x0000000092e0d9c8,0x0000000095900000)
 Metaspace       used 58717K, committed 60032K, reserved 1114112K
  class space    used 6432K, committed 7040K, reserved 1048576K
}
Event: 12.956 GC heap before
{Heap before GC invocations=224 (full 3):
 PSYoungGen      total 11776K, used 11563K [0x00000000d5580000, 0x00000000d6680000, 0x0000000100000000)
  eden space 7168K, 100% used [0x00000000d5580000,0x00000000d5c80000,0x00000000d5c80000)
  from space 4608K, 95% used [0x00000000d6200000,0x00000000d664ad50,0x00000000d6680000)
  to   space 5120K, 0% used [0x00000000d5c80000,0x00000000d5c80000,0x00000000d6180000)
 ParOldGen       total 353280K, used 309302K [0x0000000080000000, 0x0000000095900000, 0x00000000d5580000)
  object space 353280K, 87% used [0x0000000080000000,0x0000000092e0d9c8,0x0000000095900000)
 Metaspace       used 59049K, committed 60416K, reserved 1114112K
  class space    used 6437K, committed 7040K, reserved 1048576K
}
Event: 14.974 GC heap after
{Heap after GC invocations=224 (full 3):
 PSYoungGen      total 12288K, used 5094K [0x00000000d5580000, 0x00000000d6680000, 0x0000000100000000)
  eden space 7168K, 0% used [0x00000000d5580000,0x00000000d5580000,0x00000000d5c80000)
  from space 5120K, 99% used [0x00000000d5c80000,0x00000000d6179b60,0x00000000d6180000)
  to   space 4608K, 0% used [0x00000000d6200000,0x00000000d6200000,0x00000000d6680000)
 ParOldGen       total 353280K, used 314044K [0x0000000080000000, 0x0000000095900000, 0x00000000d5580000)
  object space 353280K, 88% used [0x0000000080000000,0x00000000932af128,0x0000000095900000)
 Metaspace       used 59049K, committed 60416K, reserved 1114112K
  class space    used 6437K, committed 7040K, reserved 1048576K
}
Event: 15.987 GC heap before
{Heap before GC invocations=225 (full 3):
 PSYoungGen      total 12288K, used 12262K [0x00000000d5580000, 0x00000000d6680000, 0x0000000100000000)
  eden space 7168K, 100% used [0x00000000d5580000,0x00000000d5c80000,0x00000000d5c80000)
  from space 5120K, 99% used [0x00000000d5c80000,0x00000000d6179b60,0x00000000d6180000)
  to   space 4608K, 0% used [0x00000000d6200000,0x00000000d6200000,0x00000000d6680000)
 ParOldGen       total 353280K, used 314048K [0x0000000080000000, 0x0000000095900000, 0x00000000d5580000)
  object space 353280K, 88% used [0x0000000080000000,0x00000000932b0188,0x0000000095900000)
 Metaspace       used 59080K, committed 60480K, reserved 1114112K
  class space    used 6437K, committed 7040K, reserved 1048576K
}
Event: 18.008 GC heap after
{Heap after GC invocations=225 (full 3):
 PSYoungGen      total 11776K, used 4595K [0x00000000d5580000, 0x00000000d6680000, 0x0000000100000000)
  eden space 7168K, 0% used [0x00000000d5580000,0x00000000d5580000,0x00000000d5c80000)
  from space 4608K, 99% used [0x00000000d6200000,0x00000000d667ccf0,0x00000000d6680000)
  to   space 5120K, 0% used [0x00000000d5c80000,0x00000000d5c80000,0x00000000d6180000)
 ParOldGen       total 353280K, used 321504K [0x0000000080000000, 0x0000000095900000, 0x00000000d5580000)
  object space 353280K, 91% used [0x0000000080000000,0x00000000939f81d8,0x0000000095900000)
 Metaspace       used 59080K, committed 60480K, reserved 1114112K
  class space    used 6437K, committed 7040K, reserved 1048576K
}
Event: 19.035 GC heap before
{Heap before GC invocations=226 (full 3):
 PSYoungGen      total 11776K, used 11763K [0x00000000d5580000, 0x00000000d6680000, 0x0000000100000000)
  eden space 7168K, 100% used [0x00000000d5580000,0x00000000d5c80000,0x00000000d5c80000)
  from space 4608K, 99% used [0x00000000d6200000,0x00000000d667ccf0,0x00000000d6680000)
  to   space 5120K, 0% used [0x00000000d5c80000,0x00000000d5c80000,0x00000000d6180000)
 ParOldGen       total 353280K, used 321504K [0x0000000080000000, 0x0000000095900000, 0x00000000d5580000)
  object space 353280K, 91% used [0x0000000080000000,0x00000000939f81d8,0x0000000095900000)
 Metaspace       used 59090K, committed 60480K, reserved 1114112K
  class space    used 6439K, committed 7040K, reserved 1048576K
}
Event: 21.059 GC heap after
{Heap after GC invocations=226 (full 3):
 PSYoungGen      total 12288K, used 5110K [0x00000000d5580000, 0x00000000d6680000, 0x0000000100000000)
  eden space 7168K, 0% used [0x00000000d5580000,0x00000000d5580000,0x00000000d5c80000)
  from space 5120K, 99% used [0x00000000d5c80000,0x00000000d617db18,0x00000000d6180000)
  to   space 4608K, 0% used [0x00000000d6200000,0x00000000d6200000,0x00000000d6680000)
 ParOldGen       total 353280K, used 327863K [0x0000000080000000, 0x0000000095900000, 0x00000000d5580000)
  object space 353280K, 92% used [0x0000000080000000,0x000000009402de18,0x0000000095900000)
 Metaspace       used 59090K, committed 60480K, reserved 1114112K
  class space    used 6439K, committed 7040K, reserved 1048576K
}
Event: 22.053 GC heap before
{Heap before GC invocations=227 (full 3):
 PSYoungGen      total 12288K, used 12278K [0x00000000d5580000, 0x00000000d6680000, 0x0000000100000000)
  eden space 7168K, 100% used [0x00000000d5580000,0x00000000d5c80000,0x00000000d5c80000)
  from space 5120K, 99% used [0x00000000d5c80000,0x00000000d617db18,0x00000000d6180000)
  to   space 4608K, 0% used [0x00000000d6200000,0x00000000d6200000,0x00000000d6680000)
 ParOldGen       total 353280K, used 335233K [0x0000000080000000, 0x0000000095900000, 0x00000000d5580000)
  object space 353280K, 94% used [0x0000000080000000,0x0000000094760488,0x0000000095900000)
 Metaspace       used 59096K, committed 60480K, reserved 1114112K
  class space    used 6439K, committed 7040K, reserved 1048576K
}
Event: 24.076 GC heap after
{Heap after GC invocations=227 (full 3):
 PSYoungGen      total 11776K, used 4583K [0x00000000d5580000, 0x00000000d6680000, 0x0000000100000000)
  eden space 7168K, 0% used [0x00000000d5580000,0x00000000d5580000,0x00000000d5c80000)
  from space 4608K, 99% used [0x00000000d6200000,0x00000000d6679c50,0x00000000d6680000)
  to   space 5120K, 0% used [0x00000000d5c80000,0x00000000d5c80000,0x00000000d6180000)
 ParOldGen       total 353280K, used 342660K [0x0000000080000000, 0x0000000095900000, 0x00000000d5580000)
  object space 353280K, 96% used [0x0000000080000000,0x0000000094ea1148,0x0000000095900000)
 Metaspace       used 59096K, committed 60480K, reserved 1114112K
  class space    used 6439K, committed 7040K, reserved 1048576K
}
Event: 24.136 GC heap before
{Heap before GC invocations=228 (full 3):
 PSYoungGen      total 11776K, used 11751K [0x00000000d5580000, 0x00000000d6680000, 0x0000000100000000)
  eden space 7168K, 100% used [0x00000000d5580000,0x00000000d5c80000,0x00000000d5c80000)
  from space 4608K, 99% used [0x00000000d6200000,0x00000000d6679c50,0x00000000d6680000)
  to   space 5120K, 0% used [0x00000000d5c80000,0x00000000d5c80000,0x00000000d6180000)
 ParOldGen       total 353280K, used 342663K [0x0000000080000000, 0x0000000095900000, 0x00000000d5580000)
  object space 353280K, 96% used [0x0000000080000000,0x0000000094ea1f38,0x0000000095900000)
 Metaspace       used 59431K, committed 60800K, reserved 1114112K
  class space    used 6459K, committed 7040K, reserved 1048576K
}
Event: 26.149 GC heap after
{Heap after GC invocations=228 (full 3):
 PSYoungGen      total 12288K, used 3458K [0x00000000d5580000, 0x00000000d6680000, 0x0000000100000000)
  eden space 7168K, 0% used [0x00000000d5580000,0x00000000d5580000,0x00000000d5c80000)
  from space 5120K, 67% used [0x00000000d5c80000,0x00000000d5fe0870,0x00000000d6180000)
  to   space 4608K, 0% used [0x00000000d6200000,0x00000000d6200000,0x00000000d6680000)
 ParOldGen       total 353280K, used 347010K [0x0000000080000000, 0x0000000095900000, 0x00000000d5580000)
  object space 353280K, 98% used [0x0000000080000000,0x00000000952e0a70,0x0000000095900000)
 Metaspace       used 59431K, committed 60800K, reserved 1114112K
  class space    used 6459K, committed 7040K, reserved 1048576K
}
Event: 29.188 GC heap before
{Heap before GC invocations=229 (full 3):
 PSYoungGen      total 12288K, used 10598K [0x00000000d5580000, 0x00000000d6680000, 0x0000000100000000)
  eden space 7168K, 99% used [0x00000000d5580000,0x00000000d5c79378,0x00000000d5c80000)
  from space 5120K, 67% used [0x00000000d5c80000,0x00000000d5fe0870,0x00000000d6180000)
  to   space 4608K, 0% used [0x00000000d6200000,0x00000000d6200000,0x00000000d6680000)
 ParOldGen       total 353280K, used 347010K [0x0000000080000000, 0x0000000095900000, 0x00000000d5580000)
  object space 353280K, 98% used [0x0000000080000000,0x00000000952e0a70,0x0000000095900000)
 Metaspace       used 59442K, committed 60800K, reserved 1114112K
  class space    used 6459K, committed 7040K, reserved 1048576K
}
Event: 29.191 GC heap after
{Heap after GC invocations=229 (full 3):
 PSYoungGen      total 9216K, used 1585K [0x00000000d5580000, 0x00000000d6400000, 0x0000000100000000)
  eden space 7168K, 0% used [0x00000000d5580000,0x00000000d5580000,0x00000000d5c80000)
  from space 2048K, 77% used [0x00000000d6200000,0x00000000d638c7f8,0x00000000d6400000)
  to   space 3072K, 0% used [0x00000000d5e00000,0x00000000d5e00000,0x00000000d6100000)
 ParOldGen       total 353280K, used 350441K [0x0000000080000000, 0x0000000095900000, 0x00000000d5580000)
  object space 353280K, 99% used [0x0000000080000000,0x000000009563a710,0x0000000095900000)
 Metaspace       used 59442K, committed 60800K, reserved 1114112K
  class space    used 6459K, committed 7040K, reserved 1048576K
}
Event: 29.211 GC heap before
{Heap before GC invocations=230 (full 3):
 PSYoungGen      total 9216K, used 8753K [0x00000000d5580000, 0x00000000d6400000, 0x0000000100000000)
  eden space 7168K, 100% used [0x00000000d5580000,0x00000000d5c80000,0x00000000d5c80000)
  from space 2048K, 77% used [0x00000000d6200000,0x00000000d638c7f8,0x00000000d6400000)
  to   space 3072K, 0% used [0x00000000d5e00000,0x00000000d5e00000,0x00000000d6100000)
 ParOldGen       total 353280K, used 350441K [0x0000000080000000, 0x0000000095900000, 0x00000000d5580000)
  object space 353280K, 99% used [0x0000000080000000,0x000000009563a710,0x0000000095900000)
 Metaspace       used 59450K, committed 60800K, reserved 1114112K
  class space    used 6459K, committed 7040K, reserved 1048576K
}
Event: 29.213 GC heap after
{Heap after GC invocations=230 (full 3):
 PSYoungGen      total 9216K, used 2031K [0x00000000d5580000, 0x00000000d6280000, 0x0000000100000000)
  eden space 7168K, 0% used [0x00000000d5580000,0x00000000d5580000,0x00000000d5c80000)
  from space 2048K, 99% used [0x00000000d5e00000,0x00000000d5ffbee0,0x00000000d6000000)
  to   space 2560K, 0% used [0x00000000d6000000,0x00000000d6000000,0x00000000d6280000)
 ParOldGen       total 353280K, used 350833K [0x0000000080000000, 0x0000000095900000, 0x00000000d5580000)
  object space 353280K, 99% used [0x0000000080000000,0x000000009569c710,0x0000000095900000)
 Metaspace       used 59450K, committed 60800K, reserved 1114112K
  class space    used 6459K, committed 7040K, reserved 1048576K
}
Event: 29.237 GC heap before
{Heap before GC invocations=231 (full 3):
 PSYoungGen      total 9216K, used 9199K [0x00000000d5580000, 0x00000000d6280000, 0x0000000100000000)
  eden space 7168K, 100% used [0x00000000d5580000,0x00000000d5c80000,0x00000000d5c80000)
  from space 2048K, 99% used [0x00000000d5e00000,0x00000000d5ffbee0,0x00000000d6000000)
  to   space 2560K, 0% used [0x00000000d6000000,0x00000000d6000000,0x00000000d6280000)
 ParOldGen       total 353280K, used 350833K [0x0000000080000000, 0x0000000095900000, 0x00000000d5580000)
  object space 353280K, 99% used [0x0000000080000000,0x000000009569c710,0x0000000095900000)
 Metaspace       used 59467K, committed 60800K, reserved 1114112K
  class space    used 6459K, committed 7040K, reserved 1048576K
}
Event: 29.238 GC heap after
{Heap after GC invocations=231 (full 3):
 PSYoungGen      total 8192K, used 713K [0x00000000d5580000, 0x00000000d6100000, 0x0000000100000000)
  eden space 7168K, 0% used [0x00000000d5580000,0x00000000d5580000,0x00000000d5c80000)
  from space 1024K, 69% used [0x00000000d6000000,0x00000000d60b26d8,0x00000000d6100000)
  to   space 1536K, 0% used [0x00000000d5e00000,0x00000000d5e00000,0x00000000d5f80000)
 ParOldGen       total 353280K, used 351433K [0x0000000080000000, 0x0000000095900000, 0x00000000d5580000)
  object space 353280K, 99% used [0x0000000080000000,0x0000000095732710,0x0000000095900000)
 Metaspace       used 59467K, committed 60800K, reserved 1114112K
  class space    used 6459K, committed 7040K, reserved 1048576K
}
Event: 29.248 GC heap before
{Heap before GC invocations=232 (full 3):
 PSYoungGen      total 8192K, used 7881K [0x00000000d5580000, 0x00000000d6100000, 0x0000000100000000)
  eden space 7168K, 100% used [0x00000000d5580000,0x00000000d5c80000,0x00000000d5c80000)
  from space 1024K, 69% used [0x00000000d6000000,0x00000000d60b26d8,0x00000000d6100000)
  to   space 1536K, 0% used [0x00000000d5e00000,0x00000000d5e00000,0x00000000d5f80000)
 ParOldGen       total 353280K, used 351433K [0x0000000080000000, 0x0000000095900000, 0x00000000d5580000)
  object space 353280K, 99% used [0x0000000080000000,0x0000000095732710,0x0000000095900000)
 Metaspace       used 59467K, committed 60800K, reserved 1114112K
  class space    used 6459K, committed 7040K, reserved 1048576K
}
Event: 29.250 GC heap after
{Heap after GC invocations=232 (full 3):
 PSYoungGen      total 8704K, used 854K [0x00000000d5580000, 0x00000000d6080000, 0x0000000100000000)
  eden space 7168K, 0% used [0x00000000d5580000,0x00000000d5580000,0x00000000d5c80000)
  from space 1536K, 55% used [0x00000000d5e00000,0x00000000d5ed5a20,0x00000000d5f80000)
  to   space 1024K, 0% used [0x00000000d5f80000,0x00000000d5f80000,0x00000000d6080000)
 ParOldGen       total 353280K, used 351449K [0x0000000080000000, 0x0000000095900000, 0x00000000d5580000)
  object space 353280K, 99% used [0x0000000080000000,0x0000000095736710,0x0000000095900000)
 Metaspace       used 59467K, committed 60800K, reserved 1114112K
  class space    used 6459K, committed 7040K, reserved 1048576K
}

Dll operation events (12 events):
Event: 0.026 Loaded shared library c:\Users\akumar29\.vscode\extensions\redhat.java-1.52.0-win32-x64\jre\21.0.9-win32-x86_64\bin\java.dll
Event: 0.091 Loaded shared library c:\Users\akumar29\.vscode\extensions\redhat.java-1.52.0-win32-x64\jre\21.0.9-win32-x86_64\bin\zip.dll
Event: 0.112 Loaded shared library C:\Users\akumar29\.vscode\extensions\redhat.java-1.52.0-win32-x64\jre\21.0.9-win32-x86_64\bin\instrument.dll
Event: 0.123 Loaded shared library C:\Users\akumar29\.vscode\extensions\redhat.java-1.52.0-win32-x64\jre\21.0.9-win32-x86_64\bin\net.dll
Event: 0.133 Loaded shared library C:\Users\akumar29\.vscode\extensions\redhat.java-1.52.0-win32-x64\jre\21.0.9-win32-x86_64\bin\nio.dll
Event: 0.137 Loaded shared library C:\Users\akumar29\.vscode\extensions\redhat.java-1.52.0-win32-x64\jre\21.0.9-win32-x86_64\bin\zip.dll
Event: 0.154 Loaded shared library C:\Users\akumar29\.vscode\extensions\redhat.java-1.52.0-win32-x64\jre\21.0.9-win32-x86_64\bin\jimage.dll
Event: 0.237 Loaded shared library c:\Users\akumar29\.vscode\extensions\redhat.java-1.52.0-win32-x64\jre\21.0.9-win32-x86_64\bin\verify.dll
Event: 1.280 Loaded shared library C:\Users\akumar29\AppData\Roaming\Code\User\globalStorage\redhat.java\1.52.0\config_win\org.eclipse.equinox.launcher\org.eclipse.equinox.launcher.win32.win32.x86_64_1.2.1500.v20260121-1430\eclipse_11919.dll
Event: 2.795 Loaded shared library C:\Users\akumar29\AppData\Local\Temp\jna-1180799354\jna16229373198937212828.dll
Event: 4.552 Loaded shared library C:\Users\akumar29\.vscode\extensions\redhat.java-1.52.0-win32-x64\jre\21.0.9-win32-x86_64\bin\sunmscapi.dll
Event: 5.007 Loaded shared library C:\Users\akumar29\.vscode\extensions\redhat.java-1.52.0-win32-x64\jre\21.0.9-win32-x86_64\bin\extnet.dll

Deoptimization events (20 events):
Event: 30.263 Thread 0x00000202e9402430 DEOPT PACKING pc=0x00000202cce4e077 sp=0x0000007ad45fee10
Event: 30.263 Thread 0x00000202e9402430 DEOPT UNPACKING pc=0x00000202d42a4242 sp=0x0000007ad45fe2d0 mode 0
Event: 30.268 Thread 0x00000202e9402430 DEOPT PACKING pc=0x00000202cce4e077 sp=0x0000007ad45fee10
Event: 30.268 Thread 0x00000202e9402430 DEOPT UNPACKING pc=0x00000202d42a4242 sp=0x0000007ad45fe2d0 mode 0
Event: 30.270 Thread 0x00000202e9402430 DEOPT PACKING pc=0x00000202cce4e077 sp=0x0000007ad45fee10
Event: 30.270 Thread 0x00000202e9402430 DEOPT UNPACKING pc=0x00000202d42a4242 sp=0x0000007ad45fe2d0 mode 0
Event: 30.273 Thread 0x00000202e9402430 DEOPT PACKING pc=0x00000202cce4e077 sp=0x0000007ad45fee10
Event: 30.273 Thread 0x00000202e9402430 DEOPT UNPACKING pc=0x00000202d42a4242 sp=0x0000007ad45fe2d0 mode 0
Event: 30.275 Thread 0x00000202e9402430 DEOPT PACKING pc=0x00000202cce4e077 sp=0x0000007ad45fee10
Event: 30.275 Thread 0x00000202e9402430 DEOPT UNPACKING pc=0x00000202d42a4242 sp=0x0000007ad45fe2d0 mode 0
Event: 30.278 Thread 0x00000202e9402430 DEOPT PACKING pc=0x00000202cce4e077 sp=0x0000007ad45fee10
Event: 30.278 Thread 0x00000202e9402430 DEOPT UNPACKING pc=0x00000202d42a4242 sp=0x0000007ad45fe2d0 mode 0
Event: 30.282 Thread 0x00000202e9402430 DEOPT PACKING pc=0x00000202cce4e077 sp=0x0000007ad45fede0
Event: 30.282 Thread 0x00000202e9402430 DEOPT UNPACKING pc=0x00000202d42a4242 sp=0x0000007ad45fe2a0 mode 0
Event: 30.286 Thread 0x00000202e9402430 DEOPT PACKING pc=0x00000202cce4e001 sp=0x0000007ad45fede0
Event: 30.286 Thread 0x00000202e9402430 DEOPT UNPACKING pc=0x00000202d42a4242 sp=0x0000007ad45fe2a0 mode 0
Event: 30.290 Thread 0x00000202e9402430 DEOPT PACKING pc=0x00000202cce91e4c sp=0x0000007ad45fee80
Event: 30.290 Thread 0x00000202e9402430 DEOPT UNPACKING pc=0x00000202d42a4242 sp=0x0000007ad45fe380 mode 0
Event: 30.291 Thread 0x00000202e9402430 DEOPT PACKING pc=0x00000202cce4e077 sp=0x0000007ad45fee10
Event: 30.291 Thread 0x00000202e9402430 DEOPT UNPACKING pc=0x00000202d42a4242 sp=0x0000007ad45fe2d0 mode 0

Classes loaded (20 events):
Event: 6.564 Loading class java/util/concurrent/CompletionService
Event: 6.564 Loading class java/util/concurrent/CompletionService done
Event: 6.840 Loading class java/nio/channels/ServerSocketChannel
Event: 6.840 Loading class java/nio/channels/ServerSocketChannel done
Event: 7.240 Loading class jdk/internal/org/objectweb/asm/ClassReader
Event: 7.241 Loading class jdk/internal/org/objectweb/asm/ClassReader done
Event: 7.898 Loading class java/lang/ProcessEnvironment$CheckedKeySet
Event: 7.898 Loading class java/lang/ProcessEnvironment$CheckedKeySet done
Event: 8.315 Loading class java/util/regex/Pattern$Pos
Event: 8.316 Loading class java/util/regex/Pattern$Pos done
Event: 8.365 Loading class java/util/concurrent/ForkJoinTask$AdaptedCallable
Event: 8.366 Loading class java/util/concurrent/ForkJoinTask$AdaptedCallable done
Event: 8.389 Loading class sun/security/provider/MD5
Event: 8.390 Loading class sun/security/provider/MD5 done
Event: 8.391 Loading class sun/security/provider/ByteArrayAccess$LE
Event: 8.391 Loading class sun/security/provider/ByteArrayAccess$LE done
Event: 10.334 Loading class java/util/WeakHashMap$KeyIterator
Event: 10.334 Loading class java/util/WeakHashMap$KeyIterator done
Event: 11.414 Loading class java/util/regex/Pattern$Caret
Event: 11.414 Loading class java/util/regex/Pattern$Caret done

Classes unloaded (7 events):
Event: 3.275 Thread 0x00000202c9ca49a0 Unloading class 0x00000202811a4800 'java/lang/invoke/LambdaForm$MH+0x00000202811a4800'
Event: 3.275 Thread 0x00000202c9ca49a0 Unloading class 0x00000202811a4400 'java/lang/invoke/LambdaForm$MH+0x00000202811a4400'
Event: 3.275 Thread 0x00000202c9ca49a0 Unloading class 0x00000202811a4000 'java/lang/invoke/LambdaForm$MH+0x00000202811a4000'
Event: 3.275 Thread 0x00000202c9ca49a0 Unloading class 0x00000202811a3c00 'java/lang/invoke/LambdaForm$MH+0x00000202811a3c00'
Event: 3.275 Thread 0x00000202c9ca49a0 Unloading class 0x00000202811a3800 'java/lang/invoke/LambdaForm$BMH+0x00000202811a3800'
Event: 3.275 Thread 0x00000202c9ca49a0 Unloading class 0x00000202811a3400 'java/lang/invoke/LambdaForm$DMH+0x00000202811a3400'
Event: 3.275 Thread 0x00000202c9ca49a0 Unloading class 0x00000202811a2000 'java/lang/invoke/LambdaForm$DMH+0x00000202811a2000'

Classes redefined (0 events):
No events

Internal exceptions (20 events):
Event: 5.476 Thread 0x00000202c9c022e0 Exception <a 'java/lang/IncompatibleClassChangeError'{0x00000000d56fb4d8}: Found class java.lang.Object, but interface was expected> (0x00000000d56fb4d8) 
thrown [s\src\hotspot\share\interpreter\linkResolver.cpp, line 840]
Event: 5.477 Thread 0x00000202c9c022e0 Exception <a 'java/lang/IncompatibleClassChangeError'{0x00000000d5831558}: Found class java.lang.Object, but interface was expected> (0x00000000d5831558) 
thrown [s\src\hotspot\share\interpreter\linkResolver.cpp, line 840]
Event: 5.996 Thread 0x00000202eb1d3f00 Exception <a 'java/io/FileNotFoundException'{0x00000000d58a3fc8}> (0x00000000d58a3fc8) 
thrown [s\src\hotspot\share\prims\jni.cpp, line 520]
Event: 7.201 Thread 0x00000202e9401da0 Exception <a 'java/lang/ExceptionInInitializerError'{0x00000000d586d5d0}> (0x00000000d586d5d0) 
thrown [s\src\hotspot\share\oops\instanceKlass.cpp, line 1220]
Event: 7.241 Thread 0x00000202e9402430 Implicit null exception at 0x00000202d4d86f07 to 0x00000202d4d8bd2c
Event: 7.243 Thread 0x00000202e9401da0 Implicit null exception at 0x00000202d4aea9fe to 0x00000202d4aeac70
Event: 7.243 Thread 0x00000202e9401da0 Implicit null exception at 0x00000202d4a59f1c to 0x00000202d4a5ae38
Event: 7.247 Thread 0x00000202e9401da0 Exception <a 'java/lang/NoSuchMethodError'{0x00000000d59be678}: 'java.lang.Object java.lang.invoke.Invokers$Holder.invokeExact_MT(java.lang.Object, int, java.lang.Object)'> (0x00000000d59be678) 
thrown [s\src\hotspot\share\interpreter\linkResolver.cpp, line 773]
Event: 7.887 Thread 0x00000202e9401da0 Exception <a 'java/lang/NoClassDefFoundError'{0x00000000d560cb30}: com/google/inject/servlet/ServletModuleTargetVisitor> (0x00000000d560cb30) 
thrown [s\src\hotspot\share\classfile\systemDictionary.cpp, line 301]
Event: 8.363 Thread 0x00000202e93ff640 Exception <a 'sun/nio/fs/WindowsException'{0x00000000d55fc738}> (0x00000000d55fc738) 
thrown [s\src\hotspot\share\prims\jni.cpp, line 520]
Event: 8.368 Thread 0x00000202eb1d6660 Exception <a 'sun/nio/fs/WindowsException'{0x00000000d5802530}> (0x00000000d5802530) 
thrown [s\src\hotspot\share\prims\jni.cpp, line 520]
Event: 8.371 Thread 0x00000202eb1d31e0 Exception <a 'sun/nio/fs/WindowsException'{0x00000000d58ba5b8}> (0x00000000d58ba5b8) 
thrown [s\src\hotspot\share\prims\jni.cpp, line 520]
Event: 8.394 Thread 0x00000202eb1d3f00 Exception <a 'java/lang/IncompatibleClassChangeError'{0x00000000d56cb4f0}: Found class java.lang.Object, but interface was expected> (0x00000000d56cb4f0) 
thrown [s\src\hotspot\share\interpreter\linkResolver.cpp, line 840]
Event: 10.330 Thread 0x00000202e93ffcd0 Exception <a 'sun/nio/fs/WindowsException'{0x00000000d58d4a00}> (0x00000000d58d4a00) 
thrown [s\src\hotspot\share\prims\jni.cpp, line 520]
Event: 10.331 Thread 0x00000202e93ffcd0 Exception <a 'sun/nio/fs/WindowsException'{0x00000000d59115a8}> (0x00000000d59115a8) 
thrown [s\src\hotspot\share\prims\jni.cpp, line 520]
Event: 10.337 Thread 0x00000202e93ffcd0 Exception <a 'java/io/FileNotFoundException'{0x00000000d5a26560}> (0x00000000d5a26560) 
thrown [s\src\hotspot\share\prims\jni.cpp, line 520]
Event: 10.338 Thread 0x00000202e93ffcd0 Exception <a 'java/io/FileNotFoundException'{0x00000000d5a42a70}> (0x00000000d5a42a70) 
thrown [s\src\hotspot\share\prims\jni.cpp, line 520]
Event: 10.338 Thread 0x00000202e93ffcd0 Exception <a 'java/io/FileNotFoundException'{0x00000000d5a562f0}> (0x00000000d5a562f0) 
thrown [s\src\hotspot\share\prims\jni.cpp, line 520]
Event: 11.916 Thread 0x00000202e93ff640 Exception <a 'java/lang/NoSuchMethodError'{0x00000000d5c50b30}: 'java.lang.Object java.lang.invoke.DirectMethodHandle$Holder.invokeStatic(java.lang.Object, java.lang.Object, int, int)'> (0x00000000d5c50b30) 
thrown [s\src\hotspot\share\interpreter\linkResolver.cpp, line 773]
Event: 11.916 Thread 0x00000202e93ff640 Exception <a 'java/lang/NoSuchMethodError'{0x00000000d5c54f30}: 'java.lang.Object java.lang.invoke.DirectMethodHandle$Holder.invokeSpecial(java.lang.Object, java.lang.Object, java.lang.Object, int, int)'> (0x00000000d5c54f30) 
thrown [s\src\hotspot\share\interpreter\linkResolver.cpp, line 773]

ZGC Phase Switch (0 events):
No events

VM Operations (20 events):
Event: 15.987 Executing VM operation: ParallelGCFailedAllocation (Allocation Failure) done
Event: 15.987 Executing VM operation: ParallelGCFailedAllocation (Allocation Failure)
Event: 18.008 Executing VM operation: ParallelGCFailedAllocation (Allocation Failure) done
Event: 18.066 Executing VM operation: ParallelGCFailedAllocation (Allocation Failure)
Event: 21.059 Executing VM operation: ParallelGCFailedAllocation (Allocation Failure) done
Event: 21.124 Executing VM operation: ParallelGCFailedAllocation (Allocation Failure)
Event: 21.124 Executing VM operation: ParallelGCFailedAllocation (Allocation Failure) done
Event: 22.053 Executing VM operation: ParallelGCSystemGC (GCLocker Initiated GC)
Event: 24.076 Executing VM operation: ParallelGCSystemGC (GCLocker Initiated GC) done
Event: 24.136 Executing VM operation: ParallelGCFailedAllocation (Allocation Failure)
Event: 26.150 Executing VM operation: ParallelGCFailedAllocation (Allocation Failure) done
Event: 29.188 Executing VM operation: ParallelGCFailedAllocation (Allocation Failure)
Event: 29.191 Executing VM operation: ParallelGCFailedAllocation (Allocation Failure) done
Event: 29.211 Executing VM operation: ParallelGCFailedAllocation (Allocation Failure)
Event: 29.213 Executing VM operation: ParallelGCFailedAllocation (Allocation Failure) done
Event: 29.237 Executing VM operation: ParallelGCFailedAllocation (Allocation Failure)
Event: 29.238 Executing VM operation: ParallelGCFailedAllocation (Allocation Failure) done
Event: 29.248 Executing VM operation: ParallelGCFailedAllocation (Allocation Failure)
Event: 29.250 Executing VM operation: ParallelGCFailedAllocation (Allocation Failure) done
Event: 31.258 Executing VM operation: Cleanup

Memory protections (0 events):
No events

Nmethod flushes (20 events):
Event: 11.754 Thread 0x00000202c9ca49a0 flushing  nmethod 0x00000202cd778590
Event: 11.754 Thread 0x00000202c9ca49a0 flushing osr nmethod 0x00000202cd7baf90
Event: 11.754 Thread 0x00000202c9ca49a0 flushing  nmethod 0x00000202cd7df390
Event: 11.754 Thread 0x00000202c9ca49a0 flushing  nmethod 0x00000202cd7ea790
Event: 11.754 Thread 0x00000202c9ca49a0 flushing  nmethod 0x00000202cd7f5210
Event: 11.754 Thread 0x00000202c9ca49a0 flushing  nmethod 0x00000202cd7f6510
Event: 11.754 Thread 0x00000202c9ca49a0 flushing  nmethod 0x00000202cd7f9d90
Event: 11.754 Thread 0x00000202c9ca49a0 flushing  nmethod 0x00000202cd7fd290
Event: 11.754 Thread 0x00000202c9ca49a0 flushing osr nmethod 0x00000202cd7fe190
Event: 11.754 Thread 0x00000202c9ca49a0 flushing  nmethod 0x00000202cd80c410
Event: 11.754 Thread 0x00000202c9ca49a0 flushing  nmethod 0x00000202cd81cb10
Event: 11.754 Thread 0x00000202c9ca49a0 flushing  nmethod 0x00000202cd832190
Event: 11.754 Thread 0x00000202c9ca49a0 flushing  nmethod 0x00000202cd83fd90
Event: 11.754 Thread 0x00000202c9ca49a0 flushing  nmethod 0x00000202cd84f190
Event: 11.754 Thread 0x00000202c9ca49a0 flushing  nmethod 0x00000202cd84f790
Event: 11.754 Thread 0x00000202c9ca49a0 flushing  nmethod 0x00000202cd84fb10
Event: 11.754 Thread 0x00000202c9ca49a0 flushing  nmethod 0x00000202cd850390
Event: 11.754 Thread 0x00000202c9ca49a0 flushing  nmethod 0x00000202cd850f90
Event: 11.754 Thread 0x00000202c9ca49a0 flushing  nmethod 0x00000202cd8d8e10
Event: 11.754 Thread 0x00000202c9ca49a0 flushing  nmethod 0x00000202cd8fd410

Events (20 events):
Event: 10.323 Thread 0x00000202e1a8ec60 Thread exited: 0x00000202e1a8ec60
Event: 10.323 Thread 0x00000202ead51c40 Thread exited: 0x00000202ead51c40
Event: 10.325 Thread 0x00000202e1a8d120 Thread exited: 0x00000202e1a8d120
Event: 10.325 Thread 0x00000202e1a8bcb0 Thread exited: 0x00000202e1a8bcb0
Event: 10.326 Thread 0x00000202e1a8ca50 Thread exited: 0x00000202e1a8ca50
Event: 11.880 Thread 0x00000202e1a8b5e0 Thread exited: 0x00000202e1a8b5e0
Event: 11.880 Thread 0x00000202e1a8dec0 Thread exited: 0x00000202e1a8dec0
Event: 14.975 Thread 0x00000202e1a8d7f0 Thread exited: 0x00000202e1a8d7f0
Event: 14.976 Thread 0x00000202e19e83c0 Thread added: 0x00000202ead53780
Event: 24.076 Thread 0x00000202c9cbe6b0 Thread added: 0x00000202ead53e50
Event: 24.077 Thread 0x00000202c9cbe6b0 Thread added: 0x00000202ead529e0
Event: 24.095 Thread 0x00000202e19e83c0 Thread added: 0x00000202ead507d0
Event: 26.150 Thread 0x00000202ead529e0 Thread exited: 0x00000202ead529e0
Event: 26.154 Thread 0x00000202ead53e50 Thread exited: 0x00000202ead53e50
Event: 29.182 Thread 0x00000202c9cbe6b0 Thread added: 0x00000202ead55990
Event: 29.186 Thread 0x00000202e1a8e590 Thread added: 0x00000202ead529e0
Event: 29.201 Thread 0x00000202c9cbe6b0 Thread added: 0x00000202ead56060
Event: 29.210 Thread 0x00000202c9cbe6b0 Thread added: 0x00000202ead56730
Event: 29.220 Thread 0x00000202e1a8e590 Thread added: 0x00000202ead53e50
Event: 29.231 Thread 0x00000202c9cbe6b0 Thread added: 0x00000202ead530b0


Dynamic libraries:
0x00007ff6721c0000 - 0x00007ff6721ce000 	c:\Users\akumar29\.vscode\extensions\redhat.java-1.52.0-win32-x64\jre\21.0.9-win32-x86_64\bin\java.exe
0x00007ff99bbc0000 - 0x00007ff99be28000 	C:\windows\SYSTEM32\ntdll.dll
0x00007ff99acb0000 - 0x00007ff99ad79000 	C:\windows\System32\KERNEL32.DLL
0x00007ff9986a0000 - 0x00007ff998a91000 	C:\windows\System32\KERNELBASE.dll
0x00007ff998550000 - 0x00007ff99869b000 	C:\windows\System32\ucrtbase.dll
0x00007ff978a00000 - 0x00007ff978a1e000 	c:\Users\akumar29\.vscode\extensions\redhat.java-1.52.0-win32-x64\jre\21.0.9-win32-x86_64\bin\VCRUNTIME140.dll
0x00007ff9790a0000 - 0x00007ff9790b8000 	c:\Users\akumar29\.vscode\extensions\redhat.java-1.52.0-win32-x64\jre\21.0.9-win32-x86_64\bin\jli.dll
0x00007ff99a120000 - 0x00007ff99a2e6000 	C:\windows\System32\USER32.dll
0x00007ff998f40000 - 0x00007ff998f67000 	C:\windows\System32\win32u.dll
0x00007ff9693d0000 - 0x00007ff969663000 	C:\windows\WinSxS\amd64_microsoft.windows.common-controls_6595b64144ccf1df_6.0.26100.7824_none_3e0870b2e3345462\COMCTL32.dll
0x00007ff99b3d0000 - 0x00007ff99b3fb000 	C:\windows\System32\GDI32.dll
0x00007ff99a2f0000 - 0x00007ff99a399000 	C:\windows\System32\msvcrt.dll
0x00007ff998bf0000 - 0x00007ff998d1b000 	C:\windows\System32\gdi32full.dll
0x00007ff9984a0000 - 0x00007ff998543000 	C:\windows\System32\msvcp_win.dll
0x00007ff999960000 - 0x00007ff999991000 	C:\windows\System32\IMM32.DLL
0x00000202c79f0000 - 0x00000202c7a06000 	C:\windows\System32\umppc20309.dll
0x00007ff98fef0000 - 0x00007ff98fefc000 	c:\Users\akumar29\.vscode\extensions\redhat.java-1.52.0-win32-x64\jre\21.0.9-win32-x86_64\bin\vcruntime140_1.dll
0x00007ff9519a0000 - 0x00007ff951a2d000 	c:\Users\akumar29\.vscode\extensions\redhat.java-1.52.0-win32-x64\jre\21.0.9-win32-x86_64\bin\msvcp140.dll
0x00007ff8de1e0000 - 0x00007ff8def80000 	c:\Users\akumar29\.vscode\extensions\redhat.java-1.52.0-win32-x64\jre\21.0.9-win32-x86_64\bin\server\jvm.dll
0x00007ff999bd0000 - 0x00007ff999c84000 	C:\windows\System32\ADVAPI32.dll
0x00007ff9999a0000 - 0x00007ff999a46000 	C:\windows\System32\sechost.dll
0x00007ff99b770000 - 0x00007ff99b888000 	C:\windows\System32\RPCRT4.dll
0x00007ff99b8a0000 - 0x00007ff99b914000 	C:\windows\System32\WS2_32.dll
0x00007ff998300000 - 0x00007ff99835e000 	C:\windows\SYSTEM32\POWRPROF.dll
0x00007ff9862f0000 - 0x00007ff986325000 	C:\windows\SYSTEM32\WINMM.dll
0x00007ff989af0000 - 0x00007ff989afb000 	C:\windows\SYSTEM32\VERSION.dll
0x00007ff9982e0000 - 0x00007ff9982f4000 	C:\windows\SYSTEM32\UMPDC.dll
0x00007ff9970d0000 - 0x00007ff9970eb000 	C:\windows\SYSTEM32\kernel.appcore.dll
0x00007ff98f780000 - 0x00007ff98f78a000 	c:\Users\akumar29\.vscode\extensions\redhat.java-1.52.0-win32-x64\jre\21.0.9-win32-x86_64\bin\jimage.dll
0x00007ff9891f0000 - 0x00007ff989432000 	C:\windows\SYSTEM32\DBGHELP.DLL
0x00007ff99af60000 - 0x00007ff99b2e6000 	C:\windows\System32\combase.dll
0x00007ff99b2f0000 - 0x00007ff99b3c7000 	C:\windows\System32\OLEAUT32.dll
0x00007ff969390000 - 0x00007ff9693cb000 	C:\windows\SYSTEM32\dbgcore.DLL
0x00007ff998e90000 - 0x00007ff998f35000 	C:\windows\System32\bcryptPrimitives.dll
0x00007ff98f4f0000 - 0x00007ff98f4ff000 	c:\Users\akumar29\.vscode\extensions\redhat.java-1.52.0-win32-x64\jre\21.0.9-win32-x86_64\bin\instrument.dll
0x00007ff978550000 - 0x00007ff978570000 	c:\Users\akumar29\.vscode\extensions\redhat.java-1.52.0-win32-x64\jre\21.0.9-win32-x86_64\bin\java.dll
0x00007ff99a3a0000 - 0x00007ff99aaf2000 	C:\windows\System32\SHELL32.dll
0x00007ff998d20000 - 0x00007ff998e8a000 	C:\windows\System32\wintypes.dll
0x00007ff9990f0000 - 0x00007ff999953000 	C:\windows\System32\windows.storage.dll
0x00007ff99b570000 - 0x00007ff99b666000 	C:\windows\System32\SHCORE.dll
0x00007ff99b940000 - 0x00007ff99b9a7000 	C:\windows\System32\shlwapi.dll
0x00007ff9983c0000 - 0x00007ff9983e9000 	C:\windows\SYSTEM32\profapi.dll
0x00007ff976c30000 - 0x00007ff976c48000 	c:\Users\akumar29\.vscode\extensions\redhat.java-1.52.0-win32-x64\jre\21.0.9-win32-x86_64\bin\zip.dll
0x00007ff9897b0000 - 0x00007ff9897c0000 	C:\Users\akumar29\.vscode\extensions\redhat.java-1.52.0-win32-x64\jre\21.0.9-win32-x86_64\bin\net.dll
0x00007ff9970f0000 - 0x00007ff997217000 	C:\windows\SYSTEM32\WINHTTP.dll
0x00007ff997750000 - 0x00007ff9977bb000 	C:\windows\system32\mswsock.dll
0x00007ff974c00000 - 0x00007ff974c16000 	C:\Users\akumar29\.vscode\extensions\redhat.java-1.52.0-win32-x64\jre\21.0.9-win32-x86_64\bin\nio.dll
0x00007ff989760000 - 0x00007ff989770000 	c:\Users\akumar29\.vscode\extensions\redhat.java-1.52.0-win32-x64\jre\21.0.9-win32-x86_64\bin\verify.dll
0x00007ff9517e0000 - 0x00007ff951825000 	C:\Users\akumar29\AppData\Roaming\Code\User\globalStorage\redhat.java\1.52.0\config_win\org.eclipse.equinox.launcher\org.eclipse.equinox.launcher.win32.win32.x86_64_1.2.1500.v20260121-1430\eclipse_11919.dll
0x00007ff99ab00000 - 0x00007ff99ac97000 	C:\windows\System32\ole32.dll
0x00007ff997b40000 - 0x00007ff997b5b000 	C:\windows\SYSTEM32\CRYPTSP.dll
0x00007ff997030000 - 0x00007ff997069000 	C:\windows\system32\rsaenh.dll
0x00007ff997800000 - 0x00007ff99782b000 	C:\windows\SYSTEM32\USERENV.dll
0x00007ff998390000 - 0x00007ff9983ba000 	C:\windows\SYSTEM32\bcrypt.dll
0x00007ff997b20000 - 0x00007ff997b2c000 	C:\windows\SYSTEM32\CRYPTBASE.dll
0x00007ff996980000 - 0x00007ff9969b4000 	C:\windows\SYSTEM32\IPHLPAPI.DLL
0x00007ff99aca0000 - 0x00007ff99acaa000 	C:\windows\System32\NSI.dll
0x00007ff95a9f0000 - 0x00007ff95aa39000 	C:\Users\akumar29\AppData\Local\Temp\jna-1180799354\jna16229373198937212828.dll
0x00007ff99bab0000 - 0x00007ff99bab8000 	C:\windows\System32\PSAPI.DLL
0x00007ff992b50000 - 0x00007ff992b6e000 	C:\windows\SYSTEM32\dhcpcsvc6.DLL
0x00007ff992b20000 - 0x00007ff992b43000 	C:\windows\SYSTEM32\dhcpcsvc.DLL
0x00007ff993a30000 - 0x00007ff993a3e000 	C:\Users\akumar29\.vscode\extensions\redhat.java-1.52.0-win32-x64\jre\21.0.9-win32-x86_64\bin\sunmscapi.dll
0x00007ff998f70000 - 0x00007ff9990e7000 	C:\windows\System32\CRYPT32.dll
0x00007ff997ca0000 - 0x00007ff997cd0000 	C:\windows\SYSTEM32\ncrypt.dll
0x00007ff997c50000 - 0x00007ff997c8f000 	C:\windows\SYSTEM32\NTASN1.dll
0x00007ff996a60000 - 0x00007ff996b8c000 	C:\windows\SYSTEM32\DNSAPI.dll
0x00007ff989b50000 - 0x00007ff989b5b000 	C:\Windows\System32\rasadhlp.dll
0x00007ff992ff0000 - 0x00007ff993076000 	C:\windows\System32\fwpuclnt.dll
0x00007ff993a20000 - 0x00007ff993a29000 	C:\Users\akumar29\.vscode\extensions\redhat.java-1.52.0-win32-x64\jre\21.0.9-win32-x86_64\bin\extnet.dll

JVMTI agents:
c:\Users\akumar29\.vscode\extensions\redhat.java-1.52.0-win32-x64\lombok\lombok-1.18.39-4050.jar path:c:\Users\akumar29\.vscode\extensions\redhat.java-1.52.0-win32-x64\jre\21.0.9-win32-x86_64\bin\instrument.dll, loaded, initialized, instrumentlib options:none

dbghelp: loaded successfully - version: 4.0.5 - missing functions: none
symbol engine: initialized successfully - sym options: 0x614 - pdb path: .;c:\Users\akumar29\.vscode\extensions\redhat.java-1.52.0-win32-x64\jre\21.0.9-win32-x86_64\bin;C:\windows\SYSTEM32;C:\windows\WinSxS\amd64_microsoft.windows.common-controls_6595b64144ccf1df_6.0.26100.7824_none_3e0870b2e3345462;c:\Users\akumar29\.vscode\extensions\redhat.java-1.52.0-win32-x64\jre\21.0.9-win32-x86_64\bin\server;C:\Users\akumar29\AppData\Roaming\Code\User\globalStorage\redhat.java\1.52.0\config_win\org.eclipse.equinox.launcher\org.eclipse.equinox.launcher.win32.win32.x86_64_1.2.1500.v20260121-1430;C:\Users\akumar29\AppData\Local\Temp\jna-1180799354

VM Arguments:
jvm_args: --add-modules=ALL-SYSTEM --add-opens=java.base/java.util=ALL-UNNAMED --add-opens=java.base/java.lang=ALL-UNNAMED --add-opens=java.base/sun.nio.fs=ALL-UNNAMED -Declipse.application=org.eclipse.jdt.ls.core.id1 -Dosgi.bundles.defaultStartLevel=4 -Declipse.product=org.eclipse.jdt.ls.core.product -Djava.import.generatesMetadataFilesAtProjectRoot=false -DDetectVMInstallationsJob.disabled=true -Dfile.encoding=utf8 -XX:+UseParallelGC -XX:GCTimeRatio=4 -XX:AdaptiveSizePolicyWeight=90 -Dsun.zip.disableMemoryMapping=true -Xmx2G -Xms100m -Xlog:disable -javaagent:c:\Users\akumar29\.vscode\extensions\redhat.java-1.52.0-win32-x64\lombok\lombok-1.18.39-4050.jar -XX:+HeapDumpOnOutOfMemoryError -XX:HeapDumpPath=c:\Users\akumar29\AppData\Roaming\Code\User\workspaceStorage\6650025321ff11406e602522cd7e5464\redhat.java -Daether.dependencyCollector.impl=bf 
java_command: c:\Users\akumar29\.vscode\extensions\redhat.java-1.52.0-win32-x64\server\plugins\org.eclipse.equinox.launcher_1.7.100.v20251111-0406.jar -configuration c:\Users\akumar29\AppData\Roaming\Code\User\globalStorage\redhat.java\1.52.0\config_win -data c:\Users\akumar29\AppData\Roaming\Code\User\workspaceStorage\6650025321ff11406e602522cd7e5464\redhat.java\jdt_ws --pipe=\\.\pipe\lsp-2512c003f8cbb53d29e852a5d619e12e-sock
java_class_path (initial): c:\Users\akumar29\.vscode\extensions\redhat.java-1.52.0-win32-x64\server\plugins\org.eclipse.equinox.launcher_1.7.100.v20251111-0406.jar
Launcher Type: SUN_STANDARD

[Global flags]
    uintx AdaptiveSizePolicyWeight                 = 90                                        {product} {command line}
     intx CICompilerCount                          = 12                                        {product} {ergonomic}
    uintx GCTimeRatio                              = 4                                         {product} {command line}
     bool HeapDumpOnOutOfMemoryError               = true                                   {manageable} {command line}
    ccstr HeapDumpPath                             = c:\Users\akumar29\AppData\Roaming\Code\User\workspaceStorage\6650025321ff11406e602522cd7e5464\redhat.java         {manageable} {command line}
   size_t InitialHeapSize                          = 104857600                                 {product} {command line}
   size_t MaxHeapSize                              = 2147483648                                {product} {command line}
   size_t MaxNewSize                               = 715653120                                 {product} {ergonomic}
   size_t MinHeapDeltaBytes                        = 524288                                    {product} {ergonomic}
   size_t MinHeapSize                              = 104857600                                 {product} {command line}
   size_t NewSize                                  = 34603008                                  {product} {ergonomic}
    uintx NonNMethodCodeHeapSize                   = 7602480                                {pd product} {ergonomic}
    uintx NonProfiledCodeHeapSize                  = 122027880                              {pd product} {ergonomic}
   size_t OldSize                                  = 70254592                                  {product} {ergonomic}
    uintx ProfiledCodeHeapSize                     = 122027880                              {pd product} {ergonomic}
    uintx ReservedCodeCacheSize                    = 251658240                              {pd product} {ergonomic}
     bool SegmentedCodeCache                       = true                                      {product} {ergonomic}
   size_t SoftMaxHeapSize                          = 2147483648                             {manageable} {ergonomic}
     bool UseCompressedOops                        = true                           {product lp64_product} {ergonomic}
     bool UseLargePagesIndividualAllocation        = false                                  {pd product} {ergonomic}
     bool UseParallelGC                            = true                                      {product} {command line}

Logging:
Log output configuration:
 #0: stdout all=off uptime,level,tags foldmultilines=false
 #1: stderr all=off uptime,level,tags foldmultilines=false

Release file:
JAVA_VERSION="21.0.9" 
MODULES="java.base java.compiler java.datatransfer java.xml java.prefs java.desktop java.instrument java.logging java.management java.security.sasl java.naming java.rmi java.management.rmi java.net.http java.scripting java.security.jgss java.transaction.xa java.sql java.sql.rowset java.xml.crypto java.se java.smartcardio jdk.accessibility jdk.internal.jvmstat jdk.attach jdk.charsets jdk.internal.opt jdk.zipfs jdk.compiler jdk.crypto.ec jdk.crypto.cryptoki jdk.crypto.mscapi jdk.dynalink jdk.internal.ed jdk.editpad jdk.hotspot.agent jdk.httpserver jdk.internal.le jdk.internal.vm.ci jdk.internal.vm.compiler jdk.internal.vm.compiler.management jdk.jartool jdk.javadoc jdk.jcmd jdk.management jdk.management.agent jdk.jconsole jdk.jdeps jdk.jdwp.agent jdk.jdi jdk.jfr jdk.jshell jdk.jsobject jdk.jstatd jdk.localedata jdk.management.jfr jdk.naming.dns jdk.naming.rmi jdk.net jdk.nio.mapmode jdk.random jdk.sctp jdk.security.auth jdk.security.jgss jdk.unsupported jdk.unsupported.desktop jdk.xml.dom" 

Environment Variables:
PATH=C:\Program Files\Common Files\Oracle\Java\javapath;C:\windows\system32;C:\windows;C:\windows\System32\Wbem;C:\windows\System32\WindowsPowerShell\v1.0\;C:\windows\System32\OpenSSH\;C:\Program Files\Java\jdk-25.0.2\bin;C:\Users\akumar29\Git\bin;C:\Users\akumar29\Git\cmd;C:\Program Files\nodejs\;C:\Users\akumar29\AppData\Local\Microsoft\WindowsApps;C:\Users\akumar29\AppData\Local\Programs\Microsoft VS Code\bin;C:\Users\akumar29\AppData\Local\Programs\Git\cmd;C:\Users\akumar29\AppData\Roaming\npm
USERNAME=akumar29
OS=Windows_NT
PROCESSOR_IDENTIFIER=Intel64 Family 6 Model 170 Stepping 4, GenuineIntel
TMP=C:\Users\akumar29\AppData\Local\Temp
TEMP=C:\Users\akumar29\AppData\Local\Temp




Periodic native trim disabled

---------------  S Y S T E M  ---------------

OS:
 Windows 11 , 64 bit Build 26100 (10.0.26100.7705)
OS uptime: 10 days 18:10 hours
Hyper-V role detected

CPU: total 22 (initial active 22) (11 cores per cpu, 2 threads per core) family 6 model 170 stepping 4 microcode 0x24, cx8, cmov, fxsr, ht, mmx, 3dnowpref, sse, sse2, sse3, ssse3, sse4.1, sse4.2, popcnt, lzcnt, tsc, tscinvbit, avx, avx2, aes, erms, clmul, bmi1, bmi2, adx, sha, fma, vzeroupper, clflush, clflushopt, clwb, hv, serialize, rdtscp, rdpid, fsrm, f16c, cet_ibt, cet_ss
Processor Information for processor 0
  Max Mhz: 1400, Current Mhz: 1400, Mhz Limit: 1400
Processor Information for processor 1
  Max Mhz: 1400, Current Mhz: 1400, Mhz Limit: 1400
Processor Information for processor 2
  Max Mhz: 900, Current Mhz: 900, Mhz Limit: 900
Processor Information for processor 3
  Max Mhz: 900, Current Mhz: 900, Mhz Limit: 900
Processor Information for processor 4
  Max Mhz: 900, Current Mhz: 900, Mhz Limit: 900
Processor Information for processor 5
  Max Mhz: 900, Current Mhz: 900, Mhz Limit: 900
Processor Information for processor 6
  Max Mhz: 900, Current Mhz: 900, Mhz Limit: 900
Processor Information for processor 7
  Max Mhz: 900, Current Mhz: 900, Mhz Limit: 900
Processor Information for processor 8
  Max Mhz: 900, Current Mhz: 900, Mhz Limit: 900
Processor Information for processor 9
  Max Mhz: 900, Current Mhz: 900, Mhz Limit: 900
Processor Information for processor 10
  Max Mhz: 1400, Current Mhz: 1400, Mhz Limit: 1400
Processor Information for processor 11
  Max Mhz: 1400, Current Mhz: 1400, Mhz Limit: 1400
Processor Information for processor 12
  Max Mhz: 1400, Current Mhz: 1400, Mhz Limit: 1400
Processor Information for processor 13
  Max Mhz: 1400, Current Mhz: 1400, Mhz Limit: 1400
Processor Information for processor 14
  Max Mhz: 1400, Current Mhz: 1400, Mhz Limit: 1400
Processor Information for processor 15
  Max Mhz: 1400, Current Mhz: 1400, Mhz Limit: 1400
Processor Information for processor 16
  Max Mhz: 1400, Current Mhz: 1400, Mhz Limit: 1400
Processor Information for processor 17
  Max Mhz: 1400, Current Mhz: 1400, Mhz Limit: 1400
Processor Information for processor 18
  Max Mhz: 1400, Current Mhz: 1400, Mhz Limit: 1400
Processor Information for processor 19
  Max Mhz: 1400, Current Mhz: 1400, Mhz Limit: 1400
Processor Information for processor 20
  Max Mhz: 700, Current Mhz: 700, Mhz Limit: 700
Processor Information for processor 21
  Max Mhz: 700, Current Mhz: 700, Mhz Limit: 700

Memory: 4k page, system-wide physical 15804M (1740M free)
TotalPageFile size 64956M (AvailPageFile size 250M)
current process WorkingSet (physical memory assigned to process): 712M, peak: 740M
current process commit charge ("private bytes"): 676M, peak: 720M

vm_info: OpenJDK 64-Bit Server VM (21.0.9+10-LTS) for windows-amd64 JRE (21.0.9+10-LTS), built on 2025-10-21T00:00:00Z by "admin" with unknown MS VC++:1942

END.
