#
# There is insufficient memory for the Java Runtime Environment to continue.
# Native memory allocation (malloc) failed to allocate 397056 bytes. Error detail: Chunk::new
# Possible reasons:
#   The system is out of physical RAM or swap space
#   This process is running with CompressedOops enabled, and the Java Heap may be blocking the growth of the native heap
# Possible solutions:
#   Reduce memory load on the system
#   Increase physical memory or swap space
#   Check if swap backing store is full
#   Decrease Java heap size (-Xmx/-Xms)
#   Decrease number of Java threads
#   Decrease Java thread stack sizes (-Xss)
#   Set larger code cache with -XX:ReservedCodeCacheSize=
#   JVM is running with Unscaled Compressed Oops mode in which the Java heap is
#     placed in the first 4GB address space. The Java Heap base address is the
#     maximum limit for the native heap growth. Please use -XX:HeapBaseMinAddress
#     to set the Java Heap base and to place the Java Heap above 4GB virtual address.
# This output file may be truncated or incomplete.
#
#  Out of Memory Error (arena.cpp:168), pid=47664, tid=14504
#
# JRE version: OpenJDK Runtime Environment Temurin-21.0.9+10 (21.0.9+10) (build 21.0.9+10-LTS)
# Java VM: OpenJDK 64-Bit Server VM Temurin-21.0.9+10 (21.0.9+10-LTS, mixed mode, sharing, tiered, compressed oops, compressed class ptrs, parallel gc, windows-amd64)
# No core dump will be written. Minidumps are not enabled by default on client versions of Windows
#

---------------  S U M M A R Y ------------

Command Line: --add-modules=ALL-SYSTEM --add-opens=java.base/java.util=ALL-UNNAMED --add-opens=java.base/java.lang=ALL-UNNAMED --add-opens=java.base/sun.nio.fs=ALL-UNNAMED -Declipse.application=org.eclipse.jdt.ls.core.id1 -Dosgi.bundles.defaultStartLevel=4 -Declipse.product=org.eclipse.jdt.ls.core.product -Djava.import.generatesMetadataFilesAtProjectRoot=false -DDetectVMInstallationsJob.disabled=true -Dfile.encoding=utf8 -XX:+UseParallelGC -XX:GCTimeRatio=4 -XX:AdaptiveSizePolicyWeight=90 -Dsun.zip.disableMemoryMapping=true -Xmx2G -Xms100m -Xlog:disable -javaagent:c:\Users\akumar29\.vscode\extensions\redhat.java-1.52.0-win32-x64\lombok\lombok-1.18.39-4050.jar c:\Users\akumar29\.vscode\extensions\redhat.java-1.52.0-win32-x64\server\plugins\org.eclipse.equinox.launcher_1.7.100.v20251111-0406.jar -configuration c:\Users\akumar29\AppData\Roaming\Code\User\globalStorage\redhat.java\1.52.0\config_ss_win -data c:\Users\akumar29\AppData\Roaming\Code\User\workspaceStorage\6650025321ff11406e602522cd7e5464\redhat.java\ss_ws --pipe=\\.\pipe\lsp-0d9e369d42063db43d2c4d675d11ed29-sock

Host: Intel(R) Core(TM) Ultra 7 165H, 22 cores, 15G,  Windows 11 , 64 bit Build 26100 (10.0.26100.7705)
Time: Wed Feb 25 09:45:00 2026 India Standard Time elapsed time: 3.939000 seconds (0d 0h 0m 3s)

---------------  T H R E A D  ---------------

Current thread (0x000001cba2212df0):  JavaThread "C2 CompilerThread2" daemon [_thread_in_native, id=14504, stack(0x0000006862600000,0x0000006862700000) (1024K)]


Current CompileTask:
C2:3939 2469       4       lombok.patcher.PatchScript::classMatches (41 bytes)

Stack: [0x0000006862600000,0x0000006862700000]
Native frames: (J=compiled Java code, j=interpreted, Vv=VM code, C=native code)
V  [jvm.dll+0x6d6e29]
V  [jvm.dll+0x8b4b76]
V  [jvm.dll+0x8b712e]
V  [jvm.dll+0x8b7813]
V  [jvm.dll+0x283d86]
V  [jvm.dll+0xc66ed]
V  [jvm.dll+0xc6c31]
V  [jvm.dll+0x2facee]
V  [jvm.dll+0x5fde44]
V  [jvm.dll+0x255557]
V  [jvm.dll+0x25591d]
V  [jvm.dll+0x24df40]
V  [jvm.dll+0x24b482]
V  [jvm.dll+0x1cb13e]
V  [jvm.dll+0x25b29d]
V  [jvm.dll+0x25982a]
V  [jvm.dll+0x3f7ea6]
V  [jvm.dll+0x85e9ad]
V  [jvm.dll+0x6d565d]
C  [ucrtbase.dll+0x37b0]
C  [KERNEL32.DLL+0x2e8d7]
C  [ntdll.dll+0x8c40c]


---------------  P R O C E S S  ---------------

Threads class SMR info:
_java_thread_list=0x000001cba2448d70, length=19, elements={
0x000001cb425b27a0, 0x000001cb426563e0, 0x000001cb9a1fe380, 0x000001cb4265cd00,
0x000001cb4265fb30, 0x000001cb4265ecc0, 0x000001cb42667280, 0x000001cb4266a290,
0x000001cb4266a930, 0x000001cb9b69cd80, 0x000001cb9b742270, 0x000001cb9d734e10,
0x000001cba20760b0, 0x000001cba23dd000, 0x000001cba258c550, 0x000001cb9d85b810,
0x000001cba2212df0, 0x000001cba2690300, 0x000001cb9b6194a0
}

Java Threads: ( => current thread )
  0x000001cb425b27a0 JavaThread "main"                              [_thread_blocked, id=2544, stack(0x0000006860d00000,0x0000006860e00000) (1024K)]
  0x000001cb426563e0 JavaThread "Reference Handler"          daemon [_thread_blocked, id=55932, stack(0x0000006861100000,0x0000006861200000) (1024K)]
  0x000001cb9a1fe380 JavaThread "Finalizer"                  daemon [_thread_blocked, id=22232, stack(0x0000006861200000,0x0000006861300000) (1024K)]
  0x000001cb4265cd00 JavaThread "Signal Dispatcher"          daemon [_thread_blocked, id=41656, stack(0x0000006861300000,0x0000006861400000) (1024K)]
  0x000001cb4265fb30 JavaThread "Attach Listener"            daemon [_thread_blocked, id=30484, stack(0x0000006861400000,0x0000006861500000) (1024K)]
  0x000001cb4265ecc0 JavaThread "Service Thread"             daemon [_thread_blocked, id=60220, stack(0x0000006861500000,0x0000006861600000) (1024K)]
  0x000001cb42667280 JavaThread "Monitor Deflation Thread"   daemon [_thread_blocked, id=28572, stack(0x0000006861600000,0x0000006861700000) (1024K)]
  0x000001cb4266a290 JavaThread "C2 CompilerThread0"         daemon [_thread_blocked, id=53120, stack(0x0000006861700000,0x0000006861800000) (1024K)]
  0x000001cb4266a930 JavaThread "C1 CompilerThread0"         daemon [_thread_blocked, id=46448, stack(0x0000006861800000,0x0000006861900000) (1024K)]
  0x000001cb9b69cd80 JavaThread "C2 CompilerThread1"         daemon [_thread_blocked, id=52272, stack(0x0000006861b00000,0x0000006861c00000) (1024K)]
  0x000001cb9b742270 JavaThread "Common-Cleaner"             daemon [_thread_blocked, id=35560, stack(0x0000006861c00000,0x0000006861d00000) (1024K)]
  0x000001cb9d734e10 JavaThread "Notification Thread"        daemon [_thread_blocked, id=40164, stack(0x0000006861e00000,0x0000006861f00000) (1024K)]
  0x000001cba20760b0 JavaThread "Active Thread: Equinox Container: ca0f2840-e543-49da-86a2-8f9c48f860b4"        [_thread_blocked, id=54436, stack(0x0000006862800000,0x0000006862900000) (1024K)]
  0x000001cba23dd000 JavaThread "Framework Event Dispatcher: Equinox Container: ca0f2840-e543-49da-86a2-8f9c48f860b4" daemon [_thread_blocked, id=47688, stack(0x0000006862900000,0x0000006862a00000) (1024K)]
  0x000001cba258c550 JavaThread "Start Level: Equinox Container: ca0f2840-e543-49da-86a2-8f9c48f860b4" daemon [_thread_in_vm, id=28536, stack(0x0000006862a00000,0x0000006862b00000) (1024K)]
  0x000001cb9d85b810 JavaThread "SCR Component Actor"        daemon [_thread_blocked, id=17544, stack(0x0000006861f00000,0x0000006862000000) (1024K)]
=>0x000001cba2212df0 JavaThread "C2 CompilerThread2"         daemon [_thread_in_native, id=14504, stack(0x0000006862600000,0x0000006862700000) (1024K)]
  0x000001cba2690300 JavaThread "Worker-JM"                         [_thread_blocked, id=53836, stack(0x0000006862b00000,0x0000006862c00000) (1024K)]
  0x000001cb9b6194a0 JavaThread "C1 CompilerThread1"         daemon [_thread_in_native, id=12644, stack(0x0000006861900000,0x0000006861a00000) (1024K)]
Total: 19

Other Threads:
  0x000001cb9a1e47d0 VMThread "VM Thread"                           [id=18164, stack(0x0000006861000000,0x0000006861100000) (1024K)]
  0x000001cb9a0dca00 WatcherThread "VM Periodic Task Thread"        [id=50712, stack(0x0000006860f00000,0x0000006861000000) (1024K)]
  0x000001cb425cf970 WorkerThread "GC Thread#0"                     [id=59180, stack(0x0000006860e00000,0x0000006860f00000) (1024K)]
  0x000001cba20bd7a0 WorkerThread "GC Thread#1"                     [id=33656, stack(0x0000006862000000,0x0000006862100000) (1024K)]
  0x000001cba2094a30 WorkerThread "GC Thread#2"                     [id=18228, stack(0x0000006862100000,0x0000006862200000) (1024K)]
  0x000001cb9dba7370 WorkerThread "GC Thread#3"                     [id=44256, stack(0x0000006862200000,0x0000006862300000) (1024K)]
  0x000001cb9dba7710 WorkerThread "GC Thread#4"                     [id=50424, stack(0x0000006862300000,0x0000006862400000) (1024K)]
  0x000001cb9dba7ab0 WorkerThread "GC Thread#5"                     [id=45568, stack(0x0000006862400000,0x0000006862500000) (1024K)]
  0x000001cba2232080 WorkerThread "GC Thread#6"                     [id=23356, stack(0x0000006862500000,0x0000006862600000) (1024K)]
  0x000001cba23dc150 WorkerThread "GC Thread#7"                     [id=49612, stack(0x0000006862700000,0x0000006862800000) (1024K)]
  0x000001cba25874b0 WorkerThread "GC Thread#8"                     [id=60428, stack(0x0000006862c00000,0x0000006862d00000) (1024K)]
  0x000001cba2587f90 WorkerThread "GC Thread#9"                     [id=2704, stack(0x0000006862d00000,0x0000006862e00000) (1024K)]
Total: 12

Threads with active compile tasks:
C2 CompilerThread2  3968 2469       4       lombok.patcher.PatchScript::classMatches (41 bytes)
Total: 1

VM state: not at safepoint (normal execution)

VM Mutex/Monitor currently owned by a thread:  ([mutex/lock_event])
[0x00007ff8dee9d470] CodeCache_lock - owner thread: 0x0000000000000000

Heap address: 0x0000000080000000, size: 2048 MB, Compressed Oops mode: 32-bit

CDS archive(s) mapped at: [0x000001cb59000000-0x000001cb59ba0000-0x000001cb59ba0000), size 12189696, SharedBaseAddress: 0x000001cb59000000, ArchiveRelocationMode: 1.
Compressed class space mapped at: 0x000001cb5a000000-0x000001cb9a000000, reserved size: 1073741824
Narrow klass base: 0x000001cb59000000, Narrow klass shift: 0, Narrow klass range: 0x100000000

GC Precious Log:
 CardTable entry size: 512
 CPUs: 22 total, 22 available
 Memory: 15804M
 Large Page Support: Disabled
 NUMA Support: Disabled
 Compressed Oops: Enabled (32-bit)
 Alignments: Space 512K, Generation 512K, Heap 2M
 Heap Min Capacity: 100M
 Heap Initial Capacity: 100M
 Heap Max Capacity: 2G
 Pre-touch: Disabled
 Parallel Workers: 16

Heap:
 PSYoungGen      total 29696K, used 14664K [0x00000000d5580000, 0x00000000d7680000, 0x0000000100000000)
  eden space 25600K, 41% used [0x00000000d5580000,0x00000000d5fd3ae0,0x00000000d6e80000)
  from space 4096K, 99% used [0x00000000d6e80000,0x00000000d727e848,0x00000000d7280000)
  to   space 4096K, 0% used [0x00000000d7280000,0x00000000d7280000,0x00000000d7680000)
 ParOldGen       total 68608K, used 2585K [0x0000000080000000, 0x0000000084300000, 0x00000000d5580000)
  object space 68608K, 3% used [0x0000000080000000,0x00000000802867e0,0x0000000084300000)
 Metaspace       used 14261K, committed 14848K, reserved 1114112K
  class space    used 1500K, committed 1792K, reserved 1048576K

Card table byte_map: [0x000001cb41f50000,0x000001cb42360000] _byte_map_base: 0x000001cb41b50000

Marking Bits: (ParMarkBitMap*) 0x00007ff8deea2460
 Begin Bits: [0x000001cb54a60000, 0x000001cb56a60000)
 End Bits:   [0x000001cb56a60000, 0x000001cb58a60000)

Polling page: 0x000001cb40440000

Metaspace:

Usage:
  Non-class:     12.47 MB used.
      Class:      1.47 MB used.
       Both:     13.93 MB used.

Virtual space:
  Non-class space:       64.00 MB reserved,      12.81 MB ( 20%) committed,  1 nodes.
      Class space:        1.00 GB reserved,       1.75 MB ( <1%) committed,  1 nodes.
             Both:        1.06 GB reserved,      14.56 MB (  1%) committed. 

Chunk freelists:
   Non-Class:  2.42 MB
       Class:  14.09 MB
        Both:  16.52 MB

MaxMetaspaceSize: unlimited
CompressedClassSpaceSize: 1.00 GB
Initial GC threshold: 21.00 MB
Current GC threshold: 21.00 MB
CDS: on
 - commit_granule_bytes: 65536.
 - commit_granule_words: 8192.
 - virtual_space_node_default_size: 8388608.
 - enlarge_chunks_in_place: 1.
 - use_allocation_guard: 0.


Internal statistics:

num_allocs_failed_limit: 0.
num_arena_births: 384.
num_arena_deaths: 0.
num_vsnodes_births: 2.
num_vsnodes_deaths: 0.
num_space_committed: 233.
num_space_uncommitted: 0.
num_chunks_returned_to_freelist: 0.
num_chunks_taken_from_freelist: 877.
num_chunk_merges: 0.
num_chunk_splits: 549.
num_chunks_enlarged: 352.
num_inconsistent_stats: 0.

CodeHeap 'non-profiled nmethods': size=119168Kb used=1018Kb max_used=1018Kb free=118149Kb
 bounds [0x000001cb4d350000, 0x000001cb4d5c0000, 0x000001cb547b0000]
CodeHeap 'profiled nmethods': size=119104Kb used=4944Kb max_used=4944Kb free=114159Kb
 bounds [0x000001cb457b0000, 0x000001cb45c90000, 0x000001cb4cc00000]
CodeHeap 'non-nmethods': size=7488Kb used=1816Kb max_used=2952Kb free=5671Kb
 bounds [0x000001cb4cc00000, 0x000001cb4cef0000, 0x000001cb4d350000]
CodeCache: size=245760Kb, used=7778Kb, max_used=8914Kb, free=237979Kb
 total_blobs=3069, nmethods=2537, adapters=437, full_count=0
Compilation: enabled, stopped_count=0, restarted_count=0

Compilation events (20 events):
Event: 1.903 Thread 0x000001cb9b6194a0 2476       3       java.lang.invoke.Invokers$Holder::linkToTargetMethod (10 bytes)
Event: 1.903 Thread 0x000001cb9b6194a0 nmethod 2476 0x000001cb45c66910 code [0x000001cb45c66ae0, 0x000001cb45c66f20]
Event: 1.910 Thread 0x000001cb9b619d00 2477       3       java.util.concurrent.ConcurrentHashMap::remove (32 bytes)
Event: 1.910 Thread 0x000001cb9b619d00 nmethod 2477 0x000001cb45c67010 code [0x000001cb45c671e0, 0x000001cb45c674a8]
Event: 1.912 Thread 0x000001cb9b6194a0 2478       3       java.util.concurrent.ConcurrentHashMap::values (25 bytes)
Event: 1.912 Thread 0x000001cb9b619d00 2479       3       java.util.concurrent.ConcurrentHashMap$ValuesView::iterator (34 bytes)
Event: 1.912 Thread 0x000001cb4266a930 2480       3       java.util.concurrent.ConcurrentHashMap$ValueIterator::<init> (12 bytes)
Event: 1.913 Thread 0x000001cb9b6194a0 nmethod 2478 0x000001cb45c67590 code [0x000001cb45c67760, 0x000001cb45c67a68]
Event: 1.913 Thread 0x000001cb9b619d00 nmethod 2479 0x000001cb45c67b90 code [0x000001cb45c67d40, 0x000001cb45c67f68]
Event: 1.913 Thread 0x000001cb4266a930 nmethod 2480 0x000001cb45c68090 code [0x000001cb45c68240, 0x000001cb45c68378]
Event: 1.913 Thread 0x000001cb9b7fa440 2481       3       java.util.Properties::loadConvert (540 bytes)
Event: 1.914 Thread 0x000001cb9b7fa440 nmethod 2481 0x000001cb45c68410 code [0x000001cb45c68700, 0x000001cb45c699a8]
Event: 1.916 Thread 0x000001cb4266a290 2482   !   4       java.lang.ref.ReferenceQueue::poll (40 bytes)
Event: 1.918 Thread 0x000001cb4266a290 nmethod 2482 0x000001cb4d447510 code [0x000001cb4d447700, 0x000001cb4d447a30]
Event: 1.925 Thread 0x000001cb4266a930 2483       3       sun.util.locale.LocaleUtils::isUpper (18 bytes)
Event: 1.925 Thread 0x000001cb4266a930 nmethod 2483 0x000001cb45c6a010 code [0x000001cb45c6a1a0, 0x000001cb45c6a310]
Event: 3.331 Thread 0x000001cb9b6194a0 2484       3       java.util.concurrent.Semaphore$NonfairSync::tryAcquireShared (6 bytes)
Event: 3.331 Thread 0x000001cb4266a930 2485       3       java.util.concurrent.Semaphore$Sync::nonfairTryAcquireShared (27 bytes)
Event: 3.331 Thread 0x000001cb9b6194a0 nmethod 2484 0x000001cb45c6a390 code [0x000001cb45c6a540, 0x000001cb45c6a678]
Event: 3.331 Thread 0x000001cb4266a930 nmethod 2485 0x000001cb45c6a710 code [0x000001cb45c6a8c0, 0x000001cb45c6ab10]

GC Heap History (6 events):
Event: 0.671 GC heap before
{Heap before GC invocations=1 (full 0):
 PSYoungGen      total 29696K, used 25600K [0x00000000d5580000, 0x00000000d7680000, 0x0000000100000000)
  eden space 25600K, 100% used [0x00000000d5580000,0x00000000d6e80000,0x00000000d6e80000)
  from space 4096K, 0% used [0x00000000d7280000,0x00000000d7280000,0x00000000d7680000)
  to   space 4096K, 0% used [0x00000000d6e80000,0x00000000d6e80000,0x00000000d7280000)
 ParOldGen       total 68608K, used 0K [0x0000000080000000, 0x0000000084300000, 0x00000000d5580000)
  object space 68608K, 0% used [0x0000000080000000,0x0000000080000000,0x0000000084300000)
 Metaspace       used 4139K, committed 4416K, reserved 1114112K
  class space    used 452K, committed 576K, reserved 1048576K
}
Event: 0.678 GC heap after
{Heap after GC invocations=1 (full 0):
 PSYoungGen      total 29696K, used 3708K [0x00000000d5580000, 0x00000000d7680000, 0x0000000100000000)
  eden space 25600K, 0% used [0x00000000d5580000,0x00000000d5580000,0x00000000d6e80000)
  from space 4096K, 90% used [0x00000000d6e80000,0x00000000d721f000,0x00000000d7280000)
  to   space 4096K, 0% used [0x00000000d7280000,0x00000000d7280000,0x00000000d7680000)
 ParOldGen       total 68608K, used 16K [0x0000000080000000, 0x0000000084300000, 0x00000000d5580000)
  object space 68608K, 0% used [0x0000000080000000,0x0000000080004000,0x0000000084300000)
 Metaspace       used 4139K, committed 4416K, reserved 1114112K
  class space    used 452K, committed 576K, reserved 1048576K
}
Event: 1.337 GC heap before
{Heap before GC invocations=2 (full 0):
 PSYoungGen      total 29696K, used 29308K [0x00000000d5580000, 0x00000000d7680000, 0x0000000100000000)
  eden space 25600K, 100% used [0x00000000d5580000,0x00000000d6e80000,0x00000000d6e80000)
  from space 4096K, 90% used [0x00000000d6e80000,0x00000000d721f000,0x00000000d7280000)
  to   space 4096K, 0% used [0x00000000d7280000,0x00000000d7280000,0x00000000d7680000)
 ParOldGen       total 68608K, used 16K [0x0000000080000000, 0x0000000084300000, 0x00000000d5580000)
  object space 68608K, 0% used [0x0000000080000000,0x0000000080004000,0x0000000084300000)
 Metaspace       used 7965K, committed 8256K, reserved 1114112K
  class space    used 828K, committed 960K, reserved 1048576K
}
Event: 1.341 GC heap after
{Heap after GC invocations=2 (full 0):
 PSYoungGen      total 29696K, used 4087K [0x00000000d5580000, 0x00000000d7680000, 0x0000000100000000)
  eden space 25600K, 0% used [0x00000000d5580000,0x00000000d5580000,0x00000000d6e80000)
  from space 4096K, 99% used [0x00000000d7280000,0x00000000d767de88,0x00000000d7680000)
  to   space 4096K, 0% used [0x00000000d6e80000,0x00000000d6e80000,0x00000000d7280000)
 ParOldGen       total 68608K, used 1064K [0x0000000080000000, 0x0000000084300000, 0x00000000d5580000)
  object space 68608K, 1% used [0x0000000080000000,0x000000008010a020,0x0000000084300000)
 Metaspace       used 7965K, committed 8256K, reserved 1114112K
  class space    used 828K, committed 960K, reserved 1048576K
}
Event: 1.784 GC heap before
{Heap before GC invocations=3 (full 0):
 PSYoungGen      total 29696K, used 29687K [0x00000000d5580000, 0x00000000d7680000, 0x0000000100000000)
  eden space 25600K, 100% used [0x00000000d5580000,0x00000000d6e80000,0x00000000d6e80000)
  from space 4096K, 99% used [0x00000000d7280000,0x00000000d767de88,0x00000000d7680000)
  to   space 4096K, 0% used [0x00000000d6e80000,0x00000000d6e80000,0x00000000d7280000)
 ParOldGen       total 68608K, used 1064K [0x0000000080000000, 0x0000000084300000, 0x00000000d5580000)
  object space 68608K, 1% used [0x0000000080000000,0x000000008010a020,0x0000000084300000)
 Metaspace       used 12742K, committed 13312K, reserved 1114112K
  class space    used 1344K, committed 1600K, reserved 1048576K
}
Event: 1.787 GC heap after
{Heap after GC invocations=3 (full 0):
 PSYoungGen      total 29696K, used 4090K [0x00000000d5580000, 0x00000000d7680000, 0x0000000100000000)
  eden space 25600K, 0% used [0x00000000d5580000,0x00000000d5580000,0x00000000d6e80000)
  from space 4096K, 99% used [0x00000000d6e80000,0x00000000d727e848,0x00000000d7280000)
  to   space 4096K, 0% used [0x00000000d7280000,0x00000000d7280000,0x00000000d7680000)
 ParOldGen       total 68608K, used 2585K [0x0000000080000000, 0x0000000084300000, 0x00000000d5580000)
  object space 68608K, 3% used [0x0000000080000000,0x00000000802867e0,0x0000000084300000)
 Metaspace       used 12742K, committed 13312K, reserved 1114112K
  class space    used 1344K, committed 1600K, reserved 1048576K
}

Dll operation events (11 events):
Event: 0.029 Loaded shared library c:\Users\akumar29\.vscode\extensions\redhat.java-1.52.0-win32-x64\jre\21.0.9-win32-x86_64\bin\java.dll
Event: 0.092 Loaded shared library c:\Users\akumar29\.vscode\extensions\redhat.java-1.52.0-win32-x64\jre\21.0.9-win32-x86_64\bin\zip.dll
Event: 0.114 Loaded shared library C:\Users\akumar29\.vscode\extensions\redhat.java-1.52.0-win32-x64\jre\21.0.9-win32-x86_64\bin\instrument.dll
Event: 0.125 Loaded shared library C:\Users\akumar29\.vscode\extensions\redhat.java-1.52.0-win32-x64\jre\21.0.9-win32-x86_64\bin\net.dll
Event: 0.135 Loaded shared library C:\Users\akumar29\.vscode\extensions\redhat.java-1.52.0-win32-x64\jre\21.0.9-win32-x86_64\bin\nio.dll
Event: 0.138 Loaded shared library C:\Users\akumar29\.vscode\extensions\redhat.java-1.52.0-win32-x64\jre\21.0.9-win32-x86_64\bin\zip.dll
Event: 0.160 Loaded shared library C:\Users\akumar29\.vscode\extensions\redhat.java-1.52.0-win32-x64\jre\21.0.9-win32-x86_64\bin\jimage.dll
Event: 0.233 Loaded shared library c:\Users\akumar29\.vscode\extensions\redhat.java-1.52.0-win32-x64\jre\21.0.9-win32-x86_64\bin\verify.dll
Event: 1.398 Loaded shared library C:\Users\akumar29\AppData\Roaming\Code\User\globalStorage\redhat.java\1.52.0\config_ss_win\org.eclipse.equinox.launcher\org.eclipse.equinox.launcher.win32.win32.x86_64_1.2.1500.v20260121-1430\eclipse_11919.dll
Event: 1.881 Loaded shared library C:\Users\akumar29\.vscode\extensions\redhat.java-1.52.0-win32-x64\jre\21.0.9-win32-x86_64\bin\management.dll
Event: 1.890 Loaded shared library C:\Users\akumar29\.vscode\extensions\redhat.java-1.52.0-win32-x64\jre\21.0.9-win32-x86_64\bin\management_ext.dll

Deoptimization events (20 events):
Event: 1.701 Thread 0x000001cba258c550 Uncommon trap: trap_request=0xffffff45 fr.pc=0x000001cb4d3bbc8c relative=0x0000000000001a6c
Event: 1.701 Thread 0x000001cba258c550 Uncommon trap: reason=unstable_if action=reinterpret pc=0x000001cb4d3bbc8c method=java.util.jar.Manifest$FastInputStream.readLine([BII)I @ 106 c2
Event: 1.701 Thread 0x000001cba258c550 DEOPT PACKING pc=0x000001cb4d3bbc8c sp=0x0000006862afdf30
Event: 1.701 Thread 0x000001cba258c550 DEOPT UNPACKING pc=0x000001cb4cc53aa2 sp=0x0000006862afde10 mode 2
Event: 1.701 Thread 0x000001cba258c550 Uncommon trap: trap_request=0xffffff45 fr.pc=0x000001cb4d3b9348 relative=0x0000000000000468
Event: 1.701 Thread 0x000001cba258c550 Uncommon trap: reason=unstable_if action=reinterpret pc=0x000001cb4d3b9348 method=java.util.jar.Manifest$FastInputStream.readLine([BII)I @ 106 c2
Event: 1.701 Thread 0x000001cba258c550 DEOPT PACKING pc=0x000001cb4d3b9348 sp=0x0000006862afded0
Event: 1.701 Thread 0x000001cba258c550 DEOPT UNPACKING pc=0x000001cb4cc53aa2 sp=0x0000006862afde08 mode 2
Event: 1.701 Thread 0x000001cba258c550 Uncommon trap: trap_request=0xffffff45 fr.pc=0x000001cb4d3b9c58 relative=0x00000000000000b8
Event: 1.701 Thread 0x000001cba258c550 Uncommon trap: reason=unstable_if action=reinterpret pc=0x000001cb4d3b9c58 method=java.util.jar.Manifest$FastInputStream.peek()B @ 23 c2
Event: 1.701 Thread 0x000001cba258c550 DEOPT PACKING pc=0x000001cb4d3b9c58 sp=0x0000006862afdf30
Event: 1.701 Thread 0x000001cba258c550 DEOPT UNPACKING pc=0x000001cb4cc53aa2 sp=0x0000006862afdec8 mode 2
Event: 1.811 Thread 0x000001cba258c550 Uncommon trap: trap_request=0xffffff45 fr.pc=0x000001cb4d3ab2dc relative=0x0000000000000f1c
Event: 1.811 Thread 0x000001cba258c550 Uncommon trap: reason=unstable_if action=reinterpret pc=0x000001cb4d3ab2dc method=lombok.patcher.PatchScript.classMatches(Ljava/lang/String;Ljava/util/Collection;)Z @ 25 c2
Event: 1.811 Thread 0x000001cba258c550 DEOPT PACKING pc=0x000001cb4d3ab2dc sp=0x0000006862af6c80
Event: 1.811 Thread 0x000001cba258c550 DEOPT UNPACKING pc=0x000001cb4cc53aa2 sp=0x0000006862af6c40 mode 2
Event: 1.913 Thread 0x000001cba258c550 Uncommon trap: trap_request=0xffffff45 fr.pc=0x000001cb4d4441e8 relative=0x0000000000001488
Event: 1.913 Thread 0x000001cba258c550 Uncommon trap: reason=unstable_if action=reinterpret pc=0x000001cb4d4441e8 method=java.util.Properties.loadConvert([CIILjava/lang/StringBuilder;)Ljava/lang/String; @ 491 c2
Event: 1.913 Thread 0x000001cba258c550 DEOPT PACKING pc=0x000001cb4d4441e8 sp=0x0000006862af7a10
Event: 1.913 Thread 0x000001cba258c550 DEOPT UNPACKING pc=0x000001cb4cc53aa2 sp=0x0000006862af7a00 mode 2

Classes loaded (20 events):
Event: 1.897 Loading class jdk/management/jfr/FlightRecorderMXBean
Event: 1.897 Loading class jdk/management/jfr/FlightRecorderMXBean done
Event: 1.897 Loading class jdk/management/jfr/internal/FlightRecorderMXBeanProvider$SingleMBeanComponent
Event: 1.897 Loading class jdk/management/jfr/internal/FlightRecorderMXBeanProvider$SingleMBeanComponent done
Event: 1.899 Loading class sun/management/RuntimeImpl
Event: 1.899 Loading class sun/management/RuntimeImpl done
Event: 1.899 Loading class java/util/Collections$2
Event: 1.899 Loading class java/util/Collections$2 done
Event: 1.901 Loading class sun/management/Util
Event: 1.902 Loading class sun/management/Util done
Event: 1.902 Loading class java/lang/management/ManagementPermission
Event: 1.902 Loading class java/lang/management/ManagementPermission done
Event: 1.911 Loading class java/lang/IllegalCallerException
Event: 1.912 Loading class java/lang/IllegalCallerException done
Event: 1.914 Loading class java/lang/invoke/DirectMethodHandle$1
Event: 1.914 Loading class java/lang/invoke/DirectMethodHandle$1 done
Event: 1.922 Loading class java/text/MessageFormat
Event: 1.922 Loading class java/text/MessageFormat done
Event: 1.926 Loading class jdk/internal/module/ModulePatcher$PatchedModuleReader
Event: 1.927 Loading class jdk/internal/module/ModulePatcher$PatchedModuleReader done

Classes unloaded (0 events):
No events

Classes redefined (0 events):
No events

Internal exceptions (20 events):
Event: 1.159 Thread 0x000001cb425b27a0 Exception <a 'java/lang/NoSuchMethodError'{0x00000000d6681308}: 'void java.lang.invoke.DirectMethodHandle$Holder.invokeStaticInit(java.lang.Object, java.lang.Object)'> (0x00000000d6681308) 
thrown [s\src\hotspot\share\interpreter\linkResolver.cpp, line 773]
Event: 1.159 Thread 0x000001cb425b27a0 Exception <a 'java/lang/NoSuchMethodError'{0x00000000d668a4c0}: 'int java.lang.invoke.DirectMethodHandle$Holder.invokeStaticInit(java.lang.Object, java.lang.Object)'> (0x00000000d668a4c0) 
thrown [s\src\hotspot\share\interpreter\linkResolver.cpp, line 773]
Event: 1.196 Thread 0x000001cb425b27a0 Exception <a 'java/lang/NoSuchMethodError'{0x00000000d68dd1a0}: 'java.lang.Object java.lang.invoke.DirectMethodHandle$Holder.newInvokeSpecial(java.lang.Object, int, java.lang.Object)'> (0x00000000d68dd1a0) 
thrown [s\src\hotspot\share\interpreter\linkResolver.cpp, line 773]
Event: 1.225 Thread 0x000001cb425b27a0 Exception <a 'java/lang/ClassNotFoundException'{0x00000000d6af81c8}: sun/net/www/protocol/plurl/Handler> (0x00000000d6af81c8) 
thrown [s\src\hotspot\share\classfile\systemDictionary.cpp, line 312]
Event: 1.225 Thread 0x000001cb425b27a0 Exception <a 'java/lang/ClassNotFoundException'{0x00000000d6af9048}: sun/net/www/protocol/plurl/Handler> (0x00000000d6af9048) 
thrown [s\src\hotspot\share\classfile\systemDictionary.cpp, line 312]
Event: 1.390 Thread 0x000001cb425b27a0 Exception <a 'java/lang/UnsatisfiedLinkError'{0x00000000d5673940}: 'void org.eclipse.equinox.launcher.JNIBridge._update_splash()'> (0x00000000d5673940) 
thrown [s\src\hotspot\share\prims\nativeLookup.cpp, line 415]
Event: 1.442 Thread 0x000001cba258c550 Exception <a 'java/lang/NullPointerException'{0x00000000d5a066c0}> (0x00000000d5a066c0) 
thrown [s\src\hotspot\share\interpreter\linkResolver.cpp, line 1372]
Event: 1.442 Thread 0x000001cba258c550 Exception <a 'java/lang/NullPointerException'{0x00000000d5a069a0}> (0x00000000d5a069a0) 
thrown [s\src\hotspot\share\interpreter\linkResolver.cpp, line 1372]
Event: 1.585 Thread 0x000001cba258c550 Exception <a 'java/lang/NoSuchMethodError'{0x00000000d6321cf8}: 'long java.lang.invoke.DirectMethodHandle$Holder.invokeSpecial(java.lang.Object, java.lang.Object)'> (0x00000000d6321cf8) 
thrown [s\src\hotspot\share\interpreter\linkResolver.cpp, line 773]
Event: 1.629 Thread 0x000001cba258c550 Exception <a 'java/io/FileNotFoundException'{0x00000000d6515b28}> (0x00000000d6515b28) 
thrown [s\src\hotspot\share\prims\jni.cpp, line 520]
Event: 1.695 Thread 0x000001cba258c550 Exception <a 'java/lang/NoSuchMethodError'{0x00000000d67ff840}: 'java.lang.Object java.lang.invoke.Invokers$Holder.linkToTargetMethod(java.lang.Object, long, java.lang.Object)'> (0x00000000d67ff840) 
thrown [s\src\hotspot\share\interpreter\linkResolver.cpp, line 773]
Event: 1.735 Thread 0x000001cba258c550 Exception <a 'java/lang/NoSuchMethodError'{0x00000000d6b937d0}: 'void java.lang.invoke.DirectMethodHandle$Holder.invokeInterface(java.lang.Object, java.lang.Object, java.lang.Object)'> (0x00000000d6b937d0) 
thrown [s\src\hotspot\share\interpreter\linkResolver.cpp, line 773]
Event: 1.758 Thread 0x000001cba258c550 Exception <a 'java/lang/NoSuchMethodError'{0x00000000d6d9efc0}: 'void java.lang.invoke.Invokers$Holder.invokeExact_MT(java.lang.Object, java.lang.Object, java.lang.Object)'> (0x00000000d6d9efc0) 
thrown [s\src\hotspot\share\interpreter\linkResolver.cpp, line 773]
Event: 1.827 Thread 0x000001cba258c550 Exception <a 'java/lang/NoSuchMethodError'{0x00000000d57a2f98}: 'java.lang.Object java.lang.invoke.DirectMethodHandle$Holder.invokeVirtual(java.lang.Object, java.lang.Object, java.lang.Object)'> (0x00000000d57a2f98) 
thrown [s\src\hotspot\share\interpreter\linkResolver.cpp, line 773]
Event: 1.828 Thread 0x000001cba258c550 Exception <a 'java/lang/NoSuchMethodError'{0x00000000d57bb598}: 'java.lang.Object java.lang.invoke.DelegatingMethodHandle$Holder.reinvoke_L(java.lang.Object, java.lang.Object, java.lang.Object, java.lang.Object, int, int)'> (0x00000000d57bb598) 
thrown [s\src\hotspot\share\interpreter\linkResolver.cpp, line 773]
Event: 1.831 Thread 0x000001cba258c550 Exception <a 'java/lang/NoSuchMethodError'{0x00000000d57d80a0}: 'java.lang.Object java.lang.invoke.DirectMethodHandle$Holder.newInvokeSpecial(java.lang.Object, java.lang.Object, java.lang.Object, java.lang.Object, java.lang.Object, java.lang.Object)'> (0x00000000d57d80a0) 
thrown [s\src\hotspot\share\interpreter\linkResolver.cpp, line 773]
Event: 1.833 Thread 0x000001cba258c550 Exception <a 'java/lang/NoSuchMethodError'{0x00000000d581f828}: 'void java.lang.invoke.Invokers$Holder.invokeExact_MT(java.lang.Object, java.lang.Object, java.lang.Object, java.lang.Object)'> (0x00000000d581f828) 
thrown [s\src\hotspot\share\interpreter\linkResolver.cpp, line 773]
Event: 1.871 Thread 0x000001cba258c550 Exception <a 'java/io/FileNotFoundException'{0x00000000d599d148}> (0x00000000d599d148) 
thrown [s\src\hotspot\share\prims\jni.cpp, line 520]
Event: 1.873 Thread 0x000001cba258c550 Exception <a 'java/io/FileNotFoundException'{0x00000000d59b9f60}> (0x00000000d59b9f60) 
thrown [s\src\hotspot\share\prims\jni.cpp, line 520]
Event: 1.874 Thread 0x000001cba258c550 Exception <a 'java/io/FileNotFoundException'{0x00000000d59c1500}> (0x00000000d59c1500) 
thrown [s\src\hotspot\share\prims\jni.cpp, line 520]

ZGC Phase Switch (0 events):
No events

VM Operations (20 events):
Event: 1.214 Executing VM operation: HandshakeAllThreads (Deoptimize)
Event: 1.214 Executing VM operation: HandshakeAllThreads (Deoptimize) done
Event: 1.222 Executing VM operation: HandshakeAllThreads (Deoptimize)
Event: 1.222 Executing VM operation: HandshakeAllThreads (Deoptimize) done
Event: 1.232 Executing VM operation: ICBufferFull
Event: 1.232 Executing VM operation: ICBufferFull done
Event: 1.336 Executing VM operation: ParallelGCFailedAllocation (Allocation Failure)
Event: 1.341 Executing VM operation: ParallelGCFailedAllocation (Allocation Failure) done
Event: 1.525 Executing VM operation: HandshakeAllThreads (Deoptimize)
Event: 1.525 Executing VM operation: HandshakeAllThreads (Deoptimize) done
Event: 1.717 Executing VM operation: HandshakeAllThreads (Deoptimize)
Event: 1.717 Executing VM operation: HandshakeAllThreads (Deoptimize) done
Event: 1.784 Executing VM operation: ParallelGCFailedAllocation (Allocation Failure)
Event: 1.787 Executing VM operation: ParallelGCFailedAllocation (Allocation Failure) done
Event: 1.923 Executing VM operation: HandshakeAllThreads (Deoptimize)
Event: 1.923 Executing VM operation: HandshakeAllThreads (Deoptimize) done
Event: 1.927 Executing VM operation: HandshakeAllThreads (Deoptimize)
Event: 1.927 Executing VM operation: HandshakeAllThreads (Deoptimize) done
Event: 2.928 Executing VM operation: Cleanup
Event: 2.928 Executing VM operation: Cleanup done

Memory protections (0 events):
No events

Nmethod flushes (0 events):
No events

Events (20 events):
Event: 0.088 Thread 0x000001cb4266a930 Thread added: 0x000001cb9b6194a0
Event: 0.089 Thread 0x000001cb9b6194a0 Thread added: 0x000001cb9b619d00
Event: 0.097 Thread 0x000001cb9b6194a0 Thread added: 0x000001cb9b69cd80
Event: 0.116 Thread 0x000001cb425b27a0 Thread added: 0x000001cb9b742270
Event: 0.169 Thread 0x000001cb9b6194a0 Thread added: 0x000001cb9b7fa440
Event: 0.357 Thread 0x000001cb425b27a0 Thread added: 0x000001cb9d734e10
Event: 0.437 Thread 0x000001cb9b619d00 Thread added: 0x000001cb9d85b810
Event: 0.921 Thread 0x000001cb9b7fa440 Thread added: 0x000001cb9dc34420
Event: 0.922 Thread 0x000001cb9b7fa440 Thread added: 0x000001cb9dc34ac0
Event: 1.172 Thread 0x000001cb425b27a0 Thread added: 0x000001cba20760b0
Event: 1.264 Thread 0x000001cb9dc34ac0 Thread exited: 0x000001cb9dc34ac0
Event: 1.383 Thread 0x000001cb425b27a0 Thread added: 0x000001cba23dd000
Event: 1.388 Thread 0x000001cb425b27a0 Thread added: 0x000001cba258c550
Event: 1.487 Thread 0x000001cb9dc34420 Thread exited: 0x000001cb9dc34420
Event: 1.487 Thread 0x000001cb9d85b810 Thread exited: 0x000001cb9d85b810
Event: 1.514 Thread 0x000001cba258c550 Thread added: 0x000001cb9d85b810
Event: 1.591 Thread 0x000001cb9b7fa440 Thread added: 0x000001cba2212df0
Event: 1.741 Thread 0x000001cba258c550 Thread added: 0x000001cba2690300
Event: 3.936 Thread 0x000001cb9b7fa440 Thread exited: 0x000001cb9b7fa440
Event: 3.936 Thread 0x000001cb9b619d00 Thread exited: 0x000001cb9b619d00


Dynamic libraries:
0x00007ff6721c0000 - 0x00007ff6721ce000 	c:\Users\akumar29\.vscode\extensions\redhat.java-1.52.0-win32-x64\jre\21.0.9-win32-x86_64\bin\java.exe
0x00007ff99bbc0000 - 0x00007ff99be28000 	C:\windows\SYSTEM32\ntdll.dll
0x00007ff99acb0000 - 0x00007ff99ad79000 	C:\windows\System32\KERNEL32.DLL
0x00007ff9986a0000 - 0x00007ff998a91000 	C:\windows\System32\KERNELBASE.dll
0x00007ff998550000 - 0x00007ff99869b000 	C:\windows\System32\ucrtbase.dll
0x00007ff9790a0000 - 0x00007ff9790b8000 	c:\Users\akumar29\.vscode\extensions\redhat.java-1.52.0-win32-x64\jre\21.0.9-win32-x86_64\bin\jli.dll
0x00007ff99a120000 - 0x00007ff99a2e6000 	C:\windows\System32\USER32.dll
0x00007ff998f40000 - 0x00007ff998f67000 	C:\windows\System32\win32u.dll
0x00007ff9693d0000 - 0x00007ff969663000 	C:\windows\WinSxS\amd64_microsoft.windows.common-controls_6595b64144ccf1df_6.0.26100.7824_none_3e0870b2e3345462\COMCTL32.dll
0x00007ff99b3d0000 - 0x00007ff99b3fb000 	C:\windows\System32\GDI32.dll
0x00007ff978a00000 - 0x00007ff978a1e000 	c:\Users\akumar29\.vscode\extensions\redhat.java-1.52.0-win32-x64\jre\21.0.9-win32-x86_64\bin\VCRUNTIME140.dll
0x00007ff99a2f0000 - 0x00007ff99a399000 	C:\windows\System32\msvcrt.dll
0x00007ff998bf0000 - 0x00007ff998d1b000 	C:\windows\System32\gdi32full.dll
0x00007ff9984a0000 - 0x00007ff998543000 	C:\windows\System32\msvcp_win.dll
0x00007ff999960000 - 0x00007ff999991000 	C:\windows\System32\IMM32.DLL
0x000001cb40660000 - 0x000001cb40676000 	C:\windows\System32\umppc20309.dll
0x00007ff98fef0000 - 0x00007ff98fefc000 	c:\Users\akumar29\.vscode\extensions\redhat.java-1.52.0-win32-x64\jre\21.0.9-win32-x86_64\bin\vcruntime140_1.dll
0x00007ff9519a0000 - 0x00007ff951a2d000 	c:\Users\akumar29\.vscode\extensions\redhat.java-1.52.0-win32-x64\jre\21.0.9-win32-x86_64\bin\msvcp140.dll
0x00007ff8de1e0000 - 0x00007ff8def80000 	c:\Users\akumar29\.vscode\extensions\redhat.java-1.52.0-win32-x64\jre\21.0.9-win32-x86_64\bin\server\jvm.dll
0x00007ff999bd0000 - 0x00007ff999c84000 	C:\windows\System32\ADVAPI32.dll
0x00007ff9999a0000 - 0x00007ff999a46000 	C:\windows\System32\sechost.dll
0x00007ff99b770000 - 0x00007ff99b888000 	C:\windows\System32\RPCRT4.dll
0x00007ff99b8a0000 - 0x00007ff99b914000 	C:\windows\System32\WS2_32.dll
0x00007ff998300000 - 0x00007ff99835e000 	C:\windows\SYSTEM32\POWRPROF.dll
0x00007ff9862f0000 - 0x00007ff986325000 	C:\windows\SYSTEM32\WINMM.dll
0x00007ff989af0000 - 0x00007ff989afb000 	C:\windows\SYSTEM32\VERSION.dll
0x00007ff9982e0000 - 0x00007ff9982f4000 	C:\windows\SYSTEM32\UMPDC.dll
0x00007ff9970d0000 - 0x00007ff9970eb000 	C:\windows\SYSTEM32\kernel.appcore.dll
0x00007ff98f780000 - 0x00007ff98f78a000 	c:\Users\akumar29\.vscode\extensions\redhat.java-1.52.0-win32-x64\jre\21.0.9-win32-x86_64\bin\jimage.dll
0x00007ff9891f0000 - 0x00007ff989432000 	C:\windows\SYSTEM32\DBGHELP.DLL
0x00007ff99af60000 - 0x00007ff99b2e6000 	C:\windows\System32\combase.dll
0x00007ff99b2f0000 - 0x00007ff99b3c7000 	C:\windows\System32\OLEAUT32.dll
0x00007ff969390000 - 0x00007ff9693cb000 	C:\windows\SYSTEM32\dbgcore.DLL
0x00007ff998e90000 - 0x00007ff998f35000 	C:\windows\System32\bcryptPrimitives.dll
0x00007ff98f4f0000 - 0x00007ff98f4ff000 	c:\Users\akumar29\.vscode\extensions\redhat.java-1.52.0-win32-x64\jre\21.0.9-win32-x86_64\bin\instrument.dll
0x00007ff978550000 - 0x00007ff978570000 	c:\Users\akumar29\.vscode\extensions\redhat.java-1.52.0-win32-x64\jre\21.0.9-win32-x86_64\bin\java.dll
0x00007ff99a3a0000 - 0x00007ff99aaf2000 	C:\windows\System32\SHELL32.dll
0x00007ff998d20000 - 0x00007ff998e8a000 	C:\windows\System32\wintypes.dll
0x00007ff9990f0000 - 0x00007ff999953000 	C:\windows\System32\windows.storage.dll
0x00007ff99b570000 - 0x00007ff99b666000 	C:\windows\System32\SHCORE.dll
0x00007ff99b940000 - 0x00007ff99b9a7000 	C:\windows\System32\shlwapi.dll
0x00007ff9983c0000 - 0x00007ff9983e9000 	C:\windows\SYSTEM32\profapi.dll
0x00007ff976c30000 - 0x00007ff976c48000 	c:\Users\akumar29\.vscode\extensions\redhat.java-1.52.0-win32-x64\jre\21.0.9-win32-x86_64\bin\zip.dll
0x00007ff9897b0000 - 0x00007ff9897c0000 	C:\Users\akumar29\.vscode\extensions\redhat.java-1.52.0-win32-x64\jre\21.0.9-win32-x86_64\bin\net.dll
0x00007ff9970f0000 - 0x00007ff997217000 	C:\windows\SYSTEM32\WINHTTP.dll
0x00007ff997750000 - 0x00007ff9977bb000 	C:\windows\system32\mswsock.dll
0x00007ff974c00000 - 0x00007ff974c16000 	C:\Users\akumar29\.vscode\extensions\redhat.java-1.52.0-win32-x64\jre\21.0.9-win32-x86_64\bin\nio.dll
0x00007ff989760000 - 0x00007ff989770000 	c:\Users\akumar29\.vscode\extensions\redhat.java-1.52.0-win32-x64\jre\21.0.9-win32-x86_64\bin\verify.dll
0x00007ff95a9f0000 - 0x00007ff95aa35000 	C:\Users\akumar29\AppData\Roaming\Code\User\globalStorage\redhat.java\1.52.0\config_ss_win\org.eclipse.equinox.launcher\org.eclipse.equinox.launcher.win32.win32.x86_64_1.2.1500.v20260121-1430\eclipse_11919.dll
0x00007ff99ab00000 - 0x00007ff99ac97000 	C:\windows\System32\ole32.dll
0x00007ff98f6d0000 - 0x00007ff98f6da000 	C:\Users\akumar29\.vscode\extensions\redhat.java-1.52.0-win32-x64\jre\21.0.9-win32-x86_64\bin\management.dll
0x00007ff98f6c0000 - 0x00007ff98f6cc000 	C:\Users\akumar29\.vscode\extensions\redhat.java-1.52.0-win32-x64\jre\21.0.9-win32-x86_64\bin\management_ext.dll
0x00007ff99bab0000 - 0x00007ff99bab8000 	C:\windows\System32\PSAPI.DLL

JVMTI agents:
c:\Users\akumar29\.vscode\extensions\redhat.java-1.52.0-win32-x64\lombok\lombok-1.18.39-4050.jar path:c:\Users\akumar29\.vscode\extensions\redhat.java-1.52.0-win32-x64\jre\21.0.9-win32-x86_64\bin\instrument.dll, loaded, initialized, instrumentlib options:none

dbghelp: loaded successfully - version: 4.0.5 - missing functions: none
symbol engine: initialized successfully - sym options: 0x614 - pdb path: .;c:\Users\akumar29\.vscode\extensions\redhat.java-1.52.0-win32-x64\jre\21.0.9-win32-x86_64\bin;C:\windows\SYSTEM32;C:\windows\WinSxS\amd64_microsoft.windows.common-controls_6595b64144ccf1df_6.0.26100.7824_none_3e0870b2e3345462;c:\Users\akumar29\.vscode\extensions\redhat.java-1.52.0-win32-x64\jre\21.0.9-win32-x86_64\bin\server;C:\Users\akumar29\AppData\Roaming\Code\User\globalStorage\redhat.java\1.52.0\config_ss_win\org.eclipse.equinox.launcher\org.eclipse.equinox.launcher.win32.win32.x86_64_1.2.1500.v20260121-1430

VM Arguments:
jvm_args: --add-modules=ALL-SYSTEM --add-opens=java.base/java.util=ALL-UNNAMED --add-opens=java.base/java.lang=ALL-UNNAMED --add-opens=java.base/sun.nio.fs=ALL-UNNAMED -Declipse.application=org.eclipse.jdt.ls.core.id1 -Dosgi.bundles.defaultStartLevel=4 -Declipse.product=org.eclipse.jdt.ls.core.product -Djava.import.generatesMetadataFilesAtProjectRoot=false -DDetectVMInstallationsJob.disabled=true -Dfile.encoding=utf8 -XX:+UseParallelGC -XX:GCTimeRatio=4 -XX:AdaptiveSizePolicyWeight=90 -Dsun.zip.disableMemoryMapping=true -Xmx2G -Xms100m -Xlog:disable -javaagent:c:\Users\akumar29\.vscode\extensions\redhat.java-1.52.0-win32-x64\lombok\lombok-1.18.39-4050.jar 
java_command: c:\Users\akumar29\.vscode\extensions\redhat.java-1.52.0-win32-x64\server\plugins\org.eclipse.equinox.launcher_1.7.100.v20251111-0406.jar -configuration c:\Users\akumar29\AppData\Roaming\Code\User\globalStorage\redhat.java\1.52.0\config_ss_win -data c:\Users\akumar29\AppData\Roaming\Code\User\workspaceStorage\6650025321ff11406e602522cd7e5464\redhat.java\ss_ws --pipe=\\.\pipe\lsp-0d9e369d42063db43d2c4d675d11ed29-sock
java_class_path (initial): c:\Users\akumar29\.vscode\extensions\redhat.java-1.52.0-win32-x64\server\plugins\org.eclipse.equinox.launcher_1.7.100.v20251111-0406.jar
Launcher Type: SUN_STANDARD

[Global flags]
    uintx AdaptiveSizePolicyWeight                 = 90                                        {product} {command line}
     intx CICompilerCount                          = 12                                        {product} {ergonomic}
    uintx GCTimeRatio                              = 4                                         {product} {command line}
   size_t InitialHeapSize                          = 104857600                                 {product} {command line}
   size_t MaxHeapSize                              = 2147483648                                {product} {command line}
   size_t MaxNewSize                               = 715653120                                 {product} {ergonomic}
   size_t MinHeapDeltaBytes                        = 524288                                    {product} {ergonomic}
   size_t MinHeapSize                              = 104857600                                 {product} {command line}
   size_t NewSize                                  = 34603008                                  {product} {ergonomic}
    uintx NonNMethodCodeHeapSize                   = 7602480                                {pd product} {ergonomic}
    uintx NonProfiledCodeHeapSize                  = 122027880                              {pd product} {ergonomic}
   size_t OldSize                                  = 70254592                                  {product} {ergonomic}
    uintx ProfiledCodeHeapSize                     = 122027880                              {pd product} {ergonomic}
    uintx ReservedCodeCacheSize                    = 251658240                              {pd product} {ergonomic}
     bool SegmentedCodeCache                       = true                                      {product} {ergonomic}
   size_t SoftMaxHeapSize                          = 2147483648                             {manageable} {ergonomic}
     bool UseCompressedOops                        = true                           {product lp64_product} {ergonomic}
     bool UseLargePagesIndividualAllocation        = false                                  {pd product} {ergonomic}
     bool UseParallelGC                            = true                                      {product} {command line}

Logging:
Log output configuration:
 #0: stdout all=off uptime,level,tags foldmultilines=false
 #1: stderr all=off uptime,level,tags foldmultilines=false

Release file:
JAVA_VERSION="21.0.9" 
MODULES="java.base java.compiler java.datatransfer java.xml java.prefs java.desktop java.instrument java.logging java.management java.security.sasl java.naming java.rmi java.management.rmi java.net.http java.scripting java.security.jgss java.transaction.xa java.sql java.sql.rowset java.xml.crypto java.se java.smartcardio jdk.accessibility jdk.internal.jvmstat jdk.attach jdk.charsets jdk.internal.opt jdk.zipfs jdk.compiler jdk.crypto.ec jdk.crypto.cryptoki jdk.crypto.mscapi jdk.dynalink jdk.internal.ed jdk.editpad jdk.hotspot.agent jdk.httpserver jdk.internal.le jdk.internal.vm.ci jdk.internal.vm.compiler jdk.internal.vm.compiler.management jdk.jartool jdk.javadoc jdk.jcmd jdk.management jdk.management.agent jdk.jconsole jdk.jdeps jdk.jdwp.agent jdk.jdi jdk.jfr jdk.jshell jdk.jsobject jdk.jstatd jdk.localedata jdk.management.jfr jdk.naming.dns jdk.naming.rmi jdk.net jdk.nio.mapmode jdk.random jdk.sctp jdk.security.auth jdk.security.jgss jdk.unsupported jdk.unsupported.desktop jdk.xml.dom" 

Environment Variables:
PATH=C:\Program Files\Common Files\Oracle\Java\javapath;C:\windows\system32;C:\windows;C:\windows\System32\Wbem;C:\windows\System32\WindowsPowerShell\v1.0\;C:\windows\System32\OpenSSH\;C:\Program Files\Java\jdk-25.0.2\bin;C:\Users\akumar29\Git\bin;C:\Users\akumar29\Git\cmd;C:\Program Files\nodejs\;C:\Users\akumar29\AppData\Local\Microsoft\WindowsApps;C:\Users\akumar29\AppData\Local\Programs\Microsoft VS Code\bin;C:\Users\akumar29\AppData\Local\Programs\Git\cmd;C:\Users\akumar29\AppData\Roaming\npm
USERNAME=akumar29
OS=Windows_NT
PROCESSOR_IDENTIFIER=Intel64 Family 6 Model 170 Stepping 4, GenuineIntel
TMP=C:\Users\akumar29\AppData\Local\Temp
TEMP=C:\Users\akumar29\AppData\Local\Temp




Periodic native trim disabled

---------------  S Y S T E M  ---------------

OS:
 Windows 11 , 64 bit Build 26100 (10.0.26100.7705)
OS uptime: 10 days 18:10 hours
Hyper-V role detected

CPU: total 22 (initial active 22) (11 cores per cpu, 2 threads per core) family 6 model 170 stepping 4 microcode 0x24, cx8, cmov, fxsr, ht, mmx, 3dnowpref, sse, sse2, sse3, ssse3, sse4.1, sse4.2, popcnt, lzcnt, tsc, tscinvbit, avx, avx2, aes, erms, clmul, bmi1, bmi2, adx, sha, fma, vzeroupper, clflush, clflushopt, clwb, hv, serialize, rdtscp, rdpid, fsrm, f16c, cet_ibt, cet_ss
Processor Information for processor 0
  Max Mhz: 1400, Current Mhz: 1400, Mhz Limit: 1400
Processor Information for processor 1
  Max Mhz: 1400, Current Mhz: 1400, Mhz Limit: 1400
Processor Information for processor 2
  Max Mhz: 900, Current Mhz: 900, Mhz Limit: 900
Processor Information for processor 3
  Max Mhz: 900, Current Mhz: 900, Mhz Limit: 900
Processor Information for processor 4
  Max Mhz: 900, Current Mhz: 900, Mhz Limit: 900
Processor Information for processor 5
  Max Mhz: 900, Current Mhz: 900, Mhz Limit: 900
Processor Information for processor 6
  Max Mhz: 900, Current Mhz: 900, Mhz Limit: 900
Processor Information for processor 7
  Max Mhz: 900, Current Mhz: 900, Mhz Limit: 900
Processor Information for processor 8
  Max Mhz: 900, Current Mhz: 900, Mhz Limit: 900
Processor Information for processor 9
  Max Mhz: 900, Current Mhz: 900, Mhz Limit: 900
Processor Information for processor 10
  Max Mhz: 1400, Current Mhz: 1400, Mhz Limit: 1400
Processor Information for processor 11
  Max Mhz: 1400, Current Mhz: 1400, Mhz Limit: 1400
Processor Information for processor 12
  Max Mhz: 1400, Current Mhz: 1400, Mhz Limit: 1400
Processor Information for processor 13
  Max Mhz: 1400, Current Mhz: 1400, Mhz Limit: 1400
Processor Information for processor 14
  Max Mhz: 1400, Current Mhz: 1400, Mhz Limit: 1400
Processor Information for processor 15
  Max Mhz: 1400, Current Mhz: 1400, Mhz Limit: 1400
Processor Information for processor 16
  Max Mhz: 1400, Current Mhz: 1400, Mhz Limit: 1400
Processor Information for processor 17
  Max Mhz: 1400, Current Mhz: 1400, Mhz Limit: 1400
Processor Information for processor 18
  Max Mhz: 1400, Current Mhz: 1400, Mhz Limit: 1400
Processor Information for processor 19
  Max Mhz: 1400, Current Mhz: 1400, Mhz Limit: 1400
Processor Information for processor 20
  Max Mhz: 700, Current Mhz: 700, Mhz Limit: 700
Processor Information for processor 21
  Max Mhz: 700, Current Mhz: 700, Mhz Limit: 700

Memory: 4k page, system-wide physical 15804M (2000M free)
TotalPageFile size 64956M (AvailPageFile size 2M)
current process WorkingSet (physical memory assigned to process): 115M, peak: 115M
current process commit charge ("private bytes"): 282M, peak: 282M

vm_info: OpenJDK 64-Bit Server VM (21.0.9+10-LTS) for windows-amd64 JRE (21.0.9+10-LTS), built on 2025-10-21T00:00:00Z by "admin" with unknown MS VC++:1942

END.
